{"/home/docker/Jenkins/workspace/validation-stack/src/UserValidation.js":{"path":"/home/docker/Jenkins/workspace/validation-stack/src/UserValidation.js","s":{"1":1,"2":1,"3":1,"4":1,"5":1,"6":1,"7":1,"8":1,"9":1,"10":1,"11":1,"12":1,"13":1,"14":1,"15":1,"16":1,"17":1,"18":400,"19":1,"20":400,"21":400,"22":100,"23":1,"24":1,"25":0,"26":0,"27":0,"28":1,"29":1,"30":0,"31":0,"32":0,"33":1,"34":1,"35":0,"36":0,"37":0,"38":1,"39":1,"40":0,"41":0,"42":0,"43":1,"44":1,"45":0,"46":0,"47":0,"48":0,"49":0,"50":0,"51":0,"52":0,"53":1,"54":1,"55":0,"56":0,"57":0,"58":1,"59":1,"60":0,"61":0,"62":0,"63":1,"64":1,"65":200,"66":200,"67":100,"68":1},"b":{"1":[0,1],"2":[1,1],"3":[300,100],"4":[200,200],"5":[0,0],"6":[0,0],"7":[0,0],"8":[100,100]},"f":{"1":1,"2":1,"3":400,"4":400,"5":400,"6":100,"7":0,"8":0,"9":0,"10":0,"11":0,"12":0,"13":0,"14":0,"15":0,"16":0,"17":0,"18":0,"19":0,"20":0,"21":0,"22":0,"23":0,"24":0,"25":0,"26":0,"27":0,"28":200,"29":200,"30":100},"fnMap":{"1":{"name":"_interopRequireDefault","line":0,"loc":{"start":{"line":0,"column":0},"end":{"line":0,"column":0}},"skip":true},"2":{"name":"(anonymous_2)","line":10,"loc":{"start":{"line":10,"column":17},"end":{"line":10,"column":30}}},"3":{"name":"verifyUsername","line":31,"loc":{"start":{"line":31,"column":11},"end":{"line":31,"column":36}}},"4":{"name":"isUsernameAlphanumeric","line":39,"loc":{"start":{"line":39,"column":13},"end":{"line":39,"column":46}}},"5":{"name":"isUsernameLength","line":54,"loc":{"start":{"line":54,"column":13},"end":{"line":54,"column":40}}},"6":{"name":"(anonymous_6)","line":63,"loc":{"start":{"line":63,"column":29},"end":{"line":63,"column":39}}},"7":{"name":"verifyPassword","line":76,"loc":{"start":{"line":76,"column":11},"end":{"line":76,"column":36}}},"8":{"name":"isPasswordLength","line":84,"loc":{"start":{"line":84,"column":13},"end":{"line":84,"column":40}}},"9":{"name":"(anonymous_9)","line":93,"loc":{"start":{"line":93,"column":29},"end":{"line":93,"column":34}}},"10":{"name":"verifyType","line":105,"loc":{"start":{"line":105,"column":11},"end":{"line":105,"column":28}}},"11":{"name":"isTypeEnumUserType","line":113,"loc":{"start":{"line":113,"column":13},"end":{"line":113,"column":38}}},"12":{"name":"(anonymous_12)","line":120,"loc":{"start":{"line":120,"column":29},"end":{"line":120,"column":34}}},"13":{"name":"verifyStatus","line":132,"loc":{"start":{"line":132,"column":11},"end":{"line":132,"column":32}}},"14":{"name":"isStatusEnumUserStatus","line":140,"loc":{"start":{"line":140,"column":13},"end":{"line":140,"column":44}}},"15":{"name":"(anonymous_15)","line":147,"loc":{"start":{"line":147,"column":29},"end":{"line":147,"column":34}}},"16":{"name":"verifyGender","line":159,"loc":{"start":{"line":159,"column":11},"end":{"line":159,"column":32}}},"17":{"name":"isGenderEnumGender","line":167,"loc":{"start":{"line":167,"column":13},"end":{"line":167,"column":40}}},"18":{"name":"(anonymous_18)","line":174,"loc":{"start":{"line":174,"column":29},"end":{"line":174,"column":34}}},"19":{"name":"verifyBirthday","line":186,"loc":{"start":{"line":186,"column":11},"end":{"line":186,"column":36}}},"20":{"name":"isBirthdayInRnage","line":194,"loc":{"start":{"line":194,"column":13},"end":{"line":194,"column":41}}},"21":{"name":"(anonymous_21)","line":210,"loc":{"start":{"line":210,"column":29},"end":{"line":210,"column":34}}},"22":{"name":"verifyAgeGroup","line":222,"loc":{"start":{"line":222,"column":11},"end":{"line":222,"column":36}}},"23":{"name":"matchesEnumAgeGroup","line":230,"loc":{"start":{"line":230,"column":13},"end":{"line":230,"column":43}}},"24":{"name":"(anonymous_24)","line":237,"loc":{"start":{"line":237,"column":29},"end":{"line":237,"column":34}}},"25":{"name":"verifyHoroscope","line":249,"loc":{"start":{"line":249,"column":11},"end":{"line":249,"column":38}}},"26":{"name":"matchesEnumHoroscope","line":257,"loc":{"start":{"line":257,"column":13},"end":{"line":257,"column":45}}},"27":{"name":"(anonymous_27)","line":264,"loc":{"start":{"line":264,"column":29},"end":{"line":264,"column":34}}},"28":{"name":"verifyWhatsUp","line":276,"loc":{"start":{"line":276,"column":11},"end":{"line":276,"column":34}}},"29":{"name":"isWhatsUpLength","line":283,"loc":{"start":{"line":283,"column":13},"end":{"line":283,"column":38}}},"30":{"name":"(anonymous_30)","line":292,"loc":{"start":{"line":292,"column":29},"end":{"line":292,"column":34}}}},"statementMap":{"1":{"start":{"line":0,"column":0},"end":{"line":0,"column":0},"skip":true},"2":{"start":{"line":0,"column":0},"end":{"line":0,"column":0},"skip":true},"3":{"start":{"line":0,"column":0},"end":{"line":0,"column":0},"skip":true},"4":{"start":{"line":0,"column":0},"end":{"line":0,"column":0},"skip":true},"5":{"start":{"line":0,"column":0},"end":{"line":0,"column":0},"skip":true},"6":{"start":{"line":0,"column":0},"end":{"line":0,"column":0},"skip":true},"7":{"start":{"line":10,"column":0},"end":{"line":null,"column":null}},"8":{"start":{"line":11,"column":8},"end":{"line":11,"column":39}},"9":{"start":{"line":12,"column":8},"end":{"line":12,"column":31}},"10":{"start":{"line":13,"column":8},"end":{"line":13,"column":35}},"11":{"start":{"line":14,"column":8},"end":{"line":14,"column":27}},"12":{"start":{"line":15,"column":8},"end":{"line":15,"column":31}},"13":{"start":{"line":16,"column":8},"end":{"line":16,"column":33}},"14":{"start":{"line":18,"column":8},"end":{"line":18,"column":39}},"15":{"start":{"line":19,"column":8},"end":{"line":null,"column":null}},"16":{"start":{"line":31,"column":11},"end":{"line":68,"column":3}},"17":{"start":{"line":39,"column":13},"end":{"line":46,"column":5}},"18":{"start":{"line":40,"column":13},"end":{"line":45,"column":12}},"19":{"start":{"line":54,"column":13},"end":{"line":61,"column":5}},"20":{"start":{"line":55,"column":13},"end":{"line":60,"column":12}},"21":{"start":{"line":63,"column":11},"end":{"line":67,"column":38}},"22":{"start":{"line":64,"column":13},"end":{"line":64,"column":20}},"23":{"start":{"line":76,"column":11},"end":{"line":97,"column":3}},"24":{"start":{"line":84,"column":13},"end":{"line":91,"column":5}},"25":{"start":{"line":85,"column":13},"end":{"line":90,"column":12}},"26":{"start":{"line":93,"column":11},"end":{"line":96,"column":38}},"27":{"start":{"line":94,"column":13},"end":{"line":94,"column":17}},"28":{"start":{"line":105,"column":11},"end":{"line":124,"column":3}},"29":{"start":{"line":113,"column":13},"end":{"line":118,"column":5}},"30":{"start":{"line":114,"column":13},"end":{"line":117,"column":10}},"31":{"start":{"line":120,"column":11},"end":{"line":123,"column":36}},"32":{"start":{"line":121,"column":13},"end":{"line":121,"column":17}},"33":{"start":{"line":132,"column":11},"end":{"line":151,"column":3}},"34":{"start":{"line":140,"column":13},"end":{"line":145,"column":5}},"35":{"start":{"line":141,"column":13},"end":{"line":144,"column":10}},"36":{"start":{"line":147,"column":11},"end":{"line":150,"column":42}},"37":{"start":{"line":148,"column":13},"end":{"line":148,"column":17}},"38":{"start":{"line":159,"column":11},"end":{"line":178,"column":3}},"39":{"start":{"line":167,"column":13},"end":{"line":172,"column":5}},"40":{"start":{"line":168,"column":13},"end":{"line":171,"column":10}},"41":{"start":{"line":174,"column":11},"end":{"line":177,"column":38}},"42":{"start":{"line":175,"column":13},"end":{"line":175,"column":17}},"43":{"start":{"line":186,"column":11},"end":{"line":214,"column":3}},"44":{"start":{"line":194,"column":13},"end":{"line":208,"column":5}},"45":{"start":{"line":195,"column":12},"end":{"line":195,"column":37}},"46":{"start":{"line":196,"column":12},"end":{"line":196,"column":40}},"47":{"start":{"line":197,"column":12},"end":{"line":197,"column":40}},"48":{"start":{"line":199,"column":9},"end":{"line":199,"column":51}},"49":{"start":{"line":200,"column":9},"end":{"line":200,"column":50}},"50":{"start":{"line":202,"column":13},"end":{"line":207,"column":12}},"51":{"start":{"line":210,"column":11},"end":{"line":213,"column":39}},"52":{"start":{"line":211,"column":13},"end":{"line":211,"column":17}},"53":{"start":{"line":222,"column":11},"end":{"line":241,"column":3}},"54":{"start":{"line":230,"column":13},"end":{"line":235,"column":5}},"55":{"start":{"line":231,"column":13},"end":{"line":234,"column":10}},"56":{"start":{"line":237,"column":11},"end":{"line":240,"column":41}},"57":{"start":{"line":238,"column":13},"end":{"line":238,"column":17}},"58":{"start":{"line":249,"column":11},"end":{"line":268,"column":3}},"59":{"start":{"line":257,"column":13},"end":{"line":262,"column":5}},"60":{"start":{"line":258,"column":13},"end":{"line":261,"column":10}},"61":{"start":{"line":264,"column":11},"end":{"line":267,"column":43}},"62":{"start":{"line":265,"column":13},"end":{"line":265,"column":17}},"63":{"start":{"line":276,"column":11},"end":{"line":296,"column":3}},"64":{"start":{"line":283,"column":13},"end":{"line":290,"column":5}},"65":{"start":{"line":284,"column":13},"end":{"line":289,"column":12}},"66":{"start":{"line":292,"column":11},"end":{"line":295,"column":36}},"67":{"start":{"line":293,"column":13},"end":{"line":293,"column":17}},"68":{"start":{"line":298,"column":9},"end":{"line":308,"column":4}}},"branchMap":{"1":{"line":0,"type":"cond-expr","locations":[{"start":{"line":0,"column":0},"end":{"line":0,"column":0},"skip":true},{"start":{"line":0,"column":0},"end":{"line":0,"column":0},"skip":true}]},"2":{"line":0,"type":"binary-expr","locations":[{"start":{"line":0,"column":0},"end":{"line":0,"column":0},"skip":true},{"start":{"line":0,"column":0},"end":{"line":0,"column":0},"skip":true}]},"3":{"line":41,"type":"cond-expr","locations":[{"start":{"line":41,"column":8},"end":{"line":41,"column":25}},{"start":{"line":42,"column":8},"end":{"line":45,"column":11}}]},"4":{"line":56,"type":"cond-expr","locations":[{"start":{"line":56,"column":8},"end":{"line":56,"column":25}},{"start":{"line":57,"column":8},"end":{"line":60,"column":11}}]},"5":{"line":86,"type":"cond-expr","locations":[{"start":{"line":86,"column":8},"end":{"line":86,"column":25}},{"start":{"line":87,"column":8},"end":{"line":90,"column":11}}]},"6":{"line":203,"type":"cond-expr","locations":[{"start":{"line":203,"column":8},"end":{"line":203,"column":25}},{"start":{"line":204,"column":8},"end":{"line":207,"column":11}}]},"7":{"line":202,"type":"binary-expr","locations":[{"start":{"line":202,"column":13},"end":{"line":202,"column":45}},{"start":{"line":202,"column":49},"end":{"line":202,"column":82}}]},"8":{"line":285,"type":"cond-expr","locations":[{"start":{"line":285,"column":8},"end":{"line":285,"column":24}},{"start":{"line":286,"column":8},"end":{"line":289,"column":11}}]}}}}