{"/home/docker/Jenkins/workspace/cloudmodel/models/business/Business.js":{"path":"/home/docker/Jenkins/workspace/cloudmodel/models/business/Business.js","s":{"1":1,"2":1,"3":1,"4":0,"5":0,"6":1,"7":0,"8":0,"9":1,"10":0,"11":0,"12":1,"13":0,"14":0,"15":1,"16":0,"17":0,"18":1,"19":0,"20":0,"21":1,"22":0,"23":0,"24":1,"25":0,"26":0,"27":1},"b":{},"f":{"1":1,"2":1,"3":0,"4":0,"5":0,"6":0,"7":0,"8":0,"9":0,"10":0,"11":0,"12":0,"13":0,"14":0,"15":0,"16":0,"17":0,"18":0},"fnMap":{"1":{"name":"(anonymous_1)","line":3,"loc":{"start":{"line":3,"column":15},"end":{"line":3,"column":28}}},"2":{"name":"(anonymous_2)","line":11,"loc":{"start":{"line":11,"column":16},"end":{"line":11,"column":27}}},"3":{"name":"(anonymous_3)","line":47,"loc":{"start":{"line":47,"column":13},"end":{"line":47,"column":24}}},"4":{"name":"(anonymous_4)","line":50,"loc":{"start":{"line":50,"column":13},"end":{"line":50,"column":29}}},"5":{"name":"(anonymous_5)","line":62,"loc":{"start":{"line":62,"column":13},"end":{"line":62,"column":24}}},"6":{"name":"(anonymous_6)","line":65,"loc":{"start":{"line":65,"column":13},"end":{"line":65,"column":29}}},"7":{"name":"(anonymous_7)","line":77,"loc":{"start":{"line":77,"column":13},"end":{"line":77,"column":24}}},"8":{"name":"(anonymous_8)","line":80,"loc":{"start":{"line":80,"column":13},"end":{"line":80,"column":29}}},"9":{"name":"(anonymous_9)","line":92,"loc":{"start":{"line":92,"column":13},"end":{"line":92,"column":24}}},"10":{"name":"(anonymous_10)","line":95,"loc":{"start":{"line":95,"column":13},"end":{"line":95,"column":29}}},"11":{"name":"(anonymous_11)","line":107,"loc":{"start":{"line":107,"column":13},"end":{"line":107,"column":24}}},"12":{"name":"(anonymous_12)","line":110,"loc":{"start":{"line":110,"column":13},"end":{"line":110,"column":29}}},"13":{"name":"(anonymous_13)","line":122,"loc":{"start":{"line":122,"column":13},"end":{"line":122,"column":24}}},"14":{"name":"(anonymous_14)","line":125,"loc":{"start":{"line":125,"column":13},"end":{"line":125,"column":29}}},"15":{"name":"(anonymous_15)","line":137,"loc":{"start":{"line":137,"column":13},"end":{"line":137,"column":24}}},"16":{"name":"(anonymous_16)","line":140,"loc":{"start":{"line":140,"column":13},"end":{"line":140,"column":29}}},"17":{"name":"(anonymous_17)","line":152,"loc":{"start":{"line":152,"column":13},"end":{"line":152,"column":24}}},"18":{"name":"(anonymous_18)","line":155,"loc":{"start":{"line":155,"column":13},"end":{"line":155,"column":29}}}},"statementMap":{"1":{"start":{"line":3,"column":0},"end":{"line":165,"column":2}},"2":{"start":{"line":9,"column":9},"end":{"line":164,"column":5}},"3":{"start":{"line":46,"column":12},"end":{"line":null,"column":null}},"4":{"start":{"line":48,"column":17},"end":{"line":48,"column":34}},"5":{"start":{"line":51,"column":14},"end":{"line":51,"column":34}},"6":{"start":{"line":61,"column":12},"end":{"line":null,"column":null}},"7":{"start":{"line":63,"column":17},"end":{"line":63,"column":35}},"8":{"start":{"line":66,"column":14},"end":{"line":66,"column":35}},"9":{"start":{"line":76,"column":12},"end":{"line":null,"column":null}},"10":{"start":{"line":78,"column":17},"end":{"line":78,"column":35}},"11":{"start":{"line":81,"column":14},"end":{"line":81,"column":35}},"12":{"start":{"line":91,"column":12},"end":{"line":null,"column":null}},"13":{"start":{"line":93,"column":17},"end":{"line":93,"column":37}},"14":{"start":{"line":96,"column":14},"end":{"line":96,"column":37}},"15":{"start":{"line":106,"column":12},"end":{"line":null,"column":null}},"16":{"start":{"line":108,"column":17},"end":{"line":108,"column":37}},"17":{"start":{"line":111,"column":14},"end":{"line":111,"column":37}},"18":{"start":{"line":121,"column":12},"end":{"line":null,"column":null}},"19":{"start":{"line":123,"column":17},"end":{"line":123,"column":40}},"20":{"start":{"line":126,"column":14},"end":{"line":126,"column":40}},"21":{"start":{"line":136,"column":12},"end":{"line":null,"column":null}},"22":{"start":{"line":138,"column":17},"end":{"line":138,"column":41}},"23":{"start":{"line":141,"column":14},"end":{"line":141,"column":41}},"24":{"start":{"line":151,"column":12},"end":{"line":159,"column":9}},"25":{"start":{"line":153,"column":17},"end":{"line":153,"column":38}},"26":{"start":{"line":156,"column":14},"end":{"line":156,"column":38}},"27":{"start":{"line":167,"column":0},"end":{"line":167,"column":26}}},"branchMap":{}},"/home/docker/Jenkins/workspace/cloudmodel/models/geographic/Address.js":{"path":"/home/docker/Jenkins/workspace/cloudmodel/models/geographic/Address.js","s":{"1":1,"2":1,"3":1,"4":0,"5":0,"6":1,"7":0,"8":0,"9":1,"10":0,"11":0,"12":1,"13":0,"14":0,"15":1,"16":0,"17":0,"18":1,"19":0,"20":0,"21":1},"b":{},"f":{"1":1,"2":1,"3":0,"4":0,"5":0,"6":0,"7":0,"8":0,"9":0,"10":0,"11":0,"12":0,"13":0,"14":0},"fnMap":{"1":{"name":"(anonymous_1)","line":3,"loc":{"start":{"line":3,"column":14},"end":{"line":3,"column":27}}},"2":{"name":"(anonymous_2)","line":10,"loc":{"start":{"line":10,"column":16},"end":{"line":10,"column":27}}},"3":{"name":"(anonymous_3)","line":12,"loc":{"start":{"line":12,"column":13},"end":{"line":12,"column":24}}},"4":{"name":"(anonymous_4)","line":15,"loc":{"start":{"line":15,"column":13},"end":{"line":15,"column":29}}},"5":{"name":"(anonymous_5)","line":22,"loc":{"start":{"line":22,"column":13},"end":{"line":22,"column":24}}},"6":{"name":"(anonymous_6)","line":25,"loc":{"start":{"line":25,"column":13},"end":{"line":25,"column":29}}},"7":{"name":"(anonymous_7)","line":32,"loc":{"start":{"line":32,"column":13},"end":{"line":32,"column":24}}},"8":{"name":"(anonymous_8)","line":35,"loc":{"start":{"line":35,"column":13},"end":{"line":35,"column":29}}},"9":{"name":"(anonymous_9)","line":42,"loc":{"start":{"line":42,"column":13},"end":{"line":42,"column":24}}},"10":{"name":"(anonymous_10)","line":45,"loc":{"start":{"line":45,"column":13},"end":{"line":45,"column":29}}},"11":{"name":"(anonymous_11)","line":52,"loc":{"start":{"line":52,"column":13},"end":{"line":52,"column":24}}},"12":{"name":"(anonymous_12)","line":55,"loc":{"start":{"line":55,"column":13},"end":{"line":55,"column":29}}},"13":{"name":"(anonymous_13)","line":62,"loc":{"start":{"line":62,"column":13},"end":{"line":62,"column":24}}},"14":{"name":"(anonymous_14)","line":65,"loc":{"start":{"line":65,"column":13},"end":{"line":65,"column":29}}}},"statementMap":{"1":{"start":{"line":3,"column":0},"end":{"line":75,"column":2}},"2":{"start":{"line":9,"column":9},"end":{"line":74,"column":5}},"3":{"start":{"line":11,"column":12},"end":{"line":19,"column":9}},"4":{"start":{"line":13,"column":17},"end":{"line":13,"column":36}},"5":{"start":{"line":16,"column":14},"end":{"line":16,"column":36}},"6":{"start":{"line":21,"column":12},"end":{"line":29,"column":9}},"7":{"start":{"line":23,"column":17},"end":{"line":23,"column":36}},"8":{"start":{"line":26,"column":14},"end":{"line":26,"column":36}},"9":{"start":{"line":31,"column":12},"end":{"line":39,"column":9}},"10":{"start":{"line":33,"column":17},"end":{"line":33,"column":40}},"11":{"start":{"line":36,"column":14},"end":{"line":36,"column":40}},"12":{"start":{"line":41,"column":12},"end":{"line":49,"column":9}},"13":{"start":{"line":43,"column":17},"end":{"line":43,"column":41}},"14":{"start":{"line":46,"column":14},"end":{"line":46,"column":41}},"15":{"start":{"line":51,"column":12},"end":{"line":59,"column":9}},"16":{"start":{"line":53,"column":17},"end":{"line":53,"column":41}},"17":{"start":{"line":56,"column":14},"end":{"line":56,"column":41}},"18":{"start":{"line":61,"column":12},"end":{"line":69,"column":9}},"19":{"start":{"line":63,"column":17},"end":{"line":63,"column":38}},"20":{"start":{"line":66,"column":14},"end":{"line":66,"column":38}},"21":{"start":{"line":77,"column":0},"end":{"line":77,"column":25}}},"branchMap":{}},"/home/docker/Jenkins/workspace/cloudmodel/models/geographic/Region.js":{"path":"/home/docker/Jenkins/workspace/cloudmodel/models/geographic/Region.js","s":{"1":1,"2":1,"3":1,"4":0,"5":0,"6":1,"7":0,"8":0,"9":1,"10":0,"11":0,"12":1,"13":0,"14":0,"15":1,"16":0,"17":0,"18":1,"19":0,"20":0,"21":1},"b":{},"f":{"1":1,"2":1,"3":0,"4":0,"5":0,"6":0,"7":0,"8":0,"9":0,"10":0,"11":0,"12":0,"13":0,"14":0},"fnMap":{"1":{"name":"(anonymous_1)","line":6,"loc":{"start":{"line":6,"column":13},"end":{"line":6,"column":26}}},"2":{"name":"(anonymous_2)","line":13,"loc":{"start":{"line":13,"column":16},"end":{"line":13,"column":27}}},"3":{"name":"(anonymous_3)","line":15,"loc":{"start":{"line":15,"column":13},"end":{"line":15,"column":24}}},"4":{"name":"(anonymous_4)","line":18,"loc":{"start":{"line":18,"column":13},"end":{"line":18,"column":29}}},"5":{"name":"(anonymous_5)","line":25,"loc":{"start":{"line":25,"column":13},"end":{"line":25,"column":24}}},"6":{"name":"(anonymous_6)","line":28,"loc":{"start":{"line":28,"column":13},"end":{"line":28,"column":29}}},"7":{"name":"(anonymous_7)","line":35,"loc":{"start":{"line":35,"column":13},"end":{"line":35,"column":24}}},"8":{"name":"(anonymous_8)","line":38,"loc":{"start":{"line":38,"column":13},"end":{"line":38,"column":29}}},"9":{"name":"(anonymous_9)","line":45,"loc":{"start":{"line":45,"column":13},"end":{"line":45,"column":24}}},"10":{"name":"(anonymous_10)","line":48,"loc":{"start":{"line":48,"column":13},"end":{"line":48,"column":29}}},"11":{"name":"(anonymous_11)","line":55,"loc":{"start":{"line":55,"column":13},"end":{"line":55,"column":24}}},"12":{"name":"(anonymous_12)","line":58,"loc":{"start":{"line":58,"column":13},"end":{"line":58,"column":29}}},"13":{"name":"(anonymous_13)","line":65,"loc":{"start":{"line":65,"column":13},"end":{"line":65,"column":24}}},"14":{"name":"(anonymous_14)","line":68,"loc":{"start":{"line":68,"column":13},"end":{"line":68,"column":29}}}},"statementMap":{"1":{"start":{"line":6,"column":0},"end":{"line":78,"column":2}},"2":{"start":{"line":12,"column":9},"end":{"line":77,"column":5}},"3":{"start":{"line":14,"column":12},"end":{"line":22,"column":9}},"4":{"start":{"line":16,"column":17},"end":{"line":16,"column":34}},"5":{"start":{"line":19,"column":14},"end":{"line":19,"column":34}},"6":{"start":{"line":24,"column":12},"end":{"line":32,"column":9}},"7":{"start":{"line":26,"column":17},"end":{"line":26,"column":41}},"8":{"start":{"line":29,"column":14},"end":{"line":29,"column":41}},"9":{"start":{"line":34,"column":12},"end":{"line":42,"column":9}},"10":{"start":{"line":36,"column":17},"end":{"line":36,"column":41}},"11":{"start":{"line":39,"column":14},"end":{"line":39,"column":41}},"12":{"start":{"line":44,"column":12},"end":{"line":52,"column":9}},"13":{"start":{"line":46,"column":17},"end":{"line":46,"column":41}},"14":{"start":{"line":49,"column":14},"end":{"line":49,"column":41}},"15":{"start":{"line":54,"column":12},"end":{"line":62,"column":9}},"16":{"start":{"line":56,"column":17},"end":{"line":56,"column":35}},"17":{"start":{"line":59,"column":14},"end":{"line":59,"column":35}},"18":{"start":{"line":64,"column":12},"end":{"line":72,"column":9}},"19":{"start":{"line":66,"column":17},"end":{"line":66,"column":41}},"20":{"start":{"line":69,"column":14},"end":{"line":69,"column":41}},"21":{"start":{"line":80,"column":0},"end":{"line":80,"column":24}}},"branchMap":{}},"/home/docker/Jenkins/workspace/cloudmodel/models/user/User.js":{"path":"/home/docker/Jenkins/workspace/cloudmodel/models/user/User.js","s":{"1":1,"2":1,"3":1,"4":0,"5":0,"6":1,"7":0,"8":0,"9":1,"10":0,"11":0,"12":1,"13":0,"14":0,"15":1,"16":0,"17":0,"18":1,"19":0,"20":0,"21":1,"22":0,"23":0,"24":1,"25":0,"26":0,"27":1,"28":0,"29":0,"30":1,"31":0,"32":0,"33":1,"34":0,"35":0,"36":1,"37":0,"38":0,"39":1,"40":0,"41":0,"42":1,"43":0,"44":0,"45":1,"46":0,"47":0,"48":1,"49":0,"50":0,"51":1,"52":0,"53":0,"54":1,"55":0,"56":0,"57":1,"58":0,"59":0,"60":1,"61":0,"62":0,"63":1,"64":0,"65":0,"66":1,"67":0,"68":0,"69":1,"70":0,"71":0,"72":1,"73":0,"74":0,"75":1},"b":{},"f":{"1":1,"2":1,"3":0,"4":0,"5":0,"6":0,"7":0,"8":0,"9":0,"10":0,"11":0,"12":0,"13":0,"14":0,"15":0,"16":0,"17":0,"18":0,"19":0,"20":0,"21":0,"22":0,"23":0,"24":0,"25":0,"26":0,"27":0,"28":0,"29":0,"30":0,"31":0,"32":0,"33":0,"34":0,"35":0,"36":0,"37":0,"38":0,"39":0,"40":0,"41":0,"42":0,"43":0,"44":0,"45":0,"46":0,"47":0,"48":0,"49":0,"50":0},"fnMap":{"1":{"name":"(anonymous_1)","line":3,"loc":{"start":{"line":3,"column":11},"end":{"line":3,"column":24}}},"2":{"name":"(anonymous_2)","line":12,"loc":{"start":{"line":12,"column":16},"end":{"line":12,"column":27}}},"3":{"name":"(anonymous_3)","line":18,"loc":{"start":{"line":18,"column":13},"end":{"line":18,"column":24}}},"4":{"name":"(anonymous_4)","line":21,"loc":{"start":{"line":21,"column":13},"end":{"line":21,"column":29}}},"5":{"name":"(anonymous_5)","line":32,"loc":{"start":{"line":32,"column":13},"end":{"line":32,"column":24}}},"6":{"name":"(anonymous_6)","line":35,"loc":{"start":{"line":35,"column":13},"end":{"line":35,"column":29}}},"7":{"name":"(anonymous_7)","line":46,"loc":{"start":{"line":46,"column":13},"end":{"line":46,"column":24}}},"8":{"name":"(anonymous_8)","line":49,"loc":{"start":{"line":49,"column":13},"end":{"line":49,"column":29}}},"9":{"name":"(anonymous_9)","line":60,"loc":{"start":{"line":60,"column":13},"end":{"line":60,"column":24}}},"10":{"name":"(anonymous_10)","line":63,"loc":{"start":{"line":63,"column":13},"end":{"line":63,"column":29}}},"11":{"name":"(anonymous_11)","line":74,"loc":{"start":{"line":74,"column":13},"end":{"line":74,"column":24}}},"12":{"name":"(anonymous_12)","line":77,"loc":{"start":{"line":77,"column":13},"end":{"line":77,"column":29}}},"13":{"name":"(anonymous_13)","line":88,"loc":{"start":{"line":88,"column":13},"end":{"line":88,"column":24}}},"14":{"name":"(anonymous_14)","line":91,"loc":{"start":{"line":91,"column":13},"end":{"line":91,"column":29}}},"15":{"name":"(anonymous_15)","line":102,"loc":{"start":{"line":102,"column":13},"end":{"line":102,"column":24}}},"16":{"name":"(anonymous_16)","line":105,"loc":{"start":{"line":105,"column":13},"end":{"line":105,"column":29}}},"17":{"name":"(anonymous_17)","line":116,"loc":{"start":{"line":116,"column":13},"end":{"line":116,"column":24}}},"18":{"name":"(anonymous_18)","line":119,"loc":{"start":{"line":119,"column":13},"end":{"line":119,"column":29}}},"19":{"name":"(anonymous_19)","line":130,"loc":{"start":{"line":130,"column":13},"end":{"line":130,"column":24}}},"20":{"name":"(anonymous_20)","line":133,"loc":{"start":{"line":133,"column":13},"end":{"line":133,"column":29}}},"21":{"name":"(anonymous_21)","line":144,"loc":{"start":{"line":144,"column":13},"end":{"line":144,"column":24}}},"22":{"name":"(anonymous_22)","line":147,"loc":{"start":{"line":147,"column":13},"end":{"line":147,"column":29}}},"23":{"name":"(anonymous_23)","line":158,"loc":{"start":{"line":158,"column":13},"end":{"line":158,"column":24}}},"24":{"name":"(anonymous_24)","line":161,"loc":{"start":{"line":161,"column":13},"end":{"line":161,"column":29}}},"25":{"name":"(anonymous_25)","line":172,"loc":{"start":{"line":172,"column":13},"end":{"line":172,"column":24}}},"26":{"name":"(anonymous_26)","line":175,"loc":{"start":{"line":175,"column":13},"end":{"line":175,"column":29}}},"27":{"name":"(anonymous_27)","line":186,"loc":{"start":{"line":186,"column":13},"end":{"line":186,"column":24}}},"28":{"name":"(anonymous_28)","line":189,"loc":{"start":{"line":189,"column":13},"end":{"line":189,"column":29}}},"29":{"name":"(anonymous_29)","line":200,"loc":{"start":{"line":200,"column":13},"end":{"line":200,"column":24}}},"30":{"name":"(anonymous_30)","line":203,"loc":{"start":{"line":203,"column":13},"end":{"line":203,"column":29}}},"31":{"name":"(anonymous_31)","line":214,"loc":{"start":{"line":214,"column":13},"end":{"line":214,"column":24}}},"32":{"name":"(anonymous_32)","line":217,"loc":{"start":{"line":217,"column":13},"end":{"line":217,"column":29}}},"33":{"name":"(anonymous_33)","line":229,"loc":{"start":{"line":229,"column":13},"end":{"line":229,"column":24}}},"34":{"name":"(anonymous_34)","line":232,"loc":{"start":{"line":232,"column":13},"end":{"line":232,"column":29}}},"35":{"name":"(anonymous_35)","line":244,"loc":{"start":{"line":244,"column":13},"end":{"line":244,"column":24}}},"36":{"name":"(anonymous_36)","line":247,"loc":{"start":{"line":247,"column":13},"end":{"line":247,"column":29}}},"37":{"name":"(anonymous_37)","line":260,"loc":{"start":{"line":260,"column":13},"end":{"line":260,"column":24}}},"38":{"name":"(anonymous_38)","line":263,"loc":{"start":{"line":263,"column":13},"end":{"line":263,"column":29}}},"39":{"name":"(anonymous_39)","line":275,"loc":{"start":{"line":275,"column":13},"end":{"line":275,"column":24}}},"40":{"name":"(anonymous_40)","line":278,"loc":{"start":{"line":278,"column":13},"end":{"line":278,"column":29}}},"41":{"name":"(anonymous_41)","line":290,"loc":{"start":{"line":290,"column":13},"end":{"line":290,"column":24}}},"42":{"name":"(anonymous_42)","line":293,"loc":{"start":{"line":293,"column":13},"end":{"line":293,"column":29}}},"43":{"name":"(anonymous_43)","line":305,"loc":{"start":{"line":305,"column":13},"end":{"line":305,"column":24}}},"44":{"name":"(anonymous_44)","line":308,"loc":{"start":{"line":308,"column":13},"end":{"line":308,"column":29}}},"45":{"name":"(anonymous_45)","line":320,"loc":{"start":{"line":320,"column":13},"end":{"line":320,"column":24}}},"46":{"name":"(anonymous_46)","line":323,"loc":{"start":{"line":323,"column":13},"end":{"line":323,"column":29}}},"47":{"name":"(anonymous_47)","line":335,"loc":{"start":{"line":335,"column":13},"end":{"line":335,"column":24}}},"48":{"name":"(anonymous_48)","line":338,"loc":{"start":{"line":338,"column":13},"end":{"line":338,"column":29}}},"49":{"name":"(anonymous_49)","line":350,"loc":{"start":{"line":350,"column":13},"end":{"line":350,"column":24}}},"50":{"name":"(anonymous_50)","line":353,"loc":{"start":{"line":353,"column":13},"end":{"line":353,"column":29}}}},"statementMap":{"1":{"start":{"line":3,"column":0},"end":{"line":363,"column":2}},"2":{"start":{"line":10,"column":9},"end":{"line":362,"column":5}},"3":{"start":{"line":17,"column":12},"end":{"line":null,"column":null}},"4":{"start":{"line":19,"column":17},"end":{"line":19,"column":47}},"5":{"start":{"line":22,"column":14},"end":{"line":22,"column":47}},"6":{"start":{"line":31,"column":12},"end":{"line":null,"column":null}},"7":{"start":{"line":33,"column":17},"end":{"line":33,"column":55}},"8":{"start":{"line":36,"column":14},"end":{"line":36,"column":55}},"9":{"start":{"line":45,"column":12},"end":{"line":null,"column":null}},"10":{"start":{"line":47,"column":17},"end":{"line":47,"column":34}},"11":{"start":{"line":50,"column":14},"end":{"line":50,"column":34}},"12":{"start":{"line":59,"column":12},"end":{"line":null,"column":null}},"13":{"start":{"line":61,"column":17},"end":{"line":61,"column":42}},"14":{"start":{"line":64,"column":14},"end":{"line":64,"column":42}},"15":{"start":{"line":73,"column":12},"end":{"line":null,"column":null}},"16":{"start":{"line":75,"column":17},"end":{"line":75,"column":38}},"17":{"start":{"line":78,"column":14},"end":{"line":78,"column":38}},"18":{"start":{"line":87,"column":12},"end":{"line":null,"column":null}},"19":{"start":{"line":89,"column":17},"end":{"line":89,"column":35}},"20":{"start":{"line":92,"column":14},"end":{"line":92,"column":35}},"21":{"start":{"line":101,"column":12},"end":{"line":null,"column":null}},"22":{"start":{"line":103,"column":17},"end":{"line":103,"column":43}},"23":{"start":{"line":106,"column":14},"end":{"line":106,"column":43}},"24":{"start":{"line":115,"column":12},"end":{"line":null,"column":null}},"25":{"start":{"line":117,"column":17},"end":{"line":117,"column":38}},"26":{"start":{"line":120,"column":14},"end":{"line":120,"column":38}},"27":{"start":{"line":129,"column":12},"end":{"line":null,"column":null}},"28":{"start":{"line":131,"column":17},"end":{"line":131,"column":38}},"29":{"start":{"line":134,"column":14},"end":{"line":134,"column":38}},"30":{"start":{"line":143,"column":12},"end":{"line":null,"column":null}},"31":{"start":{"line":145,"column":17},"end":{"line":145,"column":34}},"32":{"start":{"line":148,"column":14},"end":{"line":148,"column":34}},"33":{"start":{"line":157,"column":12},"end":{"line":null,"column":null}},"34":{"start":{"line":159,"column":17},"end":{"line":159,"column":36}},"35":{"start":{"line":162,"column":14},"end":{"line":162,"column":36}},"36":{"start":{"line":171,"column":12},"end":{"line":null,"column":null}},"37":{"start":{"line":173,"column":17},"end":{"line":173,"column":38}},"38":{"start":{"line":176,"column":14},"end":{"line":176,"column":38}},"39":{"start":{"line":185,"column":12},"end":{"line":null,"column":null}},"40":{"start":{"line":187,"column":17},"end":{"line":187,"column":38}},"41":{"start":{"line":190,"column":14},"end":{"line":190,"column":38}},"42":{"start":{"line":199,"column":12},"end":{"line":null,"column":null}},"43":{"start":{"line":201,"column":17},"end":{"line":201,"column":36}},"44":{"start":{"line":204,"column":14},"end":{"line":204,"column":36}},"45":{"start":{"line":213,"column":12},"end":{"line":null,"column":null}},"46":{"start":{"line":215,"column":17},"end":{"line":215,"column":38}},"47":{"start":{"line":218,"column":14},"end":{"line":218,"column":38}},"48":{"start":{"line":228,"column":12},"end":{"line":null,"column":null}},"49":{"start":{"line":230,"column":17},"end":{"line":230,"column":38}},"50":{"start":{"line":233,"column":14},"end":{"line":233,"column":38}},"51":{"start":{"line":243,"column":12},"end":{"line":null,"column":null}},"52":{"start":{"line":245,"column":17},"end":{"line":245,"column":39}},"53":{"start":{"line":248,"column":14},"end":{"line":248,"column":39}},"54":{"start":{"line":259,"column":12},"end":{"line":null,"column":null}},"55":{"start":{"line":261,"column":17},"end":{"line":261,"column":37}},"56":{"start":{"line":264,"column":14},"end":{"line":264,"column":37}},"57":{"start":{"line":274,"column":12},"end":{"line":null,"column":null}},"58":{"start":{"line":276,"column":17},"end":{"line":276,"column":40}},"59":{"start":{"line":279,"column":14},"end":{"line":279,"column":40}},"60":{"start":{"line":289,"column":12},"end":{"line":null,"column":null}},"61":{"start":{"line":291,"column":17},"end":{"line":291,"column":37}},"62":{"start":{"line":294,"column":14},"end":{"line":294,"column":37}},"63":{"start":{"line":304,"column":12},"end":{"line":null,"column":null}},"64":{"start":{"line":306,"column":17},"end":{"line":306,"column":44}},"65":{"start":{"line":309,"column":14},"end":{"line":309,"column":44}},"66":{"start":{"line":319,"column":12},"end":{"line":null,"column":null}},"67":{"start":{"line":321,"column":17},"end":{"line":321,"column":37}},"68":{"start":{"line":324,"column":14},"end":{"line":324,"column":37}},"69":{"start":{"line":334,"column":12},"end":{"line":null,"column":null}},"70":{"start":{"line":336,"column":17},"end":{"line":336,"column":40}},"71":{"start":{"line":339,"column":14},"end":{"line":339,"column":40}},"72":{"start":{"line":349,"column":12},"end":{"line":357,"column":9}},"73":{"start":{"line":351,"column":17},"end":{"line":351,"column":39}},"74":{"start":{"line":354,"column":14},"end":{"line":354,"column":39}},"75":{"start":{"line":366,"column":0},"end":{"line":366,"column":22}}},"branchMap":{}},"/home/docker/Jenkins/workspace/cloudmodel/models/user/Role.js":{"path":"/home/docker/Jenkins/workspace/cloudmodel/models/user/Role.js","s":{"1":1,"2":1,"3":1,"4":0,"5":0,"6":1,"7":0,"8":0,"9":1},"b":{},"f":{"1":1,"2":1,"3":0,"4":0,"5":0,"6":0},"fnMap":{"1":{"name":"(anonymous_1)","line":3,"loc":{"start":{"line":3,"column":11},"end":{"line":3,"column":24}}},"2":{"name":"(anonymous_2)","line":11,"loc":{"start":{"line":11,"column":16},"end":{"line":11,"column":27}}},"3":{"name":"(anonymous_3)","line":18,"loc":{"start":{"line":18,"column":13},"end":{"line":18,"column":24}}},"4":{"name":"(anonymous_4)","line":21,"loc":{"start":{"line":21,"column":13},"end":{"line":21,"column":29}}},"5":{"name":"(anonymous_5)","line":33,"loc":{"start":{"line":33,"column":13},"end":{"line":33,"column":24}}},"6":{"name":"(anonymous_6)","line":36,"loc":{"start":{"line":36,"column":13},"end":{"line":36,"column":29}}}},"statementMap":{"1":{"start":{"line":3,"column":0},"end":{"line":46,"column":2}},"2":{"start":{"line":9,"column":9},"end":{"line":45,"column":5}},"3":{"start":{"line":17,"column":12},"end":{"line":null,"column":null}},"4":{"start":{"line":19,"column":17},"end":{"line":19,"column":34}},"5":{"start":{"line":22,"column":14},"end":{"line":22,"column":34}},"6":{"start":{"line":32,"column":12},"end":{"line":40,"column":9}},"7":{"start":{"line":34,"column":17},"end":{"line":34,"column":38}},"8":{"start":{"line":37,"column":14},"end":{"line":37,"column":38}},"9":{"start":{"line":48,"column":0},"end":{"line":48,"column":22}}},"branchMap":{}},"/home/docker/Jenkins/workspace/cloudmodel/models/enum/Activation.js":{"path":"/home/docker/Jenkins/workspace/cloudmodel/models/enum/Activation.js","s":{"1":1,"2":1,"3":1,"4":1},"b":{},"f":{},"fnMap":{},"statementMap":{"1":{"start":{"line":7,"column":0},"end":{"line":null,"column":null}},"2":{"start":{"line":7,"column":50},"end":{"line":20,"column":2}},"3":{"start":{"line":22,"column":0},"end":{"line":22,"column":23}},"4":{"start":{"line":24,"column":0},"end":{"line":24,"column":28}}},"branchMap":{}},"/home/docker/Jenkins/workspace/cloudmodel/models/enum/ImageType.js":{"path":"/home/docker/Jenkins/workspace/cloudmodel/models/enum/ImageType.js","s":{"1":1,"2":1,"3":1,"4":1},"b":{},"f":{},"fnMap":{},"statementMap":{"1":{"start":{"line":7,"column":0},"end":{"line":null,"column":null}},"2":{"start":{"line":7,"column":50},"end":{"line":22,"column":2}},"3":{"start":{"line":24,"column":0},"end":{"line":24,"column":22}},"4":{"start":{"line":26,"column":0},"end":{"line":26,"column":27}}},"branchMap":{}},"/home/docker/Jenkins/workspace/cloudmodel/models/enum/UserStatus.js":{"path":"/home/docker/Jenkins/workspace/cloudmodel/models/enum/UserStatus.js","s":{"1":1,"2":1,"3":1,"4":1},"b":{},"f":{},"fnMap":{},"statementMap":{"1":{"start":{"line":7,"column":0},"end":{"line":null,"column":null}},"2":{"start":{"line":7,"column":50},"end":{"line":26,"column":2}},"3":{"start":{"line":28,"column":0},"end":{"line":28,"column":23}},"4":{"start":{"line":30,"column":0},"end":{"line":30,"column":28}}},"branchMap":{}},"/home/docker/Jenkins/workspace/cloudmodel/models/enum/UserType.js":{"path":"/home/docker/Jenkins/workspace/cloudmodel/models/enum/UserType.js","s":{"1":1,"2":1,"3":1,"4":1},"b":{},"f":{},"fnMap":{},"statementMap":{"1":{"start":{"line":7,"column":0},"end":{"line":null,"column":null}},"2":{"start":{"line":7,"column":50},"end":{"line":20,"column":2}},"3":{"start":{"line":22,"column":0},"end":{"line":22,"column":21}},"4":{"start":{"line":24,"column":0},"end":{"line":24,"column":26}}},"branchMap":{}},"/home/docker/Jenkins/workspace/cloudmodel/models/enum/AgeGroup.js":{"path":"/home/docker/Jenkins/workspace/cloudmodel/models/enum/AgeGroup.js","s":{"1":1,"2":1,"3":1,"4":1},"b":{},"f":{},"fnMap":{},"statementMap":{"1":{"start":{"line":7,"column":0},"end":{"line":null,"column":null}},"2":{"start":{"line":7,"column":50},"end":{"line":40,"column":2}},"3":{"start":{"line":42,"column":0},"end":{"line":42,"column":21}},"4":{"start":{"line":44,"column":0},"end":{"line":44,"column":26}}},"branchMap":{}},"/home/docker/Jenkins/workspace/cloudmodel/models/enum/Horoscope.js":{"path":"/home/docker/Jenkins/workspace/cloudmodel/models/enum/Horoscope.js","s":{"1":1,"2":1,"3":1,"4":1},"b":{},"f":{},"fnMap":{},"statementMap":{"1":{"start":{"line":7,"column":0},"end":{"line":null,"column":null}},"2":{"start":{"line":7,"column":50},"end":{"line":40,"column":2}},"3":{"start":{"line":42,"column":0},"end":{"line":42,"column":22}},"4":{"start":{"line":44,"column":0},"end":{"line":44,"column":27}}},"branchMap":{}},"/home/docker/Jenkins/workspace/cloudmodel/models/enum/Gender.js":{"path":"/home/docker/Jenkins/workspace/cloudmodel/models/enum/Gender.js","s":{"1":1,"2":1,"3":1,"4":1},"b":{},"f":{},"fnMap":{},"statementMap":{"1":{"start":{"line":7,"column":0},"end":{"line":null,"column":null}},"2":{"start":{"line":7,"column":50},"end":{"line":20,"column":2}},"3":{"start":{"line":22,"column":0},"end":{"line":22,"column":19}},"4":{"start":{"line":24,"column":0},"end":{"line":24,"column":24}}},"branchMap":{}}}