TN:
SF:/home/docker/Jenkins/workspace/cloudmodel-test/models/business/Business.js
FN:3,(anonymous_1)
FN:11,(anonymous_2)
FN:47,(anonymous_3)
FN:50,(anonymous_4)
FN:62,(anonymous_5)
FN:65,(anonymous_6)
FN:77,(anonymous_7)
FN:80,(anonymous_8)
FN:92,(anonymous_9)
FN:95,(anonymous_10)
FN:107,(anonymous_11)
FN:110,(anonymous_12)
FN:122,(anonymous_13)
FN:125,(anonymous_14)
FN:137,(anonymous_15)
FN:140,(anonymous_16)
FN:152,(anonymous_17)
FN:155,(anonymous_18)
FNF:18
FNH:2
FNDA:1,(anonymous_1)
FNDA:1,(anonymous_2)
FNDA:0,(anonymous_3)
FNDA:0,(anonymous_4)
FNDA:0,(anonymous_5)
FNDA:0,(anonymous_6)
FNDA:0,(anonymous_7)
FNDA:0,(anonymous_8)
FNDA:0,(anonymous_9)
FNDA:0,(anonymous_10)
FNDA:0,(anonymous_11)
FNDA:0,(anonymous_12)
FNDA:0,(anonymous_13)
FNDA:0,(anonymous_14)
FNDA:0,(anonymous_15)
FNDA:0,(anonymous_16)
FNDA:0,(anonymous_17)
FNDA:0,(anonymous_18)
DA:3,1
DA:9,1
DA:46,1
DA:48,0
DA:51,0
DA:61,1
DA:63,0
DA:66,0
DA:76,1
DA:78,0
DA:81,0
DA:91,1
DA:93,0
DA:96,0
DA:106,1
DA:108,0
DA:111,0
DA:121,1
DA:123,0
DA:126,0
DA:136,1
DA:138,0
DA:141,0
DA:151,1
DA:153,0
DA:156,0
DA:167,1
LF:27
LH:11
BRF:0
BRH:0
end_of_record
TN:
SF:/home/docker/Jenkins/workspace/cloudmodel-test/models/geographic/Address.js
FN:3,(anonymous_1)
FN:10,(anonymous_2)
FN:12,(anonymous_3)
FN:15,(anonymous_4)
FN:22,(anonymous_5)
FN:25,(anonymous_6)
FN:32,(anonymous_7)
FN:35,(anonymous_8)
FN:42,(anonymous_9)
FN:45,(anonymous_10)
FN:52,(anonymous_11)
FN:55,(anonymous_12)
FN:62,(anonymous_13)
FN:65,(anonymous_14)
FNF:14
FNH:2
FNDA:1,(anonymous_1)
FNDA:1,(anonymous_2)
FNDA:0,(anonymous_3)
FNDA:0,(anonymous_4)
FNDA:0,(anonymous_5)
FNDA:0,(anonymous_6)
FNDA:0,(anonymous_7)
FNDA:0,(anonymous_8)
FNDA:0,(anonymous_9)
FNDA:0,(anonymous_10)
FNDA:0,(anonymous_11)
FNDA:0,(anonymous_12)
FNDA:0,(anonymous_13)
FNDA:0,(anonymous_14)
DA:3,1
DA:9,1
DA:11,1
DA:13,0
DA:16,0
DA:21,1
DA:23,0
DA:26,0
DA:31,1
DA:33,0
DA:36,0
DA:41,1
DA:43,0
DA:46,0
DA:51,1
DA:53,0
DA:56,0
DA:61,1
DA:63,0
DA:66,0
DA:77,1
LF:21
LH:9
BRF:0
BRH:0
end_of_record
TN:
SF:/home/docker/Jenkins/workspace/cloudmodel-test/models/geographic/Region.js
FN:6,(anonymous_1)
FN:13,(anonymous_2)
FN:15,(anonymous_3)
FN:18,(anonymous_4)
FN:25,(anonymous_5)
FN:28,(anonymous_6)
FN:35,(anonymous_7)
FN:38,(anonymous_8)
FN:45,(anonymous_9)
FN:48,(anonymous_10)
FN:55,(anonymous_11)
FN:58,(anonymous_12)
FN:65,(anonymous_13)
FN:68,(anonymous_14)
FNF:14
FNH:2
FNDA:1,(anonymous_1)
FNDA:1,(anonymous_2)
FNDA:0,(anonymous_3)
FNDA:0,(anonymous_4)
FNDA:0,(anonymous_5)
FNDA:0,(anonymous_6)
FNDA:0,(anonymous_7)
FNDA:0,(anonymous_8)
FNDA:0,(anonymous_9)
FNDA:0,(anonymous_10)
FNDA:0,(anonymous_11)
FNDA:0,(anonymous_12)
FNDA:0,(anonymous_13)
FNDA:0,(anonymous_14)
DA:6,1
DA:12,1
DA:14,1
DA:16,0
DA:19,0
DA:24,1
DA:26,0
DA:29,0
DA:34,1
DA:36,0
DA:39,0
DA:44,1
DA:46,0
DA:49,0
DA:54,1
DA:56,0
DA:59,0
DA:64,1
DA:66,0
DA:69,0
DA:80,1
LF:21
LH:9
BRF:0
BRH:0
end_of_record
TN:
SF:/home/docker/Jenkins/workspace/cloudmodel-test/models/user/User.js
FN:3,(anonymous_1)
FN:12,(anonymous_2)
FN:18,(anonymous_3)
FN:21,(anonymous_4)
FN:32,(anonymous_5)
FN:35,(anonymous_6)
FN:46,(anonymous_7)
FN:49,(anonymous_8)
FN:60,(anonymous_9)
FN:63,(anonymous_10)
FN:74,(anonymous_11)
FN:77,(anonymous_12)
FN:88,(anonymous_13)
FN:91,(anonymous_14)
FN:102,(anonymous_15)
FN:105,(anonymous_16)
FN:116,(anonymous_17)
FN:119,(anonymous_18)
FN:130,(anonymous_19)
FN:133,(anonymous_20)
FN:144,(anonymous_21)
FN:147,(anonymous_22)
FN:158,(anonymous_23)
FN:161,(anonymous_24)
FN:172,(anonymous_25)
FN:175,(anonymous_26)
FN:186,(anonymous_27)
FN:189,(anonymous_28)
FN:200,(anonymous_29)
FN:203,(anonymous_30)
FN:214,(anonymous_31)
FN:217,(anonymous_32)
FN:229,(anonymous_33)
FN:232,(anonymous_34)
FN:244,(anonymous_35)
FN:247,(anonymous_36)
FN:260,(anonymous_37)
FN:263,(anonymous_38)
FN:275,(anonymous_39)
FN:278,(anonymous_40)
FN:290,(anonymous_41)
FN:293,(anonymous_42)
FN:305,(anonymous_43)
FN:308,(anonymous_44)
FN:320,(anonymous_45)
FN:323,(anonymous_46)
FN:335,(anonymous_47)
FN:338,(anonymous_48)
FN:350,(anonymous_49)
FN:353,(anonymous_50)
FNF:50
FNH:2
FNDA:1,(anonymous_1)
FNDA:1,(anonymous_2)
FNDA:0,(anonymous_3)
FNDA:0,(anonymous_4)
FNDA:0,(anonymous_5)
FNDA:0,(anonymous_6)
FNDA:0,(anonymous_7)
FNDA:0,(anonymous_8)
FNDA:0,(anonymous_9)
FNDA:0,(anonymous_10)
FNDA:0,(anonymous_11)
FNDA:0,(anonymous_12)
FNDA:0,(anonymous_13)
FNDA:0,(anonymous_14)
FNDA:0,(anonymous_15)
FNDA:0,(anonymous_16)
FNDA:0,(anonymous_17)
FNDA:0,(anonymous_18)
FNDA:0,(anonymous_19)
FNDA:0,(anonymous_20)
FNDA:0,(anonymous_21)
FNDA:0,(anonymous_22)
FNDA:0,(anonymous_23)
FNDA:0,(anonymous_24)
FNDA:0,(anonymous_25)
FNDA:0,(anonymous_26)
FNDA:0,(anonymous_27)
FNDA:0,(anonymous_28)
FNDA:0,(anonymous_29)
FNDA:0,(anonymous_30)
FNDA:0,(anonymous_31)
FNDA:0,(anonymous_32)
FNDA:0,(anonymous_33)
FNDA:0,(anonymous_34)
FNDA:0,(anonymous_35)
FNDA:0,(anonymous_36)
FNDA:0,(anonymous_37)
FNDA:0,(anonymous_38)
FNDA:0,(anonymous_39)
FNDA:0,(anonymous_40)
FNDA:0,(anonymous_41)
FNDA:0,(anonymous_42)
FNDA:0,(anonymous_43)
FNDA:0,(anonymous_44)
FNDA:0,(anonymous_45)
FNDA:0,(anonymous_46)
FNDA:0,(anonymous_47)
FNDA:0,(anonymous_48)
FNDA:0,(anonymous_49)
FNDA:0,(anonymous_50)
DA:3,1
DA:10,1
DA:17,1
DA:19,0
DA:22,0
DA:31,1
DA:33,0
DA:36,0
DA:45,1
DA:47,0
DA:50,0
DA:59,1
DA:61,0
DA:64,0
DA:73,1
DA:75,0
DA:78,0
DA:87,1
DA:89,0
DA:92,0
DA:101,1
DA:103,0
DA:106,0
DA:115,1
DA:117,0
DA:120,0
DA:129,1
DA:131,0
DA:134,0
DA:143,1
DA:145,0
DA:148,0
DA:157,1
DA:159,0
DA:162,0
DA:171,1
DA:173,0
DA:176,0
DA:185,1
DA:187,0
DA:190,0
DA:199,1
DA:201,0
DA:204,0
DA:213,1
DA:215,0
DA:218,0
DA:228,1
DA:230,0
DA:233,0
DA:243,1
DA:245,0
DA:248,0
DA:259,1
DA:261,0
DA:264,0
DA:274,1
DA:276,0
DA:279,0
DA:289,1
DA:291,0
DA:294,0
DA:304,1
DA:306,0
DA:309,0
DA:319,1
DA:321,0
DA:324,0
DA:334,1
DA:336,0
DA:339,0
DA:349,1
DA:351,0
DA:354,0
DA:366,1
LF:75
LH:27
BRF:0
BRH:0
end_of_record
TN:
SF:/home/docker/Jenkins/workspace/cloudmodel-test/models/user/Role.js
FN:3,(anonymous_1)
FN:11,(anonymous_2)
FN:18,(anonymous_3)
FN:21,(anonymous_4)
FN:33,(anonymous_5)
FN:36,(anonymous_6)
FNF:6
FNH:2
FNDA:1,(anonymous_1)
FNDA:1,(anonymous_2)
FNDA:0,(anonymous_3)
FNDA:0,(anonymous_4)
FNDA:0,(anonymous_5)
FNDA:0,(anonymous_6)
DA:3,1
DA:9,1
DA:17,1
DA:19,0
DA:22,0
DA:32,1
DA:34,0
DA:37,0
DA:48,1
LF:9
LH:5
BRF:0
BRH:0
end_of_record
TN:
SF:/home/docker/Jenkins/workspace/cloudmodel-test/models/enum/Activation.js
FNF:0
FNH:0
DA:7,1
DA:22,1
DA:24,1
LF:3
LH:3
BRF:0
BRH:0
end_of_record
TN:
SF:/home/docker/Jenkins/workspace/cloudmodel-test/models/enum/ImageType.js
FNF:0
FNH:0
DA:7,1
DA:24,1
DA:26,1
LF:3
LH:3
BRF:0
BRH:0
end_of_record
TN:
SF:/home/docker/Jenkins/workspace/cloudmodel-test/models/enum/UserStatus.js
FNF:0
FNH:0
DA:7,1
DA:28,1
DA:30,1
LF:3
LH:3
BRF:0
BRH:0
end_of_record
TN:
SF:/home/docker/Jenkins/workspace/cloudmodel-test/models/enum/UserType.js
FNF:0
FNH:0
DA:7,1
DA:22,1
DA:24,1
LF:3
LH:3
BRF:0
BRH:0
end_of_record
TN:
SF:/home/docker/Jenkins/workspace/cloudmodel-test/models/enum/AgeGroup.js
FNF:0
FNH:0
DA:7,1
DA:42,1
DA:44,1
LF:3
LH:3
BRF:0
BRH:0
end_of_record
TN:
SF:/home/docker/Jenkins/workspace/cloudmodel-test/models/enum/Horoscope.js
FNF:0
FNH:0
DA:7,1
DA:42,1
DA:44,1
LF:3
LH:3
BRF:0
BRH:0
end_of_record
TN:
SF:/home/docker/Jenkins/workspace/cloudmodel-test/models/enum/Gender.js
FNF:0
FNH:0
DA:7,1
DA:22,1
DA:24,1
LF:3
LH:3
BRF:0
BRH:0
end_of_record
