{"/home/docker/Jenkins/workspace/leancloud-utility/src/index.js":{"path":"/home/docker/Jenkins/workspace/leancloud-utility/src/index.js","s":{"1":1,"2":1,"3":1,"4":1,"5":1,"6":1,"7":1,"8":1,"9":1,"10":1,"11":1,"12":0,"13":0,"14":0,"15":0,"16":0,"17":0,"18":0,"19":1,"20":1},"b":{"1":[1,0],"2":[1,1],"3":[1,0],"4":[1,1],"5":[0,0],"6":[0,0]},"f":{"1":1,"2":1},"fnMap":{"1":{"name":"_interopRequireDefault","line":0,"loc":{"start":{"line":0,"column":0},"end":{"line":0,"column":0}},"skip":true},"2":{"name":"_interopRequireWildcard","line":0,"loc":{"start":{"line":0,"column":0},"end":{"line":0,"column":0}},"skip":true}},"statementMap":{"1":{"start":{"line":0,"column":0},"end":{"line":0,"column":0},"skip":true},"2":{"start":{"line":0,"column":0},"end":{"line":0,"column":0},"skip":true},"3":{"start":{"line":0,"column":0},"end":{"line":0,"column":0},"skip":true},"4":{"start":{"line":3,"column":12},"end":{"line":null,"column":null}},"5":{"start":{"line":0,"column":0},"end":{"line":0,"column":0},"skip":true},"6":{"start":{"line":0,"column":0},"end":{"line":0,"column":0},"skip":true},"7":{"start":{"line":0,"column":0},"end":{"line":0,"column":0},"skip":true},"8":{"start":{"line":0,"column":0},"end":{"line":0,"column":0},"skip":true},"9":{"start":{"line":0,"column":0},"end":{"line":0,"column":0},"skip":true},"10":{"start":{"line":0,"column":0},"end":{"line":0,"column":0},"skip":true},"11":{"start":{"line":0,"column":0},"end":{"line":0,"column":0},"skip":true},"12":{"start":{"line":0,"column":0},"end":{"line":0,"column":0},"skip":true},"13":{"start":{"line":0,"column":0},"end":{"line":0,"column":0},"skip":true},"14":{"start":{"line":0,"column":0},"end":{"line":0,"column":0},"skip":true},"15":{"start":{"line":0,"column":0},"end":{"line":0,"column":0},"skip":true},"16":{"start":{"line":0,"column":0},"end":{"line":0,"column":0},"skip":true},"17":{"start":{"line":0,"column":0},"end":{"line":0,"column":0},"skip":true},"18":{"start":{"line":0,"column":0},"end":{"line":0,"column":0},"skip":true},"19":{"start":{"line":6,"column":7},"end":{"line":6,"column":28}},"20":{"start":{"line":7,"column":7},"end":{"line":7,"column":38}}},"branchMap":{"1":{"line":0,"type":"cond-expr","locations":[{"start":{"line":0,"column":0},"end":{"line":0,"column":0},"skip":true},{"start":{"line":0,"column":0},"end":{"line":0,"column":0},"skip":true}]},"2":{"line":0,"type":"binary-expr","locations":[{"start":{"line":0,"column":0},"end":{"line":0,"column":0},"skip":true},{"start":{"line":0,"column":0},"end":{"line":0,"column":0},"skip":true}]},"3":{"line":0,"type":"if","locations":[{"start":{"line":0,"column":0},"end":{"line":0,"column":0},"skip":true},{"start":{"line":0,"column":0},"end":{"line":0,"column":0},"skip":true}]},"4":{"line":0,"type":"binary-expr","locations":[{"start":{"line":0,"column":0},"end":{"line":0,"column":0},"skip":true},{"start":{"line":0,"column":0},"end":{"line":0,"column":0},"skip":true}]},"5":{"line":0,"type":"if","locations":[{"start":{"line":0,"column":0},"end":{"line":0,"column":0},"skip":true},{"start":{"line":0,"column":0},"end":{"line":0,"column":0},"skip":true}]},"6":{"line":0,"type":"if","locations":[{"start":{"line":0,"column":0},"end":{"line":0,"column":0},"skip":true},{"start":{"line":0,"column":0},"end":{"line":0,"column":0},"skip":true}]}}},"/home/docker/Jenkins/workspace/leancloud-utility/src/validation/index.js":{"path":"/home/docker/Jenkins/workspace/leancloud-utility/src/validation/index.js","s":{"1":1,"2":1,"3":1,"4":1,"5":1,"6":1,"7":1,"8":0,"9":0,"10":0,"11":0,"12":0,"13":0,"14":0,"15":1},"b":{"1":[1,0],"2":[1,1],"3":[0,0],"4":[0,0]},"f":{"1":1},"fnMap":{"1":{"name":"_interopRequireWildcard","line":0,"loc":{"start":{"line":0,"column":0},"end":{"line":0,"column":0}},"skip":true}},"statementMap":{"1":{"start":{"line":0,"column":0},"end":{"line":0,"column":0},"skip":true},"2":{"start":{"line":0,"column":0},"end":{"line":0,"column":0},"skip":true},"3":{"start":{"line":0,"column":0},"end":{"line":0,"column":0},"skip":true},"4":{"start":{"line":5,"column":12},"end":{"line":null,"column":null}},"5":{"start":{"line":0,"column":0},"end":{"line":0,"column":0},"skip":true},"6":{"start":{"line":0,"column":0},"end":{"line":0,"column":0},"skip":true},"7":{"start":{"line":0,"column":0},"end":{"line":0,"column":0},"skip":true},"8":{"start":{"line":0,"column":0},"end":{"line":0,"column":0},"skip":true},"9":{"start":{"line":0,"column":0},"end":{"line":0,"column":0},"skip":true},"10":{"start":{"line":0,"column":0},"end":{"line":0,"column":0},"skip":true},"11":{"start":{"line":0,"column":0},"end":{"line":0,"column":0},"skip":true},"12":{"start":{"line":0,"column":0},"end":{"line":0,"column":0},"skip":true},"13":{"start":{"line":0,"column":0},"end":{"line":0,"column":0},"skip":true},"14":{"start":{"line":0,"column":0},"end":{"line":0,"column":0},"skip":true},"15":{"start":{"line":8,"column":2},"end":{"line":null,"column":null}}},"branchMap":{"1":{"line":0,"type":"if","locations":[{"start":{"line":0,"column":0},"end":{"line":0,"column":0},"skip":true},{"start":{"line":0,"column":0},"end":{"line":0,"column":0},"skip":true}]},"2":{"line":0,"type":"binary-expr","locations":[{"start":{"line":0,"column":0},"end":{"line":0,"column":0},"skip":true},{"start":{"line":0,"column":0},"end":{"line":0,"column":0},"skip":true}]},"3":{"line":0,"type":"if","locations":[{"start":{"line":0,"column":0},"end":{"line":0,"column":0},"skip":true},{"start":{"line":0,"column":0},"end":{"line":0,"column":0},"skip":true}]},"4":{"line":0,"type":"if","locations":[{"start":{"line":0,"column":0},"end":{"line":0,"column":0},"skip":true},{"start":{"line":0,"column":0},"end":{"line":0,"column":0},"skip":true}]}}},"/home/docker/Jenkins/workspace/leancloud-utility/src/validation/UserValidation.js":{"path":"/home/docker/Jenkins/workspace/leancloud-utility/src/validation/UserValidation.js","s":{"1":1,"2":1,"3":1,"4":1,"5":1,"6":1,"7":1,"8":1,"9":1,"10":1,"11":1,"12":1,"13":1,"14":1,"15":1,"16":1,"17":1,"18":1,"19":1,"20":1,"21":1,"22":1,"23":1,"24":1,"25":1,"26":6,"27":1,"28":1,"29":1,"30":1,"31":8,"32":1,"33":8,"34":8,"35":1,"36":1,"37":1,"38":0,"39":0,"40":0,"41":1,"42":1,"43":4,"44":4,"45":2,"46":1,"47":1,"48":0,"49":0,"50":0,"51":1,"52":1,"53":0,"54":0,"55":0,"56":1,"57":1,"58":0,"59":0,"60":0,"61":0,"62":0,"63":0,"64":0,"65":0,"66":1,"67":1,"68":0,"69":0,"70":0,"71":1,"72":1,"73":0,"74":0,"75":0,"76":1,"77":1,"78":0,"79":0,"80":0},"b":{"1":[5,1],"2":[6,6],"3":[3,5],"4":[5,3],"5":[0,0],"6":[0,0],"7":[0,0],"8":[0,0]},"f":{"1":6,"2":8,"3":8,"4":8,"5":1,"6":0,"7":0,"8":0,"9":4,"10":4,"11":2,"12":0,"13":0,"14":0,"15":0,"16":0,"17":0,"18":0,"19":0,"20":0,"21":0,"22":0,"23":0,"24":0,"25":0,"26":0,"27":0,"28":0,"29":0},"fnMap":{"1":{"name":"_interopRequireDefault","line":0,"loc":{"start":{"line":0,"column":0},"end":{"line":0,"column":0}},"skip":true},"2":{"name":"verifyUsername","line":15,"loc":{"start":{"line":15,"column":37},"end":{"line":32,"column":41}}},"3":{"name":"isUsernameAlphanumeric","line":40,"loc":{"start":{"line":40,"column":11},"end":{"line":40,"column":44}}},"4":{"name":"isUsernameLength","line":55,"loc":{"start":{"line":55,"column":11},"end":{"line":55,"column":38}}},"5":{"name":"(anonymous_5)","line":64,"loc":{"start":{"line":64,"column":27},"end":{"line":64,"column":37}}},"6":{"name":"verifyPassword","line":69,"loc":{"start":{"line":69,"column":1},"end":{"line":77,"column":41}}},"7":{"name":"isPasswordLength","line":85,"loc":{"start":{"line":85,"column":11},"end":{"line":85,"column":38}}},"8":{"name":"(anonymous_8)","line":94,"loc":{"start":{"line":94,"column":27},"end":{"line":94,"column":32}}},"9":{"name":"verifyType","line":98,"loc":{"start":{"line":98,"column":1},"end":{"line":106,"column":33}}},"10":{"name":"isTypeEnumUserType","line":114,"loc":{"start":{"line":114,"column":11},"end":{"line":114,"column":36}}},"11":{"name":"(anonymous_11)","line":121,"loc":{"start":{"line":121,"column":27},"end":{"line":121,"column":32}}},"12":{"name":"verifyStatus","line":125,"loc":{"start":{"line":125,"column":1},"end":{"line":133,"column":37}}},"13":{"name":"isStatusEnumUserStatus","line":141,"loc":{"start":{"line":141,"column":11},"end":{"line":141,"column":42}}},"14":{"name":"(anonymous_14)","line":148,"loc":{"start":{"line":148,"column":27},"end":{"line":148,"column":32}}},"15":{"name":"verifyGender","line":152,"loc":{"start":{"line":152,"column":1},"end":{"line":160,"column":37}}},"16":{"name":"isGenderEnumGender","line":168,"loc":{"start":{"line":168,"column":11},"end":{"line":168,"column":38}}},"17":{"name":"(anonymous_17)","line":175,"loc":{"start":{"line":175,"column":27},"end":{"line":175,"column":32}}},"18":{"name":"verifyBirthday","line":179,"loc":{"start":{"line":179,"column":1},"end":{"line":187,"column":41}}},"19":{"name":"isBirthdayInRnage","line":195,"loc":{"start":{"line":195,"column":11},"end":{"line":195,"column":39}}},"20":{"name":"(anonymous_20)","line":211,"loc":{"start":{"line":211,"column":27},"end":{"line":211,"column":32}}},"21":{"name":"verifyAgeGroup","line":215,"loc":{"start":{"line":215,"column":1},"end":{"line":223,"column":41}}},"22":{"name":"matchesEnumAgeGroup","line":231,"loc":{"start":{"line":231,"column":11},"end":{"line":231,"column":41}}},"23":{"name":"(anonymous_23)","line":238,"loc":{"start":{"line":238,"column":27},"end":{"line":238,"column":32}}},"24":{"name":"verifyHoroscope","line":242,"loc":{"start":{"line":242,"column":1},"end":{"line":250,"column":43}}},"25":{"name":"matchesEnumHoroscope","line":258,"loc":{"start":{"line":258,"column":11},"end":{"line":258,"column":43}}},"26":{"name":"(anonymous_26)","line":265,"loc":{"start":{"line":265,"column":27},"end":{"line":265,"column":32}}},"27":{"name":"verifyWhatsUp","line":269,"loc":{"start":{"line":269,"column":1},"end":{"line":277,"column":39}}},"28":{"name":"isWhatsUpLength","line":284,"loc":{"start":{"line":284,"column":11},"end":{"line":284,"column":36}}},"29":{"name":"(anonymous_29)","line":293,"loc":{"start":{"line":293,"column":27},"end":{"line":293,"column":32}}}},"statementMap":{"1":{"start":{"line":0,"column":0},"end":{"line":0,"column":0},"skip":true},"2":{"start":{"line":32,"column":16},"end":{"line":null,"column":null}},"3":{"start":{"line":77,"column":16},"end":{"line":null,"column":null}},"4":{"start":{"line":106,"column":16},"end":{"line":null,"column":null}},"5":{"start":{"line":133,"column":16},"end":{"line":null,"column":null}},"6":{"start":{"line":160,"column":16},"end":{"line":null,"column":null}},"7":{"start":{"line":187,"column":16},"end":{"line":null,"column":null}},"8":{"start":{"line":223,"column":16},"end":{"line":null,"column":null}},"9":{"start":{"line":250,"column":16},"end":{"line":null,"column":null}},"10":{"start":{"line":277,"column":16},"end":{"line":null,"column":null}},"11":{"start":{"line":0,"column":0},"end":{"line":0,"column":0},"skip":true},"12":{"start":{"line":0,"column":0},"end":{"line":0,"column":0},"skip":true},"13":{"start":{"line":0,"column":0},"end":{"line":0,"column":0},"skip":true},"14":{"start":{"line":0,"column":0},"end":{"line":0,"column":0},"skip":true},"15":{"start":{"line":0,"column":0},"end":{"line":0,"column":0},"skip":true},"16":{"start":{"line":0,"column":0},"end":{"line":0,"column":0},"skip":true},"17":{"start":{"line":0,"column":0},"end":{"line":0,"column":0},"skip":true},"18":{"start":{"line":0,"column":0},"end":{"line":0,"column":0},"skip":true},"19":{"start":{"line":0,"column":0},"end":{"line":0,"column":0},"skip":true},"20":{"start":{"line":0,"column":0},"end":{"line":0,"column":0},"skip":true},"21":{"start":{"line":0,"column":0},"end":{"line":0,"column":0},"skip":true},"22":{"start":{"line":0,"column":0},"end":{"line":0,"column":0},"skip":true},"23":{"start":{"line":0,"column":0},"end":{"line":0,"column":0},"skip":true},"24":{"start":{"line":0,"column":0},"end":{"line":0,"column":0},"skip":true},"25":{"start":{"line":0,"column":0},"end":{"line":0,"column":0},"skip":true},"26":{"start":{"line":0,"column":0},"end":{"line":0,"column":0},"skip":true},"27":{"start":{"line":14,"column":0},"end":{"line":14,"column":37}},"28":{"start":{"line":15,"column":0},"end":{"line":null,"column":null}},"29":{"start":{"line":15,"column":37},"end":{"line":69,"column":1}},"30":{"start":{"line":40,"column":11},"end":{"line":47,"column":3}},"31":{"start":{"line":41,"column":11},"end":{"line":46,"column":10}},"32":{"start":{"line":55,"column":11},"end":{"line":62,"column":3}},"33":{"start":{"line":56,"column":11},"end":{"line":61,"column":10}},"34":{"start":{"line":64,"column":9},"end":{"line":68,"column":36}},"35":{"start":{"line":65,"column":11},"end":{"line":65,"column":18}},"36":{"start":{"line":69,"column":1},"end":{"line":98,"column":1}},"37":{"start":{"line":85,"column":11},"end":{"line":92,"column":3}},"38":{"start":{"line":86,"column":11},"end":{"line":91,"column":10}},"39":{"start":{"line":94,"column":9},"end":{"line":97,"column":36}},"40":{"start":{"line":95,"column":11},"end":{"line":95,"column":15}},"41":{"start":{"line":98,"column":1},"end":{"line":125,"column":1}},"42":{"start":{"line":114,"column":11},"end":{"line":119,"column":3}},"43":{"start":{"line":115,"column":11},"end":{"line":118,"column":8}},"44":{"start":{"line":121,"column":9},"end":{"line":124,"column":34}},"45":{"start":{"line":122,"column":11},"end":{"line":122,"column":15}},"46":{"start":{"line":125,"column":1},"end":{"line":152,"column":1}},"47":{"start":{"line":141,"column":11},"end":{"line":146,"column":3}},"48":{"start":{"line":142,"column":11},"end":{"line":145,"column":8}},"49":{"start":{"line":148,"column":9},"end":{"line":151,"column":40}},"50":{"start":{"line":149,"column":11},"end":{"line":149,"column":15}},"51":{"start":{"line":152,"column":1},"end":{"line":179,"column":1}},"52":{"start":{"line":168,"column":11},"end":{"line":173,"column":3}},"53":{"start":{"line":169,"column":11},"end":{"line":172,"column":8}},"54":{"start":{"line":175,"column":9},"end":{"line":178,"column":36}},"55":{"start":{"line":176,"column":11},"end":{"line":176,"column":15}},"56":{"start":{"line":179,"column":1},"end":{"line":215,"column":1}},"57":{"start":{"line":195,"column":11},"end":{"line":209,"column":3}},"58":{"start":{"line":196,"column":10},"end":{"line":196,"column":35}},"59":{"start":{"line":197,"column":10},"end":{"line":197,"column":38}},"60":{"start":{"line":198,"column":10},"end":{"line":198,"column":38}},"61":{"start":{"line":200,"column":7},"end":{"line":200,"column":49}},"62":{"start":{"line":201,"column":7},"end":{"line":201,"column":48}},"63":{"start":{"line":203,"column":11},"end":{"line":208,"column":10}},"64":{"start":{"line":211,"column":9},"end":{"line":214,"column":37}},"65":{"start":{"line":212,"column":11},"end":{"line":212,"column":15}},"66":{"start":{"line":215,"column":1},"end":{"line":242,"column":1}},"67":{"start":{"line":231,"column":11},"end":{"line":236,"column":3}},"68":{"start":{"line":232,"column":11},"end":{"line":235,"column":8}},"69":{"start":{"line":238,"column":9},"end":{"line":241,"column":39}},"70":{"start":{"line":239,"column":11},"end":{"line":239,"column":15}},"71":{"start":{"line":242,"column":1},"end":{"line":269,"column":1}},"72":{"start":{"line":258,"column":11},"end":{"line":263,"column":3}},"73":{"start":{"line":259,"column":11},"end":{"line":262,"column":8}},"74":{"start":{"line":265,"column":9},"end":{"line":268,"column":41}},"75":{"start":{"line":266,"column":11},"end":{"line":266,"column":15}},"76":{"start":{"line":269,"column":1},"end":{"line":297,"column":1}},"77":{"start":{"line":284,"column":11},"end":{"line":291,"column":3}},"78":{"start":{"line":285,"column":11},"end":{"line":290,"column":10}},"79":{"start":{"line":293,"column":9},"end":{"line":296,"column":34}},"80":{"start":{"line":294,"column":11},"end":{"line":294,"column":15}}},"branchMap":{"1":{"line":0,"type":"cond-expr","locations":[{"start":{"line":0,"column":0},"end":{"line":0,"column":0},"skip":true},{"start":{"line":0,"column":0},"end":{"line":0,"column":0},"skip":true}]},"2":{"line":0,"type":"binary-expr","locations":[{"start":{"line":0,"column":0},"end":{"line":0,"column":0},"skip":true},{"start":{"line":0,"column":0},"end":{"line":0,"column":0},"skip":true}]},"3":{"line":42,"type":"cond-expr","locations":[{"start":{"line":42,"column":6},"end":{"line":42,"column":23}},{"start":{"line":43,"column":6},"end":{"line":46,"column":9}}]},"4":{"line":57,"type":"cond-expr","locations":[{"start":{"line":57,"column":6},"end":{"line":57,"column":23}},{"start":{"line":58,"column":6},"end":{"line":61,"column":9}}]},"5":{"line":87,"type":"cond-expr","locations":[{"start":{"line":87,"column":6},"end":{"line":87,"column":23}},{"start":{"line":88,"column":6},"end":{"line":91,"column":9}}]},"6":{"line":204,"type":"cond-expr","locations":[{"start":{"line":204,"column":6},"end":{"line":204,"column":23}},{"start":{"line":205,"column":6},"end":{"line":208,"column":9}}]},"7":{"line":203,"type":"binary-expr","locations":[{"start":{"line":203,"column":11},"end":{"line":203,"column":43}},{"start":{"line":203,"column":47},"end":{"line":203,"column":80}}]},"8":{"line":286,"type":"cond-expr","locations":[{"start":{"line":286,"column":6},"end":{"line":286,"column":22}},{"start":{"line":287,"column":6},"end":{"line":290,"column":9}}]}}},"/home/docker/Jenkins/workspace/leancloud-utility/src/model/enum/UserType.js":{"path":"/home/docker/Jenkins/workspace/leancloud-utility/src/model/enum/UserType.js","s":{"1":1,"2":1,"3":1,"4":1,"5":1,"6":1,"7":1},"b":{"1":[1,0],"2":[1,1]},"f":{"1":1},"fnMap":{"1":{"name":"_interopRequireDefault","line":0,"loc":{"start":{"line":0,"column":0},"end":{"line":0,"column":0}},"skip":true}},"statementMap":{"1":{"start":{"line":0,"column":0},"end":{"line":0,"column":0},"skip":true},"2":{"start":{"line":0,"column":0},"end":{"line":0,"column":0},"skip":true},"3":{"start":{"line":0,"column":0},"end":{"line":0,"column":0},"skip":true},"4":{"start":{"line":0,"column":0},"end":{"line":0,"column":0},"skip":true},"5":{"start":{"line":0,"column":0},"end":{"line":0,"column":0},"skip":true},"6":{"start":{"line":15,"column":0},"end":{"line":20,"column":2}},"7":{"start":{"line":22,"column":15},"end":{"line":null,"column":null}}},"branchMap":{"1":{"line":0,"type":"cond-expr","locations":[{"start":{"line":0,"column":0},"end":{"line":0,"column":0},"skip":true},{"start":{"line":0,"column":0},"end":{"line":0,"column":0},"skip":true}]},"2":{"line":0,"type":"binary-expr","locations":[{"start":{"line":0,"column":0},"end":{"line":0,"column":0},"skip":true},{"start":{"line":0,"column":0},"end":{"line":0,"column":0},"skip":true}]}}},"/home/docker/Jenkins/workspace/leancloud-utility/src/model/utility/deepFreeze.js":{"path":"/home/docker/Jenkins/workspace/leancloud-utility/src/model/utility/deepFreeze.js","s":{"1":1,"2":38,"3":0,"4":1,"5":1,"6":1,"7":7,"8":7,"9":38,"10":38,"11":0,"12":7},"b":{"1":[1,0],"2":[1,1],"3":[0,0],"4":[0,0,0],"5":[0,38],"6":[38,0,0],"7":[0,38]},"f":{"1":38,"2":0,"3":7,"4":38},"fnMap":{"1":{"name":"(anonymous_1)","line":0,"loc":{"start":{"line":0,"column":0},"end":{"line":0,"column":0}},"skip":true},"2":{"name":"(anonymous_2)","line":0,"loc":{"start":{"line":0,"column":0},"end":{"line":0,"column":0}},"skip":true},"3":{"name":"deepFreeze","line":9,"loc":{"start":{"line":9,"column":15},"end":{"line":9,"column":40}}},"4":{"name":"(anonymous_4)","line":15,"loc":{"start":{"line":15,"column":20},"end":{"line":15,"column":28}}}},"statementMap":{"1":{"start":{"line":0,"column":0},"end":{"line":0,"column":0},"skip":true},"2":{"start":{"line":0,"column":0},"end":{"line":0,"column":0},"skip":true},"3":{"start":{"line":0,"column":0},"end":{"line":0,"column":0},"skip":true},"4":{"start":{"line":0,"column":0},"end":{"line":0,"column":0},"skip":true},"5":{"start":{"line":9,"column":24},"end":{"line":null,"column":null}},"6":{"start":{"line":9,"column":15},"end":{"line":26,"column":1}},"7":{"start":{"line":12,"column":8},"end":{"line":null,"column":null}},"8":{"start":{"line":15,"column":11},"end":{"line":null,"column":null}},"9":{"start":{"line":16,"column":10},"end":{"line":null,"column":null}},"10":{"start":{"line":19,"column":8},"end":{"line":21,"column":5}},"11":{"start":{"line":20,"column":16},"end":{"line":20,"column":23}},"12":{"start":{"line":25,"column":9},"end":{"line":25,"column":28}}},"branchMap":{"1":{"line":0,"type":"cond-expr","locations":[{"start":{"line":0,"column":0},"end":{"line":0,"column":0},"skip":true},{"start":{"line":0,"column":0},"end":{"line":0,"column":0},"skip":true}]},"2":{"line":0,"type":"binary-expr","locations":[{"start":{"line":0,"column":0},"end":{"line":0,"column":0},"skip":true},{"start":{"line":0,"column":0},"end":{"line":0,"column":0},"skip":true}]},"3":{"line":0,"type":"cond-expr","locations":[{"start":{"line":0,"column":0},"end":{"line":0,"column":0},"skip":true},{"start":{"line":0,"column":0},"end":{"line":0,"column":0},"skip":true}]},"4":{"line":0,"type":"binary-expr","locations":[{"start":{"line":0,"column":0},"end":{"line":0,"column":0},"skip":true},{"start":{"line":0,"column":0},"end":{"line":0,"column":0},"skip":true},{"start":{"line":0,"column":0},"end":{"line":0,"column":0},"skip":true}]},"5":{"line":19,"type":"if","locations":[{"start":{"line":19,"column":8},"end":{"line":19,"column":8}},{"start":{"line":19,"column":8},"end":{"line":19,"column":8}}]},"6":{"line":19,"type":"binary-expr","locations":[{"start":{"line":19,"column":8},"end":{"line":19,"column":32}},{"start":{"line":19,"column":36},"end":{"line":19,"column":49}},{"start":{"line":19,"column":53},"end":{"line":19,"column":75}}]},"7":{"line":19,"type":"cond-expr","locations":[{"start":{"line":19,"column":15},"end":{"line":19,"column":15}},{"start":{"line":19,"column":15},"end":{"line":19,"column":24}}]}}},"/home/docker/Jenkins/workspace/leancloud-utility/src/model/enum/UserStatus.js":{"path":"/home/docker/Jenkins/workspace/leancloud-utility/src/model/enum/UserStatus.js","s":{"1":1,"2":1,"3":1,"4":1,"5":1,"6":1,"7":1},"b":{"1":[1,0],"2":[1,1]},"f":{"1":1},"fnMap":{"1":{"name":"_interopRequireDefault","line":0,"loc":{"start":{"line":0,"column":0},"end":{"line":0,"column":0}},"skip":true}},"statementMap":{"1":{"start":{"line":0,"column":0},"end":{"line":0,"column":0},"skip":true},"2":{"start":{"line":0,"column":0},"end":{"line":0,"column":0},"skip":true},"3":{"start":{"line":0,"column":0},"end":{"line":0,"column":0},"skip":true},"4":{"start":{"line":0,"column":0},"end":{"line":0,"column":0},"skip":true},"5":{"start":{"line":0,"column":0},"end":{"line":0,"column":0},"skip":true},"6":{"start":{"line":15,"column":0},"end":{"line":26,"column":2}},"7":{"start":{"line":28,"column":15},"end":{"line":null,"column":null}}},"branchMap":{"1":{"line":0,"type":"cond-expr","locations":[{"start":{"line":0,"column":0},"end":{"line":0,"column":0},"skip":true},{"start":{"line":0,"column":0},"end":{"line":0,"column":0},"skip":true}]},"2":{"line":0,"type":"binary-expr","locations":[{"start":{"line":0,"column":0},"end":{"line":0,"column":0},"skip":true},{"start":{"line":0,"column":0},"end":{"line":0,"column":0},"skip":true}]}}},"/home/docker/Jenkins/workspace/leancloud-utility/src/model/enum/Gender.js":{"path":"/home/docker/Jenkins/workspace/leancloud-utility/src/model/enum/Gender.js","s":{"1":1,"2":1,"3":1,"4":1,"5":1,"6":1,"7":1},"b":{"1":[1,0],"2":[1,1]},"f":{"1":1},"fnMap":{"1":{"name":"_interopRequireDefault","line":0,"loc":{"start":{"line":0,"column":0},"end":{"line":0,"column":0}},"skip":true}},"statementMap":{"1":{"start":{"line":0,"column":0},"end":{"line":0,"column":0},"skip":true},"2":{"start":{"line":0,"column":0},"end":{"line":0,"column":0},"skip":true},"3":{"start":{"line":0,"column":0},"end":{"line":0,"column":0},"skip":true},"4":{"start":{"line":0,"column":0},"end":{"line":0,"column":0},"skip":true},"5":{"start":{"line":0,"column":0},"end":{"line":0,"column":0},"skip":true},"6":{"start":{"line":15,"column":0},"end":{"line":20,"column":2}},"7":{"start":{"line":22,"column":15},"end":{"line":null,"column":null}}},"branchMap":{"1":{"line":0,"type":"cond-expr","locations":[{"start":{"line":0,"column":0},"end":{"line":0,"column":0},"skip":true},{"start":{"line":0,"column":0},"end":{"line":0,"column":0},"skip":true}]},"2":{"line":0,"type":"binary-expr","locations":[{"start":{"line":0,"column":0},"end":{"line":0,"column":0},"skip":true},{"start":{"line":0,"column":0},"end":{"line":0,"column":0},"skip":true}]}}},"/home/docker/Jenkins/workspace/leancloud-utility/src/model/enum/AgeGroup.js":{"path":"/home/docker/Jenkins/workspace/leancloud-utility/src/model/enum/AgeGroup.js","s":{"1":1,"2":1,"3":1,"4":1,"5":1,"6":1,"7":1},"b":{"1":[1,0],"2":[1,1]},"f":{"1":1},"fnMap":{"1":{"name":"_interopRequireDefault","line":0,"loc":{"start":{"line":0,"column":0},"end":{"line":0,"column":0}},"skip":true}},"statementMap":{"1":{"start":{"line":0,"column":0},"end":{"line":0,"column":0},"skip":true},"2":{"start":{"line":0,"column":0},"end":{"line":0,"column":0},"skip":true},"3":{"start":{"line":0,"column":0},"end":{"line":0,"column":0},"skip":true},"4":{"start":{"line":0,"column":0},"end":{"line":0,"column":0},"skip":true},"5":{"start":{"line":0,"column":0},"end":{"line":0,"column":0},"skip":true},"6":{"start":{"line":15,"column":0},"end":{"line":40,"column":2}},"7":{"start":{"line":42,"column":15},"end":{"line":null,"column":null}}},"branchMap":{"1":{"line":0,"type":"cond-expr","locations":[{"start":{"line":0,"column":0},"end":{"line":0,"column":0},"skip":true},{"start":{"line":0,"column":0},"end":{"line":0,"column":0},"skip":true}]},"2":{"line":0,"type":"binary-expr","locations":[{"start":{"line":0,"column":0},"end":{"line":0,"column":0},"skip":true},{"start":{"line":0,"column":0},"end":{"line":0,"column":0},"skip":true}]}}},"/home/docker/Jenkins/workspace/leancloud-utility/src/model/enum/Horoscope.js":{"path":"/home/docker/Jenkins/workspace/leancloud-utility/src/model/enum/Horoscope.js","s":{"1":1,"2":1,"3":1,"4":1,"5":1,"6":1,"7":1},"b":{"1":[1,0],"2":[1,1]},"f":{"1":1},"fnMap":{"1":{"name":"_interopRequireDefault","line":0,"loc":{"start":{"line":0,"column":0},"end":{"line":0,"column":0}},"skip":true}},"statementMap":{"1":{"start":{"line":0,"column":0},"end":{"line":0,"column":0},"skip":true},"2":{"start":{"line":0,"column":0},"end":{"line":0,"column":0},"skip":true},"3":{"start":{"line":0,"column":0},"end":{"line":0,"column":0},"skip":true},"4":{"start":{"line":0,"column":0},"end":{"line":0,"column":0},"skip":true},"5":{"start":{"line":0,"column":0},"end":{"line":0,"column":0},"skip":true},"6":{"start":{"line":15,"column":0},"end":{"line":40,"column":2}},"7":{"start":{"line":42,"column":15},"end":{"line":null,"column":null}}},"branchMap":{"1":{"line":0,"type":"cond-expr","locations":[{"start":{"line":0,"column":0},"end":{"line":0,"column":0},"skip":true},{"start":{"line":0,"column":0},"end":{"line":0,"column":0},"skip":true}]},"2":{"line":0,"type":"binary-expr","locations":[{"start":{"line":0,"column":0},"end":{"line":0,"column":0},"skip":true},{"start":{"line":0,"column":0},"end":{"line":0,"column":0},"skip":true}]}}},"/home/docker/Jenkins/workspace/leancloud-utility/src/model/index.js":{"path":"/home/docker/Jenkins/workspace/leancloud-utility/src/model/index.js","s":{"1":1,"2":1,"3":1,"4":1,"5":1,"6":1,"7":1,"8":1,"9":1,"10":1,"11":1,"12":1,"13":1,"14":1,"15":1,"16":1,"17":1,"18":1,"19":1,"20":1,"21":1,"22":1,"23":1,"24":1,"25":1,"26":1,"27":12,"28":1},"b":{"1":[12,0],"2":[12,12]},"f":{"1":12},"fnMap":{"1":{"name":"_interopRequireDefault","line":0,"loc":{"start":{"line":0,"column":0},"end":{"line":0,"column":0}},"skip":true}},"statementMap":{"1":{"start":{"line":1,"column":13},"end":{"line":null,"column":null}},"2":{"start":{"line":0,"column":0},"end":{"line":0,"column":0},"skip":true},"3":{"start":{"line":0,"column":0},"end":{"line":0,"column":0},"skip":true},"4":{"start":{"line":0,"column":0},"end":{"line":0,"column":0},"skip":true},"5":{"start":{"line":0,"column":0},"end":{"line":0,"column":0},"skip":true},"6":{"start":{"line":0,"column":0},"end":{"line":0,"column":0},"skip":true},"7":{"start":{"line":0,"column":0},"end":{"line":0,"column":0},"skip":true},"8":{"start":{"line":0,"column":0},"end":{"line":0,"column":0},"skip":true},"9":{"start":{"line":0,"column":0},"end":{"line":0,"column":0},"skip":true},"10":{"start":{"line":0,"column":0},"end":{"line":0,"column":0},"skip":true},"11":{"start":{"line":0,"column":0},"end":{"line":0,"column":0},"skip":true},"12":{"start":{"line":0,"column":0},"end":{"line":0,"column":0},"skip":true},"13":{"start":{"line":0,"column":0},"end":{"line":0,"column":0},"skip":true},"14":{"start":{"line":0,"column":0},"end":{"line":0,"column":0},"skip":true},"15":{"start":{"line":0,"column":0},"end":{"line":0,"column":0},"skip":true},"16":{"start":{"line":0,"column":0},"end":{"line":0,"column":0},"skip":true},"17":{"start":{"line":0,"column":0},"end":{"line":0,"column":0},"skip":true},"18":{"start":{"line":0,"column":0},"end":{"line":0,"column":0},"skip":true},"19":{"start":{"line":0,"column":0},"end":{"line":0,"column":0},"skip":true},"20":{"start":{"line":0,"column":0},"end":{"line":0,"column":0},"skip":true},"21":{"start":{"line":0,"column":0},"end":{"line":0,"column":0},"skip":true},"22":{"start":{"line":0,"column":0},"end":{"line":0,"column":0},"skip":true},"23":{"start":{"line":0,"column":0},"end":{"line":0,"column":0},"skip":true},"24":{"start":{"line":0,"column":0},"end":{"line":0,"column":0},"skip":true},"25":{"start":{"line":0,"column":0},"end":{"line":0,"column":0},"skip":true},"26":{"start":{"line":0,"column":0},"end":{"line":0,"column":0},"skip":true},"27":{"start":{"line":0,"column":0},"end":{"line":0,"column":0},"skip":true},"28":{"start":{"line":33,"column":15},"end":{"line":null,"column":null}}},"branchMap":{"1":{"line":0,"type":"cond-expr","locations":[{"start":{"line":0,"column":0},"end":{"line":0,"column":0},"skip":true},{"start":{"line":0,"column":0},"end":{"line":0,"column":0},"skip":true}]},"2":{"line":0,"type":"binary-expr","locations":[{"start":{"line":0,"column":0},"end":{"line":0,"column":0},"skip":true},{"start":{"line":0,"column":0},"end":{"line":0,"column":0},"skip":true}]}}},"/home/docker/Jenkins/workspace/leancloud-utility/src/model/business/Business.js":{"path":"/home/docker/Jenkins/workspace/leancloud-utility/src/model/business/Business.js","s":{"1":1,"2":1,"3":1,"4":1,"5":1,"6":1,"7":1,"8":0,"9":0,"10":1,"11":0,"12":0,"13":1,"14":0,"15":0,"16":1,"17":0,"18":0,"19":1,"20":0,"21":0,"22":1,"23":0,"24":0,"25":1,"26":0,"27":0,"28":1,"29":0,"30":0},"b":{"1":[0,1],"2":[1,1]},"f":{"1":1,"2":1,"3":0,"4":0,"5":0,"6":0,"7":0,"8":0,"9":0,"10":0,"11":0,"12":0,"13":0,"14":0,"15":0,"16":0,"17":0,"18":0},"fnMap":{"1":{"name":"_interopRequireDefault","line":0,"loc":{"start":{"line":0,"column":0},"end":{"line":0,"column":0}},"skip":true},"2":{"name":"initialize","line":12,"loc":{"start":{"line":12,"column":15},"end":{"line":12,"column":15}}},"3":{"name":"get","line":48,"loc":{"start":{"line":48,"column":12},"end":{"line":48,"column":12}}},"4":{"name":"set","line":51,"loc":{"start":{"line":51,"column":10},"end":{"line":51,"column":17}}},"5":{"name":"get","line":63,"loc":{"start":{"line":63,"column":12},"end":{"line":63,"column":12}}},"6":{"name":"set","line":66,"loc":{"start":{"line":66,"column":10},"end":{"line":66,"column":17}}},"7":{"name":"get","line":78,"loc":{"start":{"line":78,"column":12},"end":{"line":78,"column":12}}},"8":{"name":"set","line":81,"loc":{"start":{"line":81,"column":10},"end":{"line":81,"column":17}}},"9":{"name":"get","line":93,"loc":{"start":{"line":93,"column":12},"end":{"line":93,"column":12}}},"10":{"name":"set","line":96,"loc":{"start":{"line":96,"column":10},"end":{"line":96,"column":17}}},"11":{"name":"get","line":108,"loc":{"start":{"line":108,"column":12},"end":{"line":108,"column":12}}},"12":{"name":"set","line":111,"loc":{"start":{"line":111,"column":10},"end":{"line":111,"column":17}}},"13":{"name":"get","line":123,"loc":{"start":{"line":123,"column":12},"end":{"line":123,"column":12}}},"14":{"name":"set","line":126,"loc":{"start":{"line":126,"column":10},"end":{"line":126,"column":17}}},"15":{"name":"get","line":138,"loc":{"start":{"line":138,"column":12},"end":{"line":138,"column":12}}},"16":{"name":"set","line":141,"loc":{"start":{"line":141,"column":10},"end":{"line":141,"column":17}}},"17":{"name":"get","line":153,"loc":{"start":{"line":153,"column":12},"end":{"line":153,"column":12}}},"18":{"name":"set","line":156,"loc":{"start":{"line":156,"column":10},"end":{"line":156,"column":17}}}},"statementMap":{"1":{"start":{"line":0,"column":0},"end":{"line":0,"column":0},"skip":true},"2":{"start":{"line":0,"column":0},"end":{"line":0,"column":0},"skip":true},"3":{"start":{"line":0,"column":0},"end":{"line":0,"column":0},"skip":true},"4":{"start":{"line":0,"column":0},"end":{"line":0,"column":0},"skip":true},"5":{"start":{"line":0,"column":0},"end":{"line":0,"column":0},"skip":true},"6":{"start":{"line":10,"column":15},"end":{"line":null,"column":null}},"7":{"start":{"line":47,"column":10},"end":{"line":null,"column":null}},"8":{"start":{"line":49,"column":15},"end":{"line":49,"column":32}},"9":{"start":{"line":52,"column":12},"end":{"line":52,"column":32}},"10":{"start":{"line":62,"column":10},"end":{"line":null,"column":null}},"11":{"start":{"line":64,"column":15},"end":{"line":64,"column":33}},"12":{"start":{"line":67,"column":12},"end":{"line":67,"column":33}},"13":{"start":{"line":77,"column":10},"end":{"line":null,"column":null}},"14":{"start":{"line":79,"column":15},"end":{"line":79,"column":33}},"15":{"start":{"line":82,"column":12},"end":{"line":82,"column":33}},"16":{"start":{"line":92,"column":10},"end":{"line":null,"column":null}},"17":{"start":{"line":94,"column":15},"end":{"line":94,"column":35}},"18":{"start":{"line":97,"column":12},"end":{"line":97,"column":35}},"19":{"start":{"line":107,"column":10},"end":{"line":null,"column":null}},"20":{"start":{"line":109,"column":15},"end":{"line":109,"column":35}},"21":{"start":{"line":112,"column":12},"end":{"line":112,"column":35}},"22":{"start":{"line":122,"column":10},"end":{"line":null,"column":null}},"23":{"start":{"line":124,"column":15},"end":{"line":124,"column":38}},"24":{"start":{"line":127,"column":12},"end":{"line":127,"column":38}},"25":{"start":{"line":137,"column":10},"end":{"line":null,"column":null}},"26":{"start":{"line":139,"column":15},"end":{"line":139,"column":39}},"27":{"start":{"line":142,"column":12},"end":{"line":142,"column":39}},"28":{"start":{"line":152,"column":10},"end":{"line":160,"column":7}},"29":{"start":{"line":154,"column":15},"end":{"line":154,"column":36}},"30":{"start":{"line":157,"column":12},"end":{"line":157,"column":36}}},"branchMap":{"1":{"line":0,"type":"cond-expr","locations":[{"start":{"line":0,"column":0},"end":{"line":0,"column":0},"skip":true},{"start":{"line":0,"column":0},"end":{"line":0,"column":0},"skip":true}]},"2":{"line":0,"type":"binary-expr","locations":[{"start":{"line":0,"column":0},"end":{"line":0,"column":0},"skip":true},{"start":{"line":0,"column":0},"end":{"line":0,"column":0},"skip":true}]}}},"/home/docker/Jenkins/workspace/leancloud-utility/src/model/geographic/Address.js":{"path":"/home/docker/Jenkins/workspace/leancloud-utility/src/model/geographic/Address.js","s":{"1":1,"2":1,"3":1,"4":1,"5":1,"6":1,"7":1,"8":0,"9":0,"10":1,"11":0,"12":0,"13":1,"14":0,"15":0,"16":1,"17":0,"18":0,"19":1,"20":0,"21":0,"22":1,"23":0,"24":0},"b":{"1":[0,1],"2":[1,1]},"f":{"1":1,"2":1,"3":0,"4":0,"5":0,"6":0,"7":0,"8":0,"9":0,"10":0,"11":0,"12":0,"13":0,"14":0},"fnMap":{"1":{"name":"_interopRequireDefault","line":0,"loc":{"start":{"line":0,"column":0},"end":{"line":0,"column":0}},"skip":true},"2":{"name":"initialize","line":12,"loc":{"start":{"line":12,"column":15},"end":{"line":12,"column":15}}},"3":{"name":"get","line":20,"loc":{"start":{"line":20,"column":12},"end":{"line":20,"column":12}}},"4":{"name":"set","line":23,"loc":{"start":{"line":23,"column":10},"end":{"line":23,"column":17}}},"5":{"name":"get","line":35,"loc":{"start":{"line":35,"column":12},"end":{"line":35,"column":12}}},"6":{"name":"set","line":38,"loc":{"start":{"line":38,"column":10},"end":{"line":38,"column":17}}},"7":{"name":"get","line":50,"loc":{"start":{"line":50,"column":12},"end":{"line":50,"column":12}}},"8":{"name":"set","line":53,"loc":{"start":{"line":53,"column":10},"end":{"line":53,"column":17}}},"9":{"name":"get","line":65,"loc":{"start":{"line":65,"column":12},"end":{"line":65,"column":12}}},"10":{"name":"set","line":68,"loc":{"start":{"line":68,"column":10},"end":{"line":68,"column":17}}},"11":{"name":"get","line":80,"loc":{"start":{"line":80,"column":12},"end":{"line":80,"column":12}}},"12":{"name":"set","line":83,"loc":{"start":{"line":83,"column":10},"end":{"line":83,"column":17}}},"13":{"name":"get","line":95,"loc":{"start":{"line":95,"column":12},"end":{"line":95,"column":12}}},"14":{"name":"set","line":98,"loc":{"start":{"line":98,"column":10},"end":{"line":98,"column":17}}}},"statementMap":{"1":{"start":{"line":0,"column":0},"end":{"line":0,"column":0},"skip":true},"2":{"start":{"line":0,"column":0},"end":{"line":0,"column":0},"skip":true},"3":{"start":{"line":0,"column":0},"end":{"line":0,"column":0},"skip":true},"4":{"start":{"line":0,"column":0},"end":{"line":0,"column":0},"skip":true},"5":{"start":{"line":0,"column":0},"end":{"line":0,"column":0},"skip":true},"6":{"start":{"line":10,"column":15},"end":{"line":null,"column":null}},"7":{"start":{"line":19,"column":10},"end":{"line":null,"column":null}},"8":{"start":{"line":21,"column":15},"end":{"line":21,"column":34}},"9":{"start":{"line":24,"column":12},"end":{"line":24,"column":34}},"10":{"start":{"line":34,"column":10},"end":{"line":null,"column":null}},"11":{"start":{"line":36,"column":15},"end":{"line":36,"column":34}},"12":{"start":{"line":39,"column":12},"end":{"line":39,"column":34}},"13":{"start":{"line":49,"column":10},"end":{"line":null,"column":null}},"14":{"start":{"line":51,"column":15},"end":{"line":51,"column":38}},"15":{"start":{"line":54,"column":12},"end":{"line":54,"column":38}},"16":{"start":{"line":64,"column":10},"end":{"line":null,"column":null}},"17":{"start":{"line":66,"column":15},"end":{"line":66,"column":39}},"18":{"start":{"line":69,"column":12},"end":{"line":69,"column":39}},"19":{"start":{"line":79,"column":10},"end":{"line":null,"column":null}},"20":{"start":{"line":81,"column":15},"end":{"line":81,"column":39}},"21":{"start":{"line":84,"column":12},"end":{"line":84,"column":39}},"22":{"start":{"line":94,"column":10},"end":{"line":102,"column":7}},"23":{"start":{"line":96,"column":15},"end":{"line":96,"column":36}},"24":{"start":{"line":99,"column":12},"end":{"line":99,"column":36}}},"branchMap":{"1":{"line":0,"type":"cond-expr","locations":[{"start":{"line":0,"column":0},"end":{"line":0,"column":0},"skip":true},{"start":{"line":0,"column":0},"end":{"line":0,"column":0},"skip":true}]},"2":{"line":0,"type":"binary-expr","locations":[{"start":{"line":0,"column":0},"end":{"line":0,"column":0},"skip":true},{"start":{"line":0,"column":0},"end":{"line":0,"column":0},"skip":true}]}}},"/home/docker/Jenkins/workspace/leancloud-utility/src/model/geographic/Region.js":{"path":"/home/docker/Jenkins/workspace/leancloud-utility/src/model/geographic/Region.js","s":{"1":1,"2":1,"3":1,"4":1,"5":1,"6":1,"7":1,"8":0,"9":0,"10":1,"11":0,"12":0,"13":1,"14":0,"15":0,"16":1,"17":0,"18":0,"19":1,"20":0,"21":0,"22":1,"23":0,"24":0},"b":{"1":[0,1],"2":[1,1]},"f":{"1":1,"2":1,"3":0,"4":0,"5":0,"6":0,"7":0,"8":0,"9":0,"10":0,"11":0,"12":0,"13":0,"14":0},"fnMap":{"1":{"name":"_interopRequireDefault","line":0,"loc":{"start":{"line":0,"column":0},"end":{"line":0,"column":0}},"skip":true},"2":{"name":"initialize","line":14,"loc":{"start":{"line":14,"column":15},"end":{"line":14,"column":15}}},"3":{"name":"get","line":21,"loc":{"start":{"line":21,"column":12},"end":{"line":21,"column":12}}},"4":{"name":"set","line":24,"loc":{"start":{"line":24,"column":10},"end":{"line":24,"column":17}}},"5":{"name":"get","line":36,"loc":{"start":{"line":36,"column":12},"end":{"line":36,"column":12}}},"6":{"name":"set","line":39,"loc":{"start":{"line":39,"column":10},"end":{"line":39,"column":17}}},"7":{"name":"get","line":51,"loc":{"start":{"line":51,"column":12},"end":{"line":51,"column":12}}},"8":{"name":"set","line":54,"loc":{"start":{"line":54,"column":10},"end":{"line":54,"column":17}}},"9":{"name":"get","line":66,"loc":{"start":{"line":66,"column":12},"end":{"line":66,"column":12}}},"10":{"name":"set","line":69,"loc":{"start":{"line":69,"column":10},"end":{"line":69,"column":17}}},"11":{"name":"get","line":81,"loc":{"start":{"line":81,"column":12},"end":{"line":81,"column":12}}},"12":{"name":"set","line":84,"loc":{"start":{"line":84,"column":10},"end":{"line":84,"column":17}}},"13":{"name":"get","line":96,"loc":{"start":{"line":96,"column":12},"end":{"line":96,"column":12}}},"14":{"name":"set","line":99,"loc":{"start":{"line":99,"column":10},"end":{"line":99,"column":17}}}},"statementMap":{"1":{"start":{"line":0,"column":0},"end":{"line":0,"column":0},"skip":true},"2":{"start":{"line":0,"column":0},"end":{"line":0,"column":0},"skip":true},"3":{"start":{"line":0,"column":0},"end":{"line":0,"column":0},"skip":true},"4":{"start":{"line":0,"column":0},"end":{"line":0,"column":0},"skip":true},"5":{"start":{"line":0,"column":0},"end":{"line":0,"column":0},"skip":true},"6":{"start":{"line":13,"column":15},"end":{"line":null,"column":null}},"7":{"start":{"line":20,"column":10},"end":{"line":null,"column":null}},"8":{"start":{"line":22,"column":15},"end":{"line":22,"column":32}},"9":{"start":{"line":25,"column":12},"end":{"line":25,"column":32}},"10":{"start":{"line":35,"column":10},"end":{"line":null,"column":null}},"11":{"start":{"line":37,"column":15},"end":{"line":37,"column":39}},"12":{"start":{"line":40,"column":12},"end":{"line":40,"column":39}},"13":{"start":{"line":50,"column":10},"end":{"line":null,"column":null}},"14":{"start":{"line":52,"column":15},"end":{"line":52,"column":39}},"15":{"start":{"line":55,"column":12},"end":{"line":55,"column":39}},"16":{"start":{"line":65,"column":10},"end":{"line":null,"column":null}},"17":{"start":{"line":67,"column":15},"end":{"line":67,"column":39}},"18":{"start":{"line":70,"column":12},"end":{"line":70,"column":39}},"19":{"start":{"line":80,"column":10},"end":{"line":null,"column":null}},"20":{"start":{"line":82,"column":15},"end":{"line":82,"column":33}},"21":{"start":{"line":85,"column":12},"end":{"line":85,"column":33}},"22":{"start":{"line":95,"column":10},"end":{"line":103,"column":7}},"23":{"start":{"line":97,"column":15},"end":{"line":97,"column":39}},"24":{"start":{"line":100,"column":12},"end":{"line":100,"column":39}}},"branchMap":{"1":{"line":0,"type":"cond-expr","locations":[{"start":{"line":0,"column":0},"end":{"line":0,"column":0},"skip":true},{"start":{"line":0,"column":0},"end":{"line":0,"column":0},"skip":true}]},"2":{"line":0,"type":"binary-expr","locations":[{"start":{"line":0,"column":0},"end":{"line":0,"column":0},"skip":true},{"start":{"line":0,"column":0},"end":{"line":0,"column":0},"skip":true}]}}},"/home/docker/Jenkins/workspace/leancloud-utility/src/model/user/User.js":{"path":"/home/docker/Jenkins/workspace/leancloud-utility/src/model/user/User.js","s":{"1":1,"2":1,"3":1,"4":1,"5":1,"6":1,"7":1,"8":0,"9":0,"10":1,"11":0,"12":0,"13":1,"14":0,"15":0,"16":1,"17":0,"18":0,"19":1,"20":0,"21":0,"22":1,"23":0,"24":0,"25":1,"26":0,"27":0,"28":1,"29":0,"30":0,"31":1,"32":0,"33":0,"34":1,"35":0,"36":0,"37":1,"38":0,"39":0,"40":1,"41":0,"42":0,"43":1,"44":0,"45":0,"46":1,"47":0,"48":0,"49":1,"50":0,"51":0,"52":1,"53":0,"54":0,"55":1,"56":0,"57":0,"58":1,"59":0,"60":0,"61":1,"62":0,"63":0,"64":1,"65":0,"66":0,"67":1,"68":0,"69":0,"70":1,"71":0,"72":0,"73":1,"74":0,"75":0,"76":1,"77":0,"78":0},"b":{"1":[0,1],"2":[1,1]},"f":{"1":1,"2":1,"3":0,"4":0,"5":0,"6":0,"7":0,"8":0,"9":0,"10":0,"11":0,"12":0,"13":0,"14":0,"15":0,"16":0,"17":0,"18":0,"19":0,"20":0,"21":0,"22":0,"23":0,"24":0,"25":0,"26":0,"27":0,"28":0,"29":0,"30":0,"31":0,"32":0,"33":0,"34":0,"35":0,"36":0,"37":0,"38":0,"39":0,"40":0,"41":0,"42":0,"43":0,"44":0,"45":0,"46":0,"47":0,"48":0,"49":0,"50":0},"fnMap":{"1":{"name":"_interopRequireDefault","line":0,"loc":{"start":{"line":0,"column":0},"end":{"line":0,"column":0}},"skip":true},"2":{"name":"initialize","line":12,"loc":{"start":{"line":12,"column":15},"end":{"line":12,"column":15}}},"3":{"name":"get","line":18,"loc":{"start":{"line":18,"column":12},"end":{"line":18,"column":12}}},"4":{"name":"set","line":21,"loc":{"start":{"line":21,"column":10},"end":{"line":21,"column":17}}},"5":{"name":"get","line":32,"loc":{"start":{"line":32,"column":12},"end":{"line":32,"column":12}}},"6":{"name":"set","line":35,"loc":{"start":{"line":35,"column":10},"end":{"line":35,"column":17}}},"7":{"name":"get","line":46,"loc":{"start":{"line":46,"column":12},"end":{"line":46,"column":12}}},"8":{"name":"set","line":49,"loc":{"start":{"line":49,"column":10},"end":{"line":49,"column":17}}},"9":{"name":"get","line":60,"loc":{"start":{"line":60,"column":12},"end":{"line":60,"column":12}}},"10":{"name":"set","line":63,"loc":{"start":{"line":63,"column":10},"end":{"line":63,"column":17}}},"11":{"name":"get","line":74,"loc":{"start":{"line":74,"column":12},"end":{"line":74,"column":12}}},"12":{"name":"set","line":77,"loc":{"start":{"line":77,"column":10},"end":{"line":77,"column":17}}},"13":{"name":"get","line":88,"loc":{"start":{"line":88,"column":12},"end":{"line":88,"column":12}}},"14":{"name":"set","line":91,"loc":{"start":{"line":91,"column":10},"end":{"line":91,"column":17}}},"15":{"name":"get","line":102,"loc":{"start":{"line":102,"column":12},"end":{"line":102,"column":12}}},"16":{"name":"set","line":105,"loc":{"start":{"line":105,"column":10},"end":{"line":105,"column":17}}},"17":{"name":"get","line":116,"loc":{"start":{"line":116,"column":12},"end":{"line":116,"column":12}}},"18":{"name":"set","line":119,"loc":{"start":{"line":119,"column":10},"end":{"line":119,"column":17}}},"19":{"name":"get","line":130,"loc":{"start":{"line":130,"column":12},"end":{"line":130,"column":12}}},"20":{"name":"set","line":133,"loc":{"start":{"line":133,"column":10},"end":{"line":133,"column":17}}},"21":{"name":"get","line":144,"loc":{"start":{"line":144,"column":12},"end":{"line":144,"column":12}}},"22":{"name":"set","line":147,"loc":{"start":{"line":147,"column":10},"end":{"line":147,"column":17}}},"23":{"name":"get","line":158,"loc":{"start":{"line":158,"column":12},"end":{"line":158,"column":12}}},"24":{"name":"set","line":161,"loc":{"start":{"line":161,"column":10},"end":{"line":161,"column":17}}},"25":{"name":"get","line":172,"loc":{"start":{"line":172,"column":12},"end":{"line":172,"column":12}}},"26":{"name":"set","line":175,"loc":{"start":{"line":175,"column":10},"end":{"line":175,"column":17}}},"27":{"name":"get","line":186,"loc":{"start":{"line":186,"column":12},"end":{"line":186,"column":12}}},"28":{"name":"set","line":189,"loc":{"start":{"line":189,"column":10},"end":{"line":189,"column":17}}},"29":{"name":"get","line":200,"loc":{"start":{"line":200,"column":12},"end":{"line":200,"column":12}}},"30":{"name":"set","line":203,"loc":{"start":{"line":203,"column":10},"end":{"line":203,"column":17}}},"31":{"name":"get","line":214,"loc":{"start":{"line":214,"column":12},"end":{"line":214,"column":12}}},"32":{"name":"set","line":217,"loc":{"start":{"line":217,"column":10},"end":{"line":217,"column":17}}},"33":{"name":"get","line":229,"loc":{"start":{"line":229,"column":12},"end":{"line":229,"column":12}}},"34":{"name":"set","line":232,"loc":{"start":{"line":232,"column":10},"end":{"line":232,"column":17}}},"35":{"name":"get","line":244,"loc":{"start":{"line":244,"column":12},"end":{"line":244,"column":12}}},"36":{"name":"set","line":247,"loc":{"start":{"line":247,"column":10},"end":{"line":247,"column":17}}},"37":{"name":"get","line":260,"loc":{"start":{"line":260,"column":12},"end":{"line":260,"column":12}}},"38":{"name":"set","line":263,"loc":{"start":{"line":263,"column":10},"end":{"line":263,"column":17}}},"39":{"name":"get","line":275,"loc":{"start":{"line":275,"column":12},"end":{"line":275,"column":12}}},"40":{"name":"set","line":278,"loc":{"start":{"line":278,"column":10},"end":{"line":278,"column":17}}},"41":{"name":"get","line":290,"loc":{"start":{"line":290,"column":12},"end":{"line":290,"column":12}}},"42":{"name":"set","line":293,"loc":{"start":{"line":293,"column":10},"end":{"line":293,"column":17}}},"43":{"name":"get","line":305,"loc":{"start":{"line":305,"column":12},"end":{"line":305,"column":12}}},"44":{"name":"set","line":308,"loc":{"start":{"line":308,"column":10},"end":{"line":308,"column":17}}},"45":{"name":"get","line":320,"loc":{"start":{"line":320,"column":12},"end":{"line":320,"column":12}}},"46":{"name":"set","line":323,"loc":{"start":{"line":323,"column":10},"end":{"line":323,"column":17}}},"47":{"name":"get","line":335,"loc":{"start":{"line":335,"column":12},"end":{"line":335,"column":12}}},"48":{"name":"set","line":338,"loc":{"start":{"line":338,"column":10},"end":{"line":338,"column":17}}},"49":{"name":"get","line":350,"loc":{"start":{"line":350,"column":12},"end":{"line":350,"column":12}}},"50":{"name":"set","line":353,"loc":{"start":{"line":353,"column":10},"end":{"line":353,"column":17}}}},"statementMap":{"1":{"start":{"line":0,"column":0},"end":{"line":0,"column":0},"skip":true},"2":{"start":{"line":0,"column":0},"end":{"line":0,"column":0},"skip":true},"3":{"start":{"line":0,"column":0},"end":{"line":0,"column":0},"skip":true},"4":{"start":{"line":0,"column":0},"end":{"line":0,"column":0},"skip":true},"5":{"start":{"line":0,"column":0},"end":{"line":0,"column":0},"skip":true},"6":{"start":{"line":10,"column":15},"end":{"line":null,"column":null}},"7":{"start":{"line":17,"column":10},"end":{"line":null,"column":null}},"8":{"start":{"line":19,"column":15},"end":{"line":19,"column":45}},"9":{"start":{"line":22,"column":12},"end":{"line":22,"column":45}},"10":{"start":{"line":31,"column":10},"end":{"line":null,"column":null}},"11":{"start":{"line":33,"column":15},"end":{"line":33,"column":53}},"12":{"start":{"line":36,"column":12},"end":{"line":36,"column":53}},"13":{"start":{"line":45,"column":10},"end":{"line":null,"column":null}},"14":{"start":{"line":47,"column":15},"end":{"line":47,"column":32}},"15":{"start":{"line":50,"column":12},"end":{"line":50,"column":32}},"16":{"start":{"line":59,"column":10},"end":{"line":null,"column":null}},"17":{"start":{"line":61,"column":15},"end":{"line":61,"column":40}},"18":{"start":{"line":64,"column":12},"end":{"line":64,"column":40}},"19":{"start":{"line":73,"column":10},"end":{"line":null,"column":null}},"20":{"start":{"line":75,"column":15},"end":{"line":75,"column":36}},"21":{"start":{"line":78,"column":12},"end":{"line":78,"column":36}},"22":{"start":{"line":87,"column":10},"end":{"line":null,"column":null}},"23":{"start":{"line":89,"column":15},"end":{"line":89,"column":33}},"24":{"start":{"line":92,"column":12},"end":{"line":92,"column":33}},"25":{"start":{"line":101,"column":10},"end":{"line":null,"column":null}},"26":{"start":{"line":103,"column":15},"end":{"line":103,"column":41}},"27":{"start":{"line":106,"column":12},"end":{"line":106,"column":41}},"28":{"start":{"line":115,"column":10},"end":{"line":null,"column":null}},"29":{"start":{"line":117,"column":15},"end":{"line":117,"column":36}},"30":{"start":{"line":120,"column":12},"end":{"line":120,"column":36}},"31":{"start":{"line":129,"column":10},"end":{"line":null,"column":null}},"32":{"start":{"line":131,"column":15},"end":{"line":131,"column":36}},"33":{"start":{"line":134,"column":12},"end":{"line":134,"column":36}},"34":{"start":{"line":143,"column":10},"end":{"line":null,"column":null}},"35":{"start":{"line":145,"column":15},"end":{"line":145,"column":32}},"36":{"start":{"line":148,"column":12},"end":{"line":148,"column":32}},"37":{"start":{"line":157,"column":10},"end":{"line":null,"column":null}},"38":{"start":{"line":159,"column":15},"end":{"line":159,"column":34}},"39":{"start":{"line":162,"column":12},"end":{"line":162,"column":34}},"40":{"start":{"line":171,"column":10},"end":{"line":null,"column":null}},"41":{"start":{"line":173,"column":15},"end":{"line":173,"column":36}},"42":{"start":{"line":176,"column":12},"end":{"line":176,"column":36}},"43":{"start":{"line":185,"column":10},"end":{"line":null,"column":null}},"44":{"start":{"line":187,"column":15},"end":{"line":187,"column":36}},"45":{"start":{"line":190,"column":12},"end":{"line":190,"column":36}},"46":{"start":{"line":199,"column":10},"end":{"line":null,"column":null}},"47":{"start":{"line":201,"column":15},"end":{"line":201,"column":34}},"48":{"start":{"line":204,"column":12},"end":{"line":204,"column":34}},"49":{"start":{"line":213,"column":10},"end":{"line":null,"column":null}},"50":{"start":{"line":215,"column":15},"end":{"line":215,"column":36}},"51":{"start":{"line":218,"column":12},"end":{"line":218,"column":36}},"52":{"start":{"line":228,"column":10},"end":{"line":null,"column":null}},"53":{"start":{"line":230,"column":15},"end":{"line":230,"column":36}},"54":{"start":{"line":233,"column":12},"end":{"line":233,"column":36}},"55":{"start":{"line":243,"column":10},"end":{"line":null,"column":null}},"56":{"start":{"line":245,"column":15},"end":{"line":245,"column":37}},"57":{"start":{"line":248,"column":12},"end":{"line":248,"column":37}},"58":{"start":{"line":259,"column":10},"end":{"line":null,"column":null}},"59":{"start":{"line":261,"column":15},"end":{"line":261,"column":35}},"60":{"start":{"line":264,"column":12},"end":{"line":264,"column":35}},"61":{"start":{"line":274,"column":10},"end":{"line":null,"column":null}},"62":{"start":{"line":276,"column":15},"end":{"line":276,"column":38}},"63":{"start":{"line":279,"column":12},"end":{"line":279,"column":38}},"64":{"start":{"line":289,"column":10},"end":{"line":null,"column":null}},"65":{"start":{"line":291,"column":15},"end":{"line":291,"column":35}},"66":{"start":{"line":294,"column":12},"end":{"line":294,"column":35}},"67":{"start":{"line":304,"column":10},"end":{"line":null,"column":null}},"68":{"start":{"line":306,"column":15},"end":{"line":306,"column":42}},"69":{"start":{"line":309,"column":12},"end":{"line":309,"column":42}},"70":{"start":{"line":319,"column":10},"end":{"line":null,"column":null}},"71":{"start":{"line":321,"column":15},"end":{"line":321,"column":35}},"72":{"start":{"line":324,"column":12},"end":{"line":324,"column":35}},"73":{"start":{"line":334,"column":10},"end":{"line":null,"column":null}},"74":{"start":{"line":336,"column":15},"end":{"line":336,"column":38}},"75":{"start":{"line":339,"column":12},"end":{"line":339,"column":38}},"76":{"start":{"line":349,"column":10},"end":{"line":357,"column":7}},"77":{"start":{"line":351,"column":15},"end":{"line":351,"column":37}},"78":{"start":{"line":354,"column":12},"end":{"line":354,"column":37}}},"branchMap":{"1":{"line":0,"type":"cond-expr","locations":[{"start":{"line":0,"column":0},"end":{"line":0,"column":0},"skip":true},{"start":{"line":0,"column":0},"end":{"line":0,"column":0},"skip":true}]},"2":{"line":0,"type":"binary-expr","locations":[{"start":{"line":0,"column":0},"end":{"line":0,"column":0},"skip":true},{"start":{"line":0,"column":0},"end":{"line":0,"column":0},"skip":true}]}}},"/home/docker/Jenkins/workspace/leancloud-utility/src/model/user/Role.js":{"path":"/home/docker/Jenkins/workspace/leancloud-utility/src/model/user/Role.js","s":{"1":1,"2":1,"3":1,"4":1,"5":1,"6":1,"7":1,"8":0,"9":0,"10":1,"11":0,"12":0},"b":{"1":[0,1],"2":[1,1]},"f":{"1":1,"2":1,"3":0,"4":0,"5":0,"6":0},"fnMap":{"1":{"name":"_interopRequireDefault","line":0,"loc":{"start":{"line":0,"column":0},"end":{"line":0,"column":0}},"skip":true},"2":{"name":"initialize","line":12,"loc":{"start":{"line":12,"column":15},"end":{"line":12,"column":15}}},"3":{"name":"get","line":19,"loc":{"start":{"line":19,"column":12},"end":{"line":19,"column":12}}},"4":{"name":"set","line":22,"loc":{"start":{"line":22,"column":10},"end":{"line":22,"column":17}}},"5":{"name":"get","line":34,"loc":{"start":{"line":34,"column":12},"end":{"line":34,"column":12}}},"6":{"name":"set","line":37,"loc":{"start":{"line":37,"column":10},"end":{"line":37,"column":17}}}},"statementMap":{"1":{"start":{"line":0,"column":0},"end":{"line":0,"column":0},"skip":true},"2":{"start":{"line":0,"column":0},"end":{"line":0,"column":0},"skip":true},"3":{"start":{"line":0,"column":0},"end":{"line":0,"column":0},"skip":true},"4":{"start":{"line":0,"column":0},"end":{"line":0,"column":0},"skip":true},"5":{"start":{"line":0,"column":0},"end":{"line":0,"column":0},"skip":true},"6":{"start":{"line":10,"column":15},"end":{"line":null,"column":null}},"7":{"start":{"line":18,"column":10},"end":{"line":null,"column":null}},"8":{"start":{"line":20,"column":15},"end":{"line":20,"column":32}},"9":{"start":{"line":23,"column":12},"end":{"line":23,"column":32}},"10":{"start":{"line":33,"column":10},"end":{"line":41,"column":7}},"11":{"start":{"line":35,"column":15},"end":{"line":35,"column":36}},"12":{"start":{"line":38,"column":12},"end":{"line":38,"column":36}}},"branchMap":{"1":{"line":0,"type":"cond-expr","locations":[{"start":{"line":0,"column":0},"end":{"line":0,"column":0},"skip":true},{"start":{"line":0,"column":0},"end":{"line":0,"column":0},"skip":true}]},"2":{"line":0,"type":"binary-expr","locations":[{"start":{"line":0,"column":0},"end":{"line":0,"column":0},"skip":true},{"start":{"line":0,"column":0},"end":{"line":0,"column":0},"skip":true}]}}},"/home/docker/Jenkins/workspace/leancloud-utility/src/model/enum/Activation.js":{"path":"/home/docker/Jenkins/workspace/leancloud-utility/src/model/enum/Activation.js","s":{"1":1,"2":1,"3":1,"4":1,"5":1,"6":1,"7":1},"b":{"1":[1,0],"2":[1,1]},"f":{"1":1},"fnMap":{"1":{"name":"_interopRequireDefault","line":0,"loc":{"start":{"line":0,"column":0},"end":{"line":0,"column":0}},"skip":true}},"statementMap":{"1":{"start":{"line":0,"column":0},"end":{"line":0,"column":0},"skip":true},"2":{"start":{"line":0,"column":0},"end":{"line":0,"column":0},"skip":true},"3":{"start":{"line":0,"column":0},"end":{"line":0,"column":0},"skip":true},"4":{"start":{"line":0,"column":0},"end":{"line":0,"column":0},"skip":true},"5":{"start":{"line":0,"column":0},"end":{"line":0,"column":0},"skip":true},"6":{"start":{"line":15,"column":0},"end":{"line":20,"column":2}},"7":{"start":{"line":22,"column":15},"end":{"line":null,"column":null}}},"branchMap":{"1":{"line":0,"type":"cond-expr","locations":[{"start":{"line":0,"column":0},"end":{"line":0,"column":0},"skip":true},{"start":{"line":0,"column":0},"end":{"line":0,"column":0},"skip":true}]},"2":{"line":0,"type":"binary-expr","locations":[{"start":{"line":0,"column":0},"end":{"line":0,"column":0},"skip":true},{"start":{"line":0,"column":0},"end":{"line":0,"column":0},"skip":true}]}}},"/home/docker/Jenkins/workspace/leancloud-utility/src/model/enum/ImageType.js":{"path":"/home/docker/Jenkins/workspace/leancloud-utility/src/model/enum/ImageType.js","s":{"1":1,"2":1,"3":1,"4":1,"5":1,"6":1,"7":1},"b":{"1":[1,0],"2":[1,1]},"f":{"1":1},"fnMap":{"1":{"name":"_interopRequireDefault","line":0,"loc":{"start":{"line":0,"column":0},"end":{"line":0,"column":0}},"skip":true}},"statementMap":{"1":{"start":{"line":0,"column":0},"end":{"line":0,"column":0},"skip":true},"2":{"start":{"line":0,"column":0},"end":{"line":0,"column":0},"skip":true},"3":{"start":{"line":0,"column":0},"end":{"line":0,"column":0},"skip":true},"4":{"start":{"line":0,"column":0},"end":{"line":0,"column":0},"skip":true},"5":{"start":{"line":0,"column":0},"end":{"line":0,"column":0},"skip":true},"6":{"start":{"line":15,"column":0},"end":{"line":22,"column":2}},"7":{"start":{"line":24,"column":15},"end":{"line":null,"column":null}}},"branchMap":{"1":{"line":0,"type":"cond-expr","locations":[{"start":{"line":0,"column":0},"end":{"line":0,"column":0},"skip":true},{"start":{"line":0,"column":0},"end":{"line":0,"column":0},"skip":true}]},"2":{"line":0,"type":"binary-expr","locations":[{"start":{"line":0,"column":0},"end":{"line":0,"column":0},"skip":true},{"start":{"line":0,"column":0},"end":{"line":0,"column":0},"skip":true}]}}}}