TN:
SF:/home/docker/Jenkins/workspace/validation-stack/src/UserValidation.js
FN:10,(anonymous_2)
FN:31,verifyUsername
FN:39,isUsernameAlphanumeric
FN:54,isUsernameLength
FN:63,(anonymous_6)
FN:76,verifyPassword
FN:84,isPasswordLength
FN:93,(anonymous_9)
FN:105,verifyType
FN:113,isTypeEnumUserType
FN:120,(anonymous_12)
FN:132,verifyStatus
FN:140,isStatusEnumUserStatus
FN:147,(anonymous_15)
FN:159,verifyGender
FN:167,isGenderEnumGender
FN:174,(anonymous_18)
FN:186,verifyBirthday
FN:194,isBirthdayInRnage
FN:210,(anonymous_21)
FN:222,verifyAgeGroup
FN:230,matchesEnumAgeGroup
FN:237,(anonymous_24)
FN:249,verifyHoroscope
FN:257,matchesEnumHoroscope
FN:264,(anonymous_27)
FN:276,verifyWhatsUp
FN:283,isWhatsUpLength
FN:292,(anonymous_30)
FNF:29
FNH:8
FNDA:1,(anonymous_2)
FNDA:8,verifyUsername
FNDA:8,isUsernameAlphanumeric
FNDA:8,isUsernameLength
FNDA:1,(anonymous_6)
FNDA:0,verifyPassword
FNDA:0,isPasswordLength
FNDA:0,(anonymous_9)
FNDA:4,verifyType
FNDA:4,isTypeEnumUserType
FNDA:2,(anonymous_12)
FNDA:0,verifyStatus
FNDA:0,isStatusEnumUserStatus
FNDA:0,(anonymous_15)
FNDA:0,verifyGender
FNDA:0,isGenderEnumGender
FNDA:0,(anonymous_18)
FNDA:0,verifyBirthday
FNDA:0,isBirthdayInRnage
FNDA:0,(anonymous_21)
FNDA:0,verifyAgeGroup
FNDA:0,matchesEnumAgeGroup
FNDA:0,(anonymous_24)
FNDA:0,verifyHoroscope
FNDA:0,matchesEnumHoroscope
FNDA:0,(anonymous_27)
FNDA:0,verifyWhatsUp
FNDA:0,isWhatsUpLength
FNDA:0,(anonymous_30)
DA:10,1
DA:11,1
DA:12,1
DA:13,1
DA:14,1
DA:15,1
DA:16,1
DA:18,1
DA:19,1
DA:31,1
DA:39,1
DA:40,8
DA:54,1
DA:55,8
DA:63,8
DA:64,1
DA:76,1
DA:84,1
DA:85,0
DA:93,0
DA:94,0
DA:105,1
DA:113,1
DA:114,4
DA:120,4
DA:121,2
DA:132,1
DA:140,1
DA:141,0
DA:147,0
DA:148,0
DA:159,1
DA:167,1
DA:168,0
DA:174,0
DA:175,0
DA:186,1
DA:194,1
DA:195,0
DA:196,0
DA:197,0
DA:199,0
DA:200,0
DA:202,0
DA:210,0
DA:211,0
DA:222,1
DA:230,1
DA:231,0
DA:237,0
DA:238,0
DA:249,1
DA:257,1
DA:258,0
DA:264,0
DA:265,0
DA:276,1
DA:283,1
DA:284,0
DA:292,0
DA:293,0
DA:298,1
LF:62
LH:36
BRDA:41,3,0,3
BRDA:41,3,1,5
BRDA:56,4,0,5
BRDA:56,4,1,3
BRDA:86,5,0,0
BRDA:86,5,1,0
BRDA:203,6,0,0
BRDA:203,6,1,0
BRDA:202,7,0,0
BRDA:202,7,1,0
BRDA:285,8,0,0
BRDA:285,8,1,0
BRF:12
BRH:4
end_of_record
