TN:
SF:/home/docker/Jenkins/workspace/leancloud-utility/src/index.js
FNF:0
FNH:0
DA:3,1
DA:6,1
DA:7,1
LF:3
LH:3
BRF:0
BRH:0
end_of_record
TN:
SF:/home/docker/Jenkins/workspace/leancloud-utility/src/validation/index.js
FNF:0
FNH:0
DA:5,1
DA:6,1
DA:7,1
DA:9,1
DA:10,1
DA:11,1
LF:6
LH:6
BRF:0
BRH:0
end_of_record
TN:
SF:/home/docker/Jenkins/workspace/leancloud-utility/src/validation/UserValidation.js
FN:15,verifyUsername
FN:40,isUsernameAlphanumeric
FN:55,isUsernameLength
FN:64,(anonymous_5)
FN:69,verifyPassword
FN:85,isPasswordLength
FN:94,(anonymous_8)
FN:98,verifyType
FN:114,isTypeEnumUserType
FN:121,(anonymous_11)
FN:125,verifyStatus
FN:141,isStatusEnumUserStatus
FN:148,(anonymous_14)
FN:152,verifyGender
FN:168,isGenderEnumGender
FN:175,(anonymous_17)
FN:179,verifyBirthday
FN:195,isBirthdayInRnage
FN:211,(anonymous_20)
FN:215,verifyAgeGroup
FN:231,matchesEnumAgeGroup
FN:238,(anonymous_23)
FN:242,verifyHoroscope
FN:258,matchesEnumHoroscope
FN:265,(anonymous_26)
FN:269,verifyWhatsUp
FN:284,isWhatsUpLength
FN:293,(anonymous_29)
FN:297,verifyNickname
FN:312,isNicknameLength
FN:321,(anonymous_32)
FNF:31
FNH:10
FNDA:400,verifyUsername
FNDA:400,isUsernameAlphanumeric
FNDA:400,isUsernameLength
FNDA:100,(anonymous_5)
FNDA:0,verifyPassword
FNDA:0,isPasswordLength
FNDA:0,(anonymous_8)
FNDA:0,verifyType
FNDA:0,isTypeEnumUserType
FNDA:0,(anonymous_11)
FNDA:0,verifyStatus
FNDA:0,isStatusEnumUserStatus
FNDA:0,(anonymous_14)
FNDA:0,verifyGender
FNDA:0,isGenderEnumGender
FNDA:0,(anonymous_17)
FNDA:0,verifyBirthday
FNDA:0,isBirthdayInRnage
FNDA:0,(anonymous_20)
FNDA:0,verifyAgeGroup
FNDA:0,matchesEnumAgeGroup
FNDA:0,(anonymous_23)
FNDA:0,verifyHoroscope
FNDA:0,matchesEnumHoroscope
FNDA:0,(anonymous_26)
FNDA:200,verifyWhatsUp
FNDA:200,isWhatsUpLength
FNDA:100,(anonymous_29)
FNDA:200,verifyNickname
FNDA:200,isNicknameLength
FNDA:100,(anonymous_32)
DA:14,1
DA:15,1
DA:32,1
DA:40,1
DA:41,400
DA:55,1
DA:56,400
DA:64,400
DA:65,100
DA:69,1
DA:77,1
DA:85,1
DA:86,0
DA:94,0
DA:95,0
DA:98,1
DA:106,1
DA:114,1
DA:115,0
DA:121,0
DA:122,0
DA:125,1
DA:133,1
DA:141,1
DA:142,0
DA:148,0
DA:149,0
DA:152,1
DA:160,1
DA:168,1
DA:169,0
DA:175,0
DA:176,0
DA:179,1
DA:187,1
DA:195,1
DA:196,0
DA:197,0
DA:198,0
DA:200,0
DA:201,0
DA:203,0
DA:211,0
DA:212,0
DA:215,1
DA:223,1
DA:231,1
DA:232,0
DA:238,0
DA:239,0
DA:242,1
DA:250,1
DA:258,1
DA:259,0
DA:265,0
DA:266,0
DA:269,1
DA:277,1
DA:284,1
DA:285,200
DA:293,200
DA:294,100
DA:297,1
DA:305,1
DA:312,1
DA:313,200
DA:321,200
DA:322,100
LF:68
LH:42
BRDA:42,3,0,300
BRDA:42,3,1,100
BRDA:57,4,0,200
BRDA:57,4,1,200
BRDA:87,5,0,0
BRDA:87,5,1,0
BRDA:204,6,0,0
BRDA:204,6,1,0
BRDA:203,7,0,0
BRDA:203,7,1,0
BRDA:286,8,0,100
BRDA:286,8,1,100
BRDA:314,9,0,100
BRDA:314,9,1,100
BRF:14
BRH:8
end_of_record
TN:
SF:/home/docker/Jenkins/workspace/leancloud-utility/src/model/enum/UserType.js
FNF:0
FNH:0
DA:15,1
DA:22,1
LF:2
LH:2
BRF:0
BRH:0
end_of_record
TN:
SF:/home/docker/Jenkins/workspace/leancloud-utility/src/model/utility/deepFreeze.js
FN:9,deepFreeze
FN:15,(anonymous_4)
FNF:2
FNH:2
FNDA:3656,deepFreeze
FNDA:25575,(anonymous_4)
DA:9,1
DA:12,3656
DA:15,3656
DA:16,25575
DA:19,25575
DA:20,3648
DA:25,3656
LF:7
LH:7
BRDA:19,5,0,3648
BRDA:19,5,1,21927
BRDA:19,6,0,25575
BRDA:19,6,1,3648
BRDA:19,6,2,3648
BRDA:19,7,0,0
BRDA:19,7,1,25575
BRF:7
BRH:6
end_of_record
TN:
SF:/home/docker/Jenkins/workspace/leancloud-utility/src/model/enum/UserStatus.js
FNF:0
FNH:0
DA:15,1
DA:28,1
LF:2
LH:2
BRF:0
BRH:0
end_of_record
TN:
SF:/home/docker/Jenkins/workspace/leancloud-utility/src/model/enum/Gender.js
FNF:0
FNH:0
DA:15,1
DA:22,1
LF:2
LH:2
BRF:0
BRH:0
end_of_record
TN:
SF:/home/docker/Jenkins/workspace/leancloud-utility/src/model/enum/AgeGroup.js
FNF:0
FNH:0
DA:15,1
DA:42,1
LF:2
LH:2
BRF:0
BRH:0
end_of_record
TN:
SF:/home/docker/Jenkins/workspace/leancloud-utility/src/model/enum/Horoscope.js
FNF:0
FNH:0
DA:15,1
DA:42,1
LF:2
LH:2
BRF:0
BRH:0
end_of_record
TN:
SF:/home/docker/Jenkins/workspace/leancloud-utility/src/validation/AddressValidation.js
FN:10,verifyStreet
FN:34,isStreetLength
FN:43,(anonymous_4)
FN:47,verifyRegionCode
FN:62,matchesRegionCode
FN:72,(anonymous_7)
FNF:6
FNH:3
FNDA:200,verifyStreet
FNDA:200,isStreetLength
FNDA:100,(anonymous_4)
FNDA:0,verifyRegionCode
FNDA:0,matchesRegionCode
FNDA:0,(anonymous_7)
DA:9,1
DA:10,1
DA:27,1
DA:34,1
DA:35,200
DA:43,200
DA:44,100
DA:47,1
DA:55,1
DA:62,1
DA:64,0
DA:72,0
DA:73,0
LF:13
LH:10
BRDA:36,3,0,100
BRDA:36,3,1,100
BRDA:65,4,0,0
BRDA:65,4,1,0
BRF:4
BRH:2
end_of_record
TN:
SF:/home/docker/Jenkins/workspace/leancloud-utility/src/model/enum/Region.js
FN:30,matchByCode
FN:40,matchByName
FN:48,province
FN:56,municipality
FN:64,district
FN:68,levelFourRegions
FNF:6
FNH:0
FNDA:0,matchByCode
FNDA:0,matchByName
FNDA:0,province
FNDA:0,municipality
FNDA:0,district
FNDA:0,levelFourRegions
DA:17,1
DA:30,0
DA:31,0
DA:40,0
DA:41,0
DA:49,0
DA:57,0
DA:65,0
DA:69,0
DA:74,1
LF:10
LH:2
BRDA:30,3,0,0
BRDA:30,3,1,0
BRDA:30,4,0,0
BRDA:30,4,1,0
BRDA:40,5,0,0
BRDA:40,5,1,0
BRDA:40,6,0,0
BRDA:40,6,1,0
BRF:8
BRH:2
end_of_record
TN:
SF:/home/docker/Jenkins/workspace/leancloud-utility/src/validation/BusinessValidation.js
FN:9,verifyEmail
FN:33,isEmailFormat
FN:42,(anonymous_4)
FN:46,verifyName
FN:61,isNameLength
FN:70,(anonymous_7)
FN:74,verifyUrl
FN:89,isUrlFormat
FN:98,(anonymous_10)
FN:102,verifyDecription
FN:117,isDescriptionLength
FN:126,(anonymous_13)
FNF:12
FNH:6
FNDA:0,verifyEmail
FNDA:0,isEmailFormat
FNDA:0,(anonymous_4)
FNDA:600,verifyName
FNDA:600,isNameLength
FNDA:100,(anonymous_7)
FNDA:0,verifyUrl
FNDA:0,isUrlFormat
FNDA:0,(anonymous_10)
FNDA:200,verifyDecription
FNDA:200,isDescriptionLength
FNDA:100,(anonymous_13)
DA:8,1
DA:9,1
DA:26,1
DA:33,1
DA:34,0
DA:42,0
DA:43,0
DA:46,1
DA:54,1
DA:61,1
DA:62,600
DA:70,600
DA:71,100
DA:74,1
DA:82,1
DA:89,1
DA:90,0
DA:98,0
DA:99,0
DA:102,1
DA:110,1
DA:117,1
DA:118,200
DA:126,200
DA:127,100
LF:25
LH:19
BRDA:35,3,0,0
BRDA:35,3,1,0
BRDA:63,4,0,100
BRDA:63,4,1,500
BRDA:91,5,0,0
BRDA:91,5,1,0
BRDA:119,6,0,100
BRDA:119,6,1,100
BRF:8
BRH:4
end_of_record
TN:
SF:/home/docker/Jenkins/workspace/leancloud-utility/src/model/index.js
FNF:0
FNH:0
DA:1,1
DA:33,1
LF:2
LH:2
BRF:0
BRH:0
end_of_record
TN:
SF:/home/docker/Jenkins/workspace/leancloud-utility/src/model/business/Business.js
FN:12,initialize
FN:48,get
FN:51,set
FN:63,get
FN:66,set
FN:78,get
FN:81,set
FN:93,get
FN:96,set
FN:108,get
FN:111,set
FN:123,get
FN:126,set
FN:138,get
FN:141,set
FN:153,get
FN:156,set
FNF:17
FNH:0
FNDA:0,initialize
FNDA:0,get
FNDA:0,set
FNDA:0,get
FNDA:0,set
FNDA:0,get
FNDA:0,set
FNDA:0,get
FNDA:0,set
FNDA:0,get
FNDA:0,set
FNDA:0,get
FNDA:0,set
FNDA:0,get
FNDA:0,set
FNDA:0,get
FNDA:0,set
DA:10,1
DA:47,0
DA:49,0
DA:52,0
DA:62,0
DA:64,0
DA:67,0
DA:77,0
DA:79,0
DA:82,0
DA:92,0
DA:94,0
DA:97,0
DA:107,0
DA:109,0
DA:112,0
DA:122,0
DA:124,0
DA:127,0
DA:137,0
DA:139,0
DA:142,0
DA:152,0
DA:154,0
DA:157,0
LF:25
LH:1
BRF:0
BRH:0
end_of_record
TN:
SF:/home/docker/Jenkins/workspace/leancloud-utility/src/model/geographic/Address.js
FN:12,initialize
FN:20,get
FN:23,set
FN:35,get
FN:38,set
FN:50,get
FN:53,set
FN:65,get
FN:68,set
FN:80,get
FN:83,set
FN:95,get
FN:98,set
FNF:13
FNH:0
FNDA:0,initialize
FNDA:0,get
FNDA:0,set
FNDA:0,get
FNDA:0,set
FNDA:0,get
FNDA:0,set
FNDA:0,get
FNDA:0,set
FNDA:0,get
FNDA:0,set
FNDA:0,get
FNDA:0,set
DA:10,1
DA:19,0
DA:21,0
DA:24,0
DA:34,0
DA:36,0
DA:39,0
DA:49,0
DA:51,0
DA:54,0
DA:64,0
DA:66,0
DA:69,0
DA:79,0
DA:81,0
DA:84,0
DA:94,0
DA:96,0
DA:99,0
LF:19
LH:1
BRF:0
BRH:0
end_of_record
TN:
SF:/home/docker/Jenkins/workspace/leancloud-utility/src/model/user/User.js
FN:12,initialize
FN:18,get
FN:21,set
FN:32,get
FN:35,set
FN:46,get
FN:49,set
FN:60,get
FN:63,set
FN:74,get
FN:77,set
FN:88,get
FN:91,set
FN:102,get
FN:105,set
FN:116,get
FN:119,set
FN:130,get
FN:133,set
FN:144,get
FN:147,set
FN:158,get
FN:161,set
FN:172,get
FN:175,set
FN:186,get
FN:189,set
FN:200,get
FN:203,set
FN:214,get
FN:217,set
FN:229,get
FN:232,set
FN:244,get
FN:247,set
FN:260,get
FN:263,set
FN:275,get
FN:278,set
FN:290,get
FN:293,set
FN:305,get
FN:308,set
FN:320,get
FN:323,set
FN:335,get
FN:338,set
FN:350,get
FN:353,set
FNF:49
FNH:0
FNDA:0,initialize
FNDA:0,get
FNDA:0,set
FNDA:0,get
FNDA:0,set
FNDA:0,get
FNDA:0,set
FNDA:0,get
FNDA:0,set
FNDA:0,get
FNDA:0,set
FNDA:0,get
FNDA:0,set
FNDA:0,get
FNDA:0,set
FNDA:0,get
FNDA:0,set
FNDA:0,get
FNDA:0,set
FNDA:0,get
FNDA:0,set
FNDA:0,get
FNDA:0,set
FNDA:0,get
FNDA:0,set
FNDA:0,get
FNDA:0,set
FNDA:0,get
FNDA:0,set
FNDA:0,get
FNDA:0,set
FNDA:0,get
FNDA:0,set
FNDA:0,get
FNDA:0,set
FNDA:0,get
FNDA:0,set
FNDA:0,get
FNDA:0,set
FNDA:0,get
FNDA:0,set
FNDA:0,get
FNDA:0,set
FNDA:0,get
FNDA:0,set
FNDA:0,get
FNDA:0,set
FNDA:0,get
FNDA:0,set
DA:10,1
DA:17,0
DA:19,0
DA:22,0
DA:31,0
DA:33,0
DA:36,0
DA:45,0
DA:47,0
DA:50,0
DA:59,0
DA:61,0
DA:64,0
DA:73,0
DA:75,0
DA:78,0
DA:87,0
DA:89,0
DA:92,0
DA:101,0
DA:103,0
DA:106,0
DA:115,0
DA:117,0
DA:120,0
DA:129,0
DA:131,0
DA:134,0
DA:143,0
DA:145,0
DA:148,0
DA:157,0
DA:159,0
DA:162,0
DA:171,0
DA:173,0
DA:176,0
DA:185,0
DA:187,0
DA:190,0
DA:199,0
DA:201,0
DA:204,0
DA:213,0
DA:215,0
DA:218,0
DA:228,0
DA:230,0
DA:233,0
DA:243,0
DA:245,0
DA:248,0
DA:259,0
DA:261,0
DA:264,0
DA:274,0
DA:276,0
DA:279,0
DA:289,0
DA:291,0
DA:294,0
DA:304,0
DA:306,0
DA:309,0
DA:319,0
DA:321,0
DA:324,0
DA:334,0
DA:336,0
DA:339,0
DA:349,0
DA:351,0
DA:354,0
LF:73
LH:1
BRF:0
BRH:0
end_of_record
TN:
SF:/home/docker/Jenkins/workspace/leancloud-utility/src/model/user/Role.js
FN:12,initialize
FN:19,get
FN:22,set
FN:34,get
FN:37,set
FNF:5
FNH:0
FNDA:0,initialize
FNDA:0,get
FNDA:0,set
FNDA:0,get
FNDA:0,set
DA:10,1
DA:18,0
DA:20,0
DA:23,0
DA:33,0
DA:35,0
DA:38,0
LF:7
LH:1
BRF:0
BRH:0
end_of_record
TN:
SF:/home/docker/Jenkins/workspace/leancloud-utility/src/model/enum/Activation.js
FNF:0
FNH:0
DA:15,1
DA:22,1
LF:2
LH:2
BRF:0
BRH:0
end_of_record
TN:
SF:/home/docker/Jenkins/workspace/leancloud-utility/src/model/enum/ImageType.js
FNF:0
FNH:0
DA:15,1
DA:24,1
LF:2
LH:2
BRF:0
BRH:0
end_of_record
