<?xml version="1.0" ?>
<!DOCTYPE coverage SYSTEM "http://cobertura.sourceforge.net/xml/coverage-04.dtd">
<coverage lines-valid="233"  lines-covered="114"  line-rate="0.4893"  branches-valid="19"  branches-covered="7"  branch-rate="0.36840000000000006"  timestamp="1452170003548" complexity="0" version="0.1">
<sources>
	<source>/home/docker/Jenkins/workspace/leancloud-utility</source>
</sources>
<packages>
	<package name="src"  line-rate="1"  branch-rate="1" >
	<classes>
		<class name="index.js"  filename="src/index.js"  line-rate="1"  branch-rate="1" >
		<methods>
		</methods>
		<lines>
			<line number="3"  hits="1"  branch="false" />
			<line number="6"  hits="1"  branch="false" />
			<line number="7"  hits="1"  branch="false" />
		</lines>
		</class>
	</classes>
	</package>
	<package name="src.model"  line-rate="1"  branch-rate="1" >
	<classes>
		<class name="index.js"  filename="src/model/index.js"  line-rate="1"  branch-rate="1" >
		<methods>
		</methods>
		<lines>
			<line number="1"  hits="1"  branch="false" />
			<line number="33"  hits="1"  branch="false" />
		</lines>
		</class>
	</classes>
	</package>
	<package name="src.model.business"  line-rate="0.36"  branch-rate="1" >
	<classes>
		<class name="Business.js"  filename="src/model/business/Business.js"  line-rate="0.36"  branch-rate="1" >
		<methods>
			<method name="initialize"  hits="1"  signature="()V" >
				<lines><line number="12"  hits="1" /></lines>
			</method>
			<method name="get"  hits="0"  signature="()V" >
				<lines><line number="48"  hits="0" /></lines>
			</method>
			<method name="set"  hits="0"  signature="()V" >
				<lines><line number="51"  hits="0" /></lines>
			</method>
			<method name="get"  hits="0"  signature="()V" >
				<lines><line number="63"  hits="0" /></lines>
			</method>
			<method name="set"  hits="0"  signature="()V" >
				<lines><line number="66"  hits="0" /></lines>
			</method>
			<method name="get"  hits="0"  signature="()V" >
				<lines><line number="78"  hits="0" /></lines>
			</method>
			<method name="set"  hits="0"  signature="()V" >
				<lines><line number="81"  hits="0" /></lines>
			</method>
			<method name="get"  hits="0"  signature="()V" >
				<lines><line number="93"  hits="0" /></lines>
			</method>
			<method name="set"  hits="0"  signature="()V" >
				<lines><line number="96"  hits="0" /></lines>
			</method>
			<method name="get"  hits="0"  signature="()V" >
				<lines><line number="108"  hits="0" /></lines>
			</method>
			<method name="set"  hits="0"  signature="()V" >
				<lines><line number="111"  hits="0" /></lines>
			</method>
			<method name="get"  hits="0"  signature="()V" >
				<lines><line number="123"  hits="0" /></lines>
			</method>
			<method name="set"  hits="0"  signature="()V" >
				<lines><line number="126"  hits="0" /></lines>
			</method>
			<method name="get"  hits="0"  signature="()V" >
				<lines><line number="138"  hits="0" /></lines>
			</method>
			<method name="set"  hits="0"  signature="()V" >
				<lines><line number="141"  hits="0" /></lines>
			</method>
			<method name="get"  hits="0"  signature="()V" >
				<lines><line number="153"  hits="0" /></lines>
			</method>
			<method name="set"  hits="0"  signature="()V" >
				<lines><line number="156"  hits="0" /></lines>
			</method>
		</methods>
		<lines>
			<line number="10"  hits="1"  branch="false" />
			<line number="47"  hits="1"  branch="false" />
			<line number="49"  hits="0"  branch="false" />
			<line number="52"  hits="0"  branch="false" />
			<line number="62"  hits="1"  branch="false" />
			<line number="64"  hits="0"  branch="false" />
			<line number="67"  hits="0"  branch="false" />
			<line number="77"  hits="1"  branch="false" />
			<line number="79"  hits="0"  branch="false" />
			<line number="82"  hits="0"  branch="false" />
			<line number="92"  hits="1"  branch="false" />
			<line number="94"  hits="0"  branch="false" />
			<line number="97"  hits="0"  branch="false" />
			<line number="107"  hits="1"  branch="false" />
			<line number="109"  hits="0"  branch="false" />
			<line number="112"  hits="0"  branch="false" />
			<line number="122"  hits="1"  branch="false" />
			<line number="124"  hits="0"  branch="false" />
			<line number="127"  hits="0"  branch="false" />
			<line number="137"  hits="1"  branch="false" />
			<line number="139"  hits="0"  branch="false" />
			<line number="142"  hits="0"  branch="false" />
			<line number="152"  hits="1"  branch="false" />
			<line number="154"  hits="0"  branch="false" />
			<line number="157"  hits="0"  branch="false" />
		</lines>
		</class>
	</classes>
	</package>
	<package name="src.model.enum"  line-rate="1"  branch-rate="1" >
	<classes>
		<class name="Activation.js"  filename="src/model/enum/Activation.js"  line-rate="1"  branch-rate="1" >
		<methods>
		</methods>
		<lines>
			<line number="15"  hits="1"  branch="false" />
			<line number="22"  hits="1"  branch="false" />
		</lines>
		</class>
		<class name="AgeGroup.js"  filename="src/model/enum/AgeGroup.js"  line-rate="1"  branch-rate="1" >
		<methods>
		</methods>
		<lines>
			<line number="15"  hits="1"  branch="false" />
			<line number="42"  hits="1"  branch="false" />
		</lines>
		</class>
		<class name="Gender.js"  filename="src/model/enum/Gender.js"  line-rate="1"  branch-rate="1" >
		<methods>
		</methods>
		<lines>
			<line number="15"  hits="1"  branch="false" />
			<line number="22"  hits="1"  branch="false" />
		</lines>
		</class>
		<class name="Horoscope.js"  filename="src/model/enum/Horoscope.js"  line-rate="1"  branch-rate="1" >
		<methods>
		</methods>
		<lines>
			<line number="15"  hits="1"  branch="false" />
			<line number="42"  hits="1"  branch="false" />
		</lines>
		</class>
		<class name="ImageType.js"  filename="src/model/enum/ImageType.js"  line-rate="1"  branch-rate="1" >
		<methods>
		</methods>
		<lines>
			<line number="15"  hits="1"  branch="false" />
			<line number="24"  hits="1"  branch="false" />
		</lines>
		</class>
		<class name="UserStatus.js"  filename="src/model/enum/UserStatus.js"  line-rate="1"  branch-rate="1" >
		<methods>
		</methods>
		<lines>
			<line number="15"  hits="1"  branch="false" />
			<line number="28"  hits="1"  branch="false" />
		</lines>
		</class>
		<class name="UserType.js"  filename="src/model/enum/UserType.js"  line-rate="1"  branch-rate="1" >
		<methods>
		</methods>
		<lines>
			<line number="15"  hits="1"  branch="false" />
			<line number="22"  hits="1"  branch="false" />
		</lines>
		</class>
	</classes>
	</package>
	<package name="src.model.geographic"  line-rate="0.36840000000000006"  branch-rate="1" >
	<classes>
		<class name="Address.js"  filename="src/model/geographic/Address.js"  line-rate="0.36840000000000006"  branch-rate="1" >
		<methods>
			<method name="initialize"  hits="1"  signature="()V" >
				<lines><line number="12"  hits="1" /></lines>
			</method>
			<method name="get"  hits="0"  signature="()V" >
				<lines><line number="20"  hits="0" /></lines>
			</method>
			<method name="set"  hits="0"  signature="()V" >
				<lines><line number="23"  hits="0" /></lines>
			</method>
			<method name="get"  hits="0"  signature="()V" >
				<lines><line number="35"  hits="0" /></lines>
			</method>
			<method name="set"  hits="0"  signature="()V" >
				<lines><line number="38"  hits="0" /></lines>
			</method>
			<method name="get"  hits="0"  signature="()V" >
				<lines><line number="50"  hits="0" /></lines>
			</method>
			<method name="set"  hits="0"  signature="()V" >
				<lines><line number="53"  hits="0" /></lines>
			</method>
			<method name="get"  hits="0"  signature="()V" >
				<lines><line number="65"  hits="0" /></lines>
			</method>
			<method name="set"  hits="0"  signature="()V" >
				<lines><line number="68"  hits="0" /></lines>
			</method>
			<method name="get"  hits="0"  signature="()V" >
				<lines><line number="80"  hits="0" /></lines>
			</method>
			<method name="set"  hits="0"  signature="()V" >
				<lines><line number="83"  hits="0" /></lines>
			</method>
			<method name="get"  hits="0"  signature="()V" >
				<lines><line number="95"  hits="0" /></lines>
			</method>
			<method name="set"  hits="0"  signature="()V" >
				<lines><line number="98"  hits="0" /></lines>
			</method>
		</methods>
		<lines>
			<line number="10"  hits="1"  branch="false" />
			<line number="19"  hits="1"  branch="false" />
			<line number="21"  hits="0"  branch="false" />
			<line number="24"  hits="0"  branch="false" />
			<line number="34"  hits="1"  branch="false" />
			<line number="36"  hits="0"  branch="false" />
			<line number="39"  hits="0"  branch="false" />
			<line number="49"  hits="1"  branch="false" />
			<line number="51"  hits="0"  branch="false" />
			<line number="54"  hits="0"  branch="false" />
			<line number="64"  hits="1"  branch="false" />
			<line number="66"  hits="0"  branch="false" />
			<line number="69"  hits="0"  branch="false" />
			<line number="79"  hits="1"  branch="false" />
			<line number="81"  hits="0"  branch="false" />
			<line number="84"  hits="0"  branch="false" />
			<line number="94"  hits="1"  branch="false" />
			<line number="96"  hits="0"  branch="false" />
			<line number="99"  hits="0"  branch="false" />
		</lines>
		</class>
		<class name="Region.js"  filename="src/model/geographic/Region.js"  line-rate="0.36840000000000006"  branch-rate="1" >
		<methods>
			<method name="initialize"  hits="1"  signature="()V" >
				<lines><line number="14"  hits="1" /></lines>
			</method>
			<method name="get"  hits="0"  signature="()V" >
				<lines><line number="21"  hits="0" /></lines>
			</method>
			<method name="set"  hits="0"  signature="()V" >
				<lines><line number="24"  hits="0" /></lines>
			</method>
			<method name="get"  hits="0"  signature="()V" >
				<lines><line number="36"  hits="0" /></lines>
			</method>
			<method name="set"  hits="0"  signature="()V" >
				<lines><line number="39"  hits="0" /></lines>
			</method>
			<method name="get"  hits="0"  signature="()V" >
				<lines><line number="51"  hits="0" /></lines>
			</method>
			<method name="set"  hits="0"  signature="()V" >
				<lines><line number="54"  hits="0" /></lines>
			</method>
			<method name="get"  hits="0"  signature="()V" >
				<lines><line number="66"  hits="0" /></lines>
			</method>
			<method name="set"  hits="0"  signature="()V" >
				<lines><line number="69"  hits="0" /></lines>
			</method>
			<method name="get"  hits="0"  signature="()V" >
				<lines><line number="81"  hits="0" /></lines>
			</method>
			<method name="set"  hits="0"  signature="()V" >
				<lines><line number="84"  hits="0" /></lines>
			</method>
			<method name="get"  hits="0"  signature="()V" >
				<lines><line number="96"  hits="0" /></lines>
			</method>
			<method name="set"  hits="0"  signature="()V" >
				<lines><line number="99"  hits="0" /></lines>
			</method>
		</methods>
		<lines>
			<line number="13"  hits="1"  branch="false" />
			<line number="20"  hits="1"  branch="false" />
			<line number="22"  hits="0"  branch="false" />
			<line number="25"  hits="0"  branch="false" />
			<line number="35"  hits="1"  branch="false" />
			<line number="37"  hits="0"  branch="false" />
			<line number="40"  hits="0"  branch="false" />
			<line number="50"  hits="1"  branch="false" />
			<line number="52"  hits="0"  branch="false" />
			<line number="55"  hits="0"  branch="false" />
			<line number="65"  hits="1"  branch="false" />
			<line number="67"  hits="0"  branch="false" />
			<line number="70"  hits="0"  branch="false" />
			<line number="80"  hits="1"  branch="false" />
			<line number="82"  hits="0"  branch="false" />
			<line number="85"  hits="0"  branch="false" />
			<line number="95"  hits="1"  branch="false" />
			<line number="97"  hits="0"  branch="false" />
			<line number="100"  hits="0"  branch="false" />
		</lines>
		</class>
	</classes>
	</package>
	<package name="src.model.user"  line-rate="0.35"  branch-rate="1" >
	<classes>
		<class name="Role.js"  filename="src/model/user/Role.js"  line-rate="0.4286"  branch-rate="1" >
		<methods>
			<method name="initialize"  hits="1"  signature="()V" >
				<lines><line number="12"  hits="1" /></lines>
			</method>
			<method name="get"  hits="0"  signature="()V" >
				<lines><line number="19"  hits="0" /></lines>
			</method>
			<method name="set"  hits="0"  signature="()V" >
				<lines><line number="22"  hits="0" /></lines>
			</method>
			<method name="get"  hits="0"  signature="()V" >
				<lines><line number="34"  hits="0" /></lines>
			</method>
			<method name="set"  hits="0"  signature="()V" >
				<lines><line number="37"  hits="0" /></lines>
			</method>
		</methods>
		<lines>
			<line number="10"  hits="1"  branch="false" />
			<line number="18"  hits="1"  branch="false" />
			<line number="20"  hits="0"  branch="false" />
			<line number="23"  hits="0"  branch="false" />
			<line number="33"  hits="1"  branch="false" />
			<line number="35"  hits="0"  branch="false" />
			<line number="38"  hits="0"  branch="false" />
		</lines>
		</class>
		<class name="User.js"  filename="src/model/user/User.js"  line-rate="0.3425"  branch-rate="1" >
		<methods>
			<method name="initialize"  hits="1"  signature="()V" >
				<lines><line number="12"  hits="1" /></lines>
			</method>
			<method name="get"  hits="0"  signature="()V" >
				<lines><line number="18"  hits="0" /></lines>
			</method>
			<method name="set"  hits="0"  signature="()V" >
				<lines><line number="21"  hits="0" /></lines>
			</method>
			<method name="get"  hits="0"  signature="()V" >
				<lines><line number="32"  hits="0" /></lines>
			</method>
			<method name="set"  hits="0"  signature="()V" >
				<lines><line number="35"  hits="0" /></lines>
			</method>
			<method name="get"  hits="0"  signature="()V" >
				<lines><line number="46"  hits="0" /></lines>
			</method>
			<method name="set"  hits="0"  signature="()V" >
				<lines><line number="49"  hits="0" /></lines>
			</method>
			<method name="get"  hits="0"  signature="()V" >
				<lines><line number="60"  hits="0" /></lines>
			</method>
			<method name="set"  hits="0"  signature="()V" >
				<lines><line number="63"  hits="0" /></lines>
			</method>
			<method name="get"  hits="0"  signature="()V" >
				<lines><line number="74"  hits="0" /></lines>
			</method>
			<method name="set"  hits="0"  signature="()V" >
				<lines><line number="77"  hits="0" /></lines>
			</method>
			<method name="get"  hits="0"  signature="()V" >
				<lines><line number="88"  hits="0" /></lines>
			</method>
			<method name="set"  hits="0"  signature="()V" >
				<lines><line number="91"  hits="0" /></lines>
			</method>
			<method name="get"  hits="0"  signature="()V" >
				<lines><line number="102"  hits="0" /></lines>
			</method>
			<method name="set"  hits="0"  signature="()V" >
				<lines><line number="105"  hits="0" /></lines>
			</method>
			<method name="get"  hits="0"  signature="()V" >
				<lines><line number="116"  hits="0" /></lines>
			</method>
			<method name="set"  hits="0"  signature="()V" >
				<lines><line number="119"  hits="0" /></lines>
			</method>
			<method name="get"  hits="0"  signature="()V" >
				<lines><line number="130"  hits="0" /></lines>
			</method>
			<method name="set"  hits="0"  signature="()V" >
				<lines><line number="133"  hits="0" /></lines>
			</method>
			<method name="get"  hits="0"  signature="()V" >
				<lines><line number="144"  hits="0" /></lines>
			</method>
			<method name="set"  hits="0"  signature="()V" >
				<lines><line number="147"  hits="0" /></lines>
			</method>
			<method name="get"  hits="0"  signature="()V" >
				<lines><line number="158"  hits="0" /></lines>
			</method>
			<method name="set"  hits="0"  signature="()V" >
				<lines><line number="161"  hits="0" /></lines>
			</method>
			<method name="get"  hits="0"  signature="()V" >
				<lines><line number="172"  hits="0" /></lines>
			</method>
			<method name="set"  hits="0"  signature="()V" >
				<lines><line number="175"  hits="0" /></lines>
			</method>
			<method name="get"  hits="0"  signature="()V" >
				<lines><line number="186"  hits="0" /></lines>
			</method>
			<method name="set"  hits="0"  signature="()V" >
				<lines><line number="189"  hits="0" /></lines>
			</method>
			<method name="get"  hits="0"  signature="()V" >
				<lines><line number="200"  hits="0" /></lines>
			</method>
			<method name="set"  hits="0"  signature="()V" >
				<lines><line number="203"  hits="0" /></lines>
			</method>
			<method name="get"  hits="0"  signature="()V" >
				<lines><line number="214"  hits="0" /></lines>
			</method>
			<method name="set"  hits="0"  signature="()V" >
				<lines><line number="217"  hits="0" /></lines>
			</method>
			<method name="get"  hits="0"  signature="()V" >
				<lines><line number="229"  hits="0" /></lines>
			</method>
			<method name="set"  hits="0"  signature="()V" >
				<lines><line number="232"  hits="0" /></lines>
			</method>
			<method name="get"  hits="0"  signature="()V" >
				<lines><line number="244"  hits="0" /></lines>
			</method>
			<method name="set"  hits="0"  signature="()V" >
				<lines><line number="247"  hits="0" /></lines>
			</method>
			<method name="get"  hits="0"  signature="()V" >
				<lines><line number="260"  hits="0" /></lines>
			</method>
			<method name="set"  hits="0"  signature="()V" >
				<lines><line number="263"  hits="0" /></lines>
			</method>
			<method name="get"  hits="0"  signature="()V" >
				<lines><line number="275"  hits="0" /></lines>
			</method>
			<method name="set"  hits="0"  signature="()V" >
				<lines><line number="278"  hits="0" /></lines>
			</method>
			<method name="get"  hits="0"  signature="()V" >
				<lines><line number="290"  hits="0" /></lines>
			</method>
			<method name="set"  hits="0"  signature="()V" >
				<lines><line number="293"  hits="0" /></lines>
			</method>
			<method name="get"  hits="0"  signature="()V" >
				<lines><line number="305"  hits="0" /></lines>
			</method>
			<method name="set"  hits="0"  signature="()V" >
				<lines><line number="308"  hits="0" /></lines>
			</method>
			<method name="get"  hits="0"  signature="()V" >
				<lines><line number="320"  hits="0" /></lines>
			</method>
			<method name="set"  hits="0"  signature="()V" >
				<lines><line number="323"  hits="0" /></lines>
			</method>
			<method name="get"  hits="0"  signature="()V" >
				<lines><line number="335"  hits="0" /></lines>
			</method>
			<method name="set"  hits="0"  signature="()V" >
				<lines><line number="338"  hits="0" /></lines>
			</method>
			<method name="get"  hits="0"  signature="()V" >
				<lines><line number="350"  hits="0" /></lines>
			</method>
			<method name="set"  hits="0"  signature="()V" >
				<lines><line number="353"  hits="0" /></lines>
			</method>
		</methods>
		<lines>
			<line number="10"  hits="1"  branch="false" />
			<line number="17"  hits="1"  branch="false" />
			<line number="19"  hits="0"  branch="false" />
			<line number="22"  hits="0"  branch="false" />
			<line number="31"  hits="1"  branch="false" />
			<line number="33"  hits="0"  branch="false" />
			<line number="36"  hits="0"  branch="false" />
			<line number="45"  hits="1"  branch="false" />
			<line number="47"  hits="0"  branch="false" />
			<line number="50"  hits="0"  branch="false" />
			<line number="59"  hits="1"  branch="false" />
			<line number="61"  hits="0"  branch="false" />
			<line number="64"  hits="0"  branch="false" />
			<line number="73"  hits="1"  branch="false" />
			<line number="75"  hits="0"  branch="false" />
			<line number="78"  hits="0"  branch="false" />
			<line number="87"  hits="1"  branch="false" />
			<line number="89"  hits="0"  branch="false" />
			<line number="92"  hits="0"  branch="false" />
			<line number="101"  hits="1"  branch="false" />
			<line number="103"  hits="0"  branch="false" />
			<line number="106"  hits="0"  branch="false" />
			<line number="115"  hits="1"  branch="false" />
			<line number="117"  hits="0"  branch="false" />
			<line number="120"  hits="0"  branch="false" />
			<line number="129"  hits="1"  branch="false" />
			<line number="131"  hits="0"  branch="false" />
			<line number="134"  hits="0"  branch="false" />
			<line number="143"  hits="1"  branch="false" />
			<line number="145"  hits="0"  branch="false" />
			<line number="148"  hits="0"  branch="false" />
			<line number="157"  hits="1"  branch="false" />
			<line number="159"  hits="0"  branch="false" />
			<line number="162"  hits="0"  branch="false" />
			<line number="171"  hits="1"  branch="false" />
			<line number="173"  hits="0"  branch="false" />
			<line number="176"  hits="0"  branch="false" />
			<line number="185"  hits="1"  branch="false" />
			<line number="187"  hits="0"  branch="false" />
			<line number="190"  hits="0"  branch="false" />
			<line number="199"  hits="1"  branch="false" />
			<line number="201"  hits="0"  branch="false" />
			<line number="204"  hits="0"  branch="false" />
			<line number="213"  hits="1"  branch="false" />
			<line number="215"  hits="0"  branch="false" />
			<line number="218"  hits="0"  branch="false" />
			<line number="228"  hits="1"  branch="false" />
			<line number="230"  hits="0"  branch="false" />
			<line number="233"  hits="0"  branch="false" />
			<line number="243"  hits="1"  branch="false" />
			<line number="245"  hits="0"  branch="false" />
			<line number="248"  hits="0"  branch="false" />
			<line number="259"  hits="1"  branch="false" />
			<line number="261"  hits="0"  branch="false" />
			<line number="264"  hits="0"  branch="false" />
			<line number="274"  hits="1"  branch="false" />
			<line number="276"  hits="0"  branch="false" />
			<line number="279"  hits="0"  branch="false" />
			<line number="289"  hits="1"  branch="false" />
			<line number="291"  hits="0"  branch="false" />
			<line number="294"  hits="0"  branch="false" />
			<line number="304"  hits="1"  branch="false" />
			<line number="306"  hits="0"  branch="false" />
			<line number="309"  hits="0"  branch="false" />
			<line number="319"  hits="1"  branch="false" />
			<line number="321"  hits="0"  branch="false" />
			<line number="324"  hits="0"  branch="false" />
			<line number="334"  hits="1"  branch="false" />
			<line number="336"  hits="0"  branch="false" />
			<line number="339"  hits="0"  branch="false" />
			<line number="349"  hits="1"  branch="false" />
			<line number="351"  hits="0"  branch="false" />
			<line number="354"  hits="0"  branch="false" />
		</lines>
		</class>
	</classes>
	</package>
	<package name="src.model.utility"  line-rate="0.8571"  branch-rate="0.4286" >
	<classes>
		<class name="deepFreeze.js"  filename="src/model/utility/deepFreeze.js"  line-rate="0.8571"  branch-rate="0.4286" >
		<methods>
			<method name="deepFreeze"  hits="7"  signature="()V" >
				<lines><line number="9"  hits="7" /></lines>
			</method>
			<method name="(anonymous_4)"  hits="38"  signature="()V" >
				<lines><line number="15"  hits="38" /></lines>
			</method>
		</methods>
		<lines>
			<line number="9"  hits="1"  branch="false" />
			<line number="12"  hits="7"  branch="false" />
			<line number="15"  hits="7"  branch="false" />
			<line number="16"  hits="38"  branch="false" />
			<line number="19"  hits="38"  branch="true"  condition-coverage="42.857142857142854% (3/7)" />
			<line number="20"  hits="0"  branch="false" />
			<line number="25"  hits="7"  branch="false" />
		</lines>
		</class>
	</classes>
	</package>
	<package name="src.validation"  line-rate="0.5938"  branch-rate="0.3333" >
	<classes>
		<class name="UserValidation.js"  filename="src/validation/UserValidation.js"  line-rate="0.5806"  branch-rate="0.3333" >
		<methods>
			<method name="verifyUsername"  hits="8"  signature="()V" >
				<lines><line number="15"  hits="8" /></lines>
			</method>
			<method name="isUsernameAlphanumeric"  hits="8"  signature="()V" >
				<lines><line number="40"  hits="8" /></lines>
			</method>
			<method name="isUsernameLength"  hits="8"  signature="()V" >
				<lines><line number="55"  hits="8" /></lines>
			</method>
			<method name="(anonymous_5)"  hits="1"  signature="()V" >
				<lines><line number="64"  hits="1" /></lines>
			</method>
			<method name="verifyPassword"  hits="0"  signature="()V" >
				<lines><line number="69"  hits="0" /></lines>
			</method>
			<method name="isPasswordLength"  hits="0"  signature="()V" >
				<lines><line number="85"  hits="0" /></lines>
			</method>
			<method name="(anonymous_8)"  hits="0"  signature="()V" >
				<lines><line number="94"  hits="0" /></lines>
			</method>
			<method name="verifyType"  hits="4"  signature="()V" >
				<lines><line number="98"  hits="4" /></lines>
			</method>
			<method name="isTypeEnumUserType"  hits="4"  signature="()V" >
				<lines><line number="114"  hits="4" /></lines>
			</method>
			<method name="(anonymous_11)"  hits="2"  signature="()V" >
				<lines><line number="121"  hits="2" /></lines>
			</method>
			<method name="verifyStatus"  hits="0"  signature="()V" >
				<lines><line number="125"  hits="0" /></lines>
			</method>
			<method name="isStatusEnumUserStatus"  hits="0"  signature="()V" >
				<lines><line number="141"  hits="0" /></lines>
			</method>
			<method name="(anonymous_14)"  hits="0"  signature="()V" >
				<lines><line number="148"  hits="0" /></lines>
			</method>
			<method name="verifyGender"  hits="0"  signature="()V" >
				<lines><line number="152"  hits="0" /></lines>
			</method>
			<method name="isGenderEnumGender"  hits="0"  signature="()V" >
				<lines><line number="168"  hits="0" /></lines>
			</method>
			<method name="(anonymous_17)"  hits="0"  signature="()V" >
				<lines><line number="175"  hits="0" /></lines>
			</method>
			<method name="verifyBirthday"  hits="0"  signature="()V" >
				<lines><line number="179"  hits="0" /></lines>
			</method>
			<method name="isBirthdayInRnage"  hits="0"  signature="()V" >
				<lines><line number="195"  hits="0" /></lines>
			</method>
			<method name="(anonymous_20)"  hits="0"  signature="()V" >
				<lines><line number="211"  hits="0" /></lines>
			</method>
			<method name="verifyAgeGroup"  hits="0"  signature="()V" >
				<lines><line number="215"  hits="0" /></lines>
			</method>
			<method name="matchesEnumAgeGroup"  hits="0"  signature="()V" >
				<lines><line number="231"  hits="0" /></lines>
			</method>
			<method name="(anonymous_23)"  hits="0"  signature="()V" >
				<lines><line number="238"  hits="0" /></lines>
			</method>
			<method name="verifyHoroscope"  hits="0"  signature="()V" >
				<lines><line number="242"  hits="0" /></lines>
			</method>
			<method name="matchesEnumHoroscope"  hits="0"  signature="()V" >
				<lines><line number="258"  hits="0" /></lines>
			</method>
			<method name="(anonymous_26)"  hits="0"  signature="()V" >
				<lines><line number="265"  hits="0" /></lines>
			</method>
			<method name="verifyWhatsUp"  hits="0"  signature="()V" >
				<lines><line number="269"  hits="0" /></lines>
			</method>
			<method name="isWhatsUpLength"  hits="0"  signature="()V" >
				<lines><line number="284"  hits="0" /></lines>
			</method>
			<method name="(anonymous_29)"  hits="0"  signature="()V" >
				<lines><line number="293"  hits="0" /></lines>
			</method>
		</methods>
		<lines>
			<line number="14"  hits="1"  branch="false" />
			<line number="15"  hits="1"  branch="false" />
			<line number="32"  hits="1"  branch="false" />
			<line number="40"  hits="1"  branch="false" />
			<line number="41"  hits="8"  branch="false" />
			<line number="55"  hits="1"  branch="false" />
			<line number="56"  hits="8"  branch="false" />
			<line number="64"  hits="8"  branch="false" />
			<line number="65"  hits="1"  branch="false" />
			<line number="69"  hits="1"  branch="false" />
			<line number="77"  hits="1"  branch="false" />
			<line number="85"  hits="1"  branch="false" />
			<line number="86"  hits="0"  branch="false" />
			<line number="94"  hits="0"  branch="false" />
			<line number="95"  hits="0"  branch="false" />
			<line number="98"  hits="1"  branch="false" />
			<line number="106"  hits="1"  branch="false" />
			<line number="114"  hits="1"  branch="false" />
			<line number="115"  hits="4"  branch="false" />
			<line number="121"  hits="4"  branch="false" />
			<line number="122"  hits="2"  branch="false" />
			<line number="125"  hits="1"  branch="false" />
			<line number="133"  hits="1"  branch="false" />
			<line number="141"  hits="1"  branch="false" />
			<line number="142"  hits="0"  branch="false" />
			<line number="148"  hits="0"  branch="false" />
			<line number="149"  hits="0"  branch="false" />
			<line number="152"  hits="1"  branch="false" />
			<line number="160"  hits="1"  branch="false" />
			<line number="168"  hits="1"  branch="false" />
			<line number="169"  hits="0"  branch="false" />
			<line number="175"  hits="0"  branch="false" />
			<line number="176"  hits="0"  branch="false" />
			<line number="179"  hits="1"  branch="false" />
			<line number="187"  hits="1"  branch="false" />
			<line number="195"  hits="1"  branch="false" />
			<line number="196"  hits="0"  branch="false" />
			<line number="197"  hits="0"  branch="false" />
			<line number="198"  hits="0"  branch="false" />
			<line number="200"  hits="0"  branch="false" />
			<line number="201"  hits="0"  branch="false" />
			<line number="203"  hits="0"  branch="true"  condition-coverage="0% (0/2)" />
			<line number="211"  hits="0"  branch="false" />
			<line number="212"  hits="0"  branch="false" />
			<line number="215"  hits="1"  branch="false" />
			<line number="223"  hits="1"  branch="false" />
			<line number="231"  hits="1"  branch="false" />
			<line number="232"  hits="0"  branch="false" />
			<line number="238"  hits="0"  branch="false" />
			<line number="239"  hits="0"  branch="false" />
			<line number="242"  hits="1"  branch="false" />
			<line number="250"  hits="1"  branch="false" />
			<line number="258"  hits="1"  branch="false" />
			<line number="259"  hits="0"  branch="false" />
			<line number="265"  hits="0"  branch="false" />
			<line number="266"  hits="0"  branch="false" />
			<line number="269"  hits="1"  branch="false" />
			<line number="277"  hits="1"  branch="false" />
			<line number="284"  hits="1"  branch="false" />
			<line number="285"  hits="0"  branch="false" />
			<line number="293"  hits="0"  branch="false" />
			<line number="294"  hits="0"  branch="false" />
		</lines>
		</class>
		<class name="index.js"  filename="src/validation/index.js"  line-rate="1"  branch-rate="1" >
		<methods>
		</methods>
		<lines>
			<line number="5"  hits="1"  branch="false" />
			<line number="8"  hits="1"  branch="false" />
		</lines>
		</class>
	</classes>
	</package>
</packages>
</coverage>
