<?xml version="1.0" ?>
<!DOCTYPE coverage SYSTEM "http://cobertura.sourceforge.net/xml/coverage-04.dtd">
<coverage lines-valid="97"  lines-covered="63"  line-rate="0.6495000000000001"  branches-valid="23"  branches-covered="10"  branch-rate="0.43479999999999996"  timestamp="1452129772535" complexity="0" version="0.1">
<sources>
	<source>/home/docker/Jenkins/workspace/validation-stack</source>
</sources>
<packages>
	<package name="src"  line-rate="0.5714"  branch-rate="0.25" >
	<classes>
		<class name="index.js"  filename="src/index.js"  line-rate="0.5714"  branch-rate="0.25" >
		<methods>
			<method name="configure"  hits="1"  signature="()V" >
				<lines><line number="8"  hits="1" /></lines>
			</method>
			<method name="model"  hits="0"  signature="()V" >
				<lines><line number="13"  hits="0" /></lines>
			</method>
			<method name="validation"  hits="1"  signature="()V" >
				<lines><line number="24"  hits="1" /></lines>
			</method>
		</methods>
		<lines>
			<line number="3"  hits="1"  branch="false" />
			<line number="6"  hits="1"  branch="false" />
			<line number="8"  hits="1"  branch="false" />
			<line number="9"  hits="1"  branch="false" />
			<line number="13"  hits="1"  branch="false" />
			<line number="14"  hits="0"  branch="true"  condition-coverage="0% (0/2)" />
			<line number="15"  hits="0"  branch="false" />
			<line number="18"  hits="0"  branch="false" />
			<line number="21"  hits="0"  branch="false" />
			<line number="24"  hits="1"  branch="false" />
			<line number="25"  hits="1"  branch="true"  condition-coverage="50% (1/2)" />
			<line number="26"  hits="1"  branch="false" />
			<line number="29"  hits="0"  branch="false" />
			<line number="32"  hits="0"  branch="false" />
		</lines>
		</class>
	</classes>
	</package>
	<package name="src.model"  line-rate="0.5"  branch-rate="1" >
	<classes>
		<class name="index.js"  filename="src/model/index.js"  line-rate="0.5"  branch-rate="1" >
		<methods>
			<method name="(anonymous_1)"  hits="0"  signature="()V" >
				<lines><line number="3"  hits="0" /></lines>
			</method>
		</methods>
		<lines>
			<line number="3"  hits="1"  branch="false" />
			<line number="8"  hits="0"  branch="false" />
		</lines>
		</class>
	</classes>
	</package>
	<package name="src.model.enum"  line-rate="1"  branch-rate="1" >
	<classes>
		<class name="AgeGroup.js"  filename="src/model/enum/AgeGroup.js"  line-rate="1"  branch-rate="1" >
		<methods>
		</methods>
		<lines>
			<line number="15"  hits="1"  branch="false" />
			<line number="42"  hits="1"  branch="false" />
		</lines>
		</class>
		<class name="Gender.js"  filename="src/model/enum/Gender.js"  line-rate="1"  branch-rate="1" >
		<methods>
		</methods>
		<lines>
			<line number="15"  hits="1"  branch="false" />
			<line number="22"  hits="1"  branch="false" />
		</lines>
		</class>
		<class name="Horoscope.js"  filename="src/model/enum/Horoscope.js"  line-rate="1"  branch-rate="1" >
		<methods>
		</methods>
		<lines>
			<line number="15"  hits="1"  branch="false" />
			<line number="42"  hits="1"  branch="false" />
		</lines>
		</class>
		<class name="UserStatus.js"  filename="src/model/enum/UserStatus.js"  line-rate="1"  branch-rate="1" >
		<methods>
		</methods>
		<lines>
			<line number="15"  hits="1"  branch="false" />
			<line number="28"  hits="1"  branch="false" />
		</lines>
		</class>
		<class name="UserType.js"  filename="src/model/enum/UserType.js"  line-rate="1"  branch-rate="1" >
		<methods>
		</methods>
		<lines>
			<line number="15"  hits="1"  branch="false" />
			<line number="22"  hits="1"  branch="false" />
		</lines>
		</class>
	</classes>
	</package>
	<package name="src.model.utility"  line-rate="0.8571"  branch-rate="0.4286" >
	<classes>
		<class name="deepFreeze.js"  filename="src/model/utility/deepFreeze.js"  line-rate="0.8571"  branch-rate="0.4286" >
		<methods>
			<method name="deepFreeze"  hits="5"  signature="()V" >
				<lines><line number="9"  hits="5" /></lines>
			</method>
			<method name="(anonymous_3)"  hits="33"  signature="()V" >
				<lines><line number="15"  hits="33" /></lines>
			</method>
		</methods>
		<lines>
			<line number="9"  hits="1"  branch="false" />
			<line number="12"  hits="5"  branch="false" />
			<line number="15"  hits="5"  branch="false" />
			<line number="16"  hits="33"  branch="false" />
			<line number="19"  hits="33"  branch="true"  condition-coverage="42.857142857142854% (3/7)" />
			<line number="20"  hits="0"  branch="false" />
			<line number="25"  hits="5"  branch="false" />
		</lines>
		</class>
	</classes>
	</package>
	<package name="src.validation"  line-rate="0.5938"  branch-rate="0.5" >
	<classes>
		<class name="UserValidation.js"  filename="src/validation/UserValidation.js"  line-rate="0.5806"  branch-rate="0.5" >
		<methods>
			<method name="verifyUsername"  hits="400"  signature="()V" >
				<lines><line number="15"  hits="400" /></lines>
			</method>
			<method name="isUsernameAlphanumeric"  hits="400"  signature="()V" >
				<lines><line number="35"  hits="400" /></lines>
			</method>
			<method name="isUsernameLength"  hits="400"  signature="()V" >
				<lines><line number="50"  hits="400" /></lines>
			</method>
			<method name="(anonymous_5)"  hits="100"  signature="()V" >
				<lines><line number="59"  hits="100" /></lines>
			</method>
			<method name="verifyPassword"  hits="0"  signature="()V" >
				<lines><line number="64"  hits="0" /></lines>
			</method>
			<method name="isPasswordLength"  hits="0"  signature="()V" >
				<lines><line number="80"  hits="0" /></lines>
			</method>
			<method name="(anonymous_8)"  hits="0"  signature="()V" >
				<lines><line number="89"  hits="0" /></lines>
			</method>
			<method name="verifyType"  hits="0"  signature="()V" >
				<lines><line number="93"  hits="0" /></lines>
			</method>
			<method name="isTypeEnumUserType"  hits="0"  signature="()V" >
				<lines><line number="109"  hits="0" /></lines>
			</method>
			<method name="(anonymous_11)"  hits="0"  signature="()V" >
				<lines><line number="116"  hits="0" /></lines>
			</method>
			<method name="verifyStatus"  hits="0"  signature="()V" >
				<lines><line number="120"  hits="0" /></lines>
			</method>
			<method name="isStatusEnumUserStatus"  hits="0"  signature="()V" >
				<lines><line number="136"  hits="0" /></lines>
			</method>
			<method name="(anonymous_14)"  hits="0"  signature="()V" >
				<lines><line number="143"  hits="0" /></lines>
			</method>
			<method name="verifyGender"  hits="0"  signature="()V" >
				<lines><line number="147"  hits="0" /></lines>
			</method>
			<method name="isGenderEnumGender"  hits="0"  signature="()V" >
				<lines><line number="163"  hits="0" /></lines>
			</method>
			<method name="(anonymous_17)"  hits="0"  signature="()V" >
				<lines><line number="170"  hits="0" /></lines>
			</method>
			<method name="verifyBirthday"  hits="0"  signature="()V" >
				<lines><line number="174"  hits="0" /></lines>
			</method>
			<method name="isBirthdayInRnage"  hits="0"  signature="()V" >
				<lines><line number="190"  hits="0" /></lines>
			</method>
			<method name="(anonymous_20)"  hits="0"  signature="()V" >
				<lines><line number="206"  hits="0" /></lines>
			</method>
			<method name="verifyAgeGroup"  hits="0"  signature="()V" >
				<lines><line number="210"  hits="0" /></lines>
			</method>
			<method name="matchesEnumAgeGroup"  hits="0"  signature="()V" >
				<lines><line number="226"  hits="0" /></lines>
			</method>
			<method name="(anonymous_23)"  hits="0"  signature="()V" >
				<lines><line number="233"  hits="0" /></lines>
			</method>
			<method name="verifyHoroscope"  hits="0"  signature="()V" >
				<lines><line number="237"  hits="0" /></lines>
			</method>
			<method name="matchesEnumHoroscope"  hits="0"  signature="()V" >
				<lines><line number="253"  hits="0" /></lines>
			</method>
			<method name="(anonymous_26)"  hits="0"  signature="()V" >
				<lines><line number="260"  hits="0" /></lines>
			</method>
			<method name="verifyWhatsUp"  hits="200"  signature="()V" >
				<lines><line number="264"  hits="200" /></lines>
			</method>
			<method name="isWhatsUpLength"  hits="200"  signature="()V" >
				<lines><line number="279"  hits="200" /></lines>
			</method>
			<method name="(anonymous_29)"  hits="100"  signature="()V" >
				<lines><line number="288"  hits="100" /></lines>
			</method>
		</methods>
		<lines>
			<line number="14"  hits="1"  branch="false" />
			<line number="15"  hits="1"  branch="false" />
			<line number="27"  hits="1"  branch="false" />
			<line number="35"  hits="1"  branch="false" />
			<line number="36"  hits="400"  branch="false" />
			<line number="50"  hits="1"  branch="false" />
			<line number="51"  hits="400"  branch="false" />
			<line number="59"  hits="400"  branch="false" />
			<line number="60"  hits="100"  branch="false" />
			<line number="64"  hits="1"  branch="false" />
			<line number="72"  hits="1"  branch="false" />
			<line number="80"  hits="1"  branch="false" />
			<line number="81"  hits="0"  branch="false" />
			<line number="89"  hits="0"  branch="false" />
			<line number="90"  hits="0"  branch="false" />
			<line number="93"  hits="1"  branch="false" />
			<line number="101"  hits="1"  branch="false" />
			<line number="109"  hits="1"  branch="false" />
			<line number="110"  hits="0"  branch="false" />
			<line number="116"  hits="0"  branch="false" />
			<line number="117"  hits="0"  branch="false" />
			<line number="120"  hits="1"  branch="false" />
			<line number="128"  hits="1"  branch="false" />
			<line number="136"  hits="1"  branch="false" />
			<line number="137"  hits="0"  branch="false" />
			<line number="143"  hits="0"  branch="false" />
			<line number="144"  hits="0"  branch="false" />
			<line number="147"  hits="1"  branch="false" />
			<line number="155"  hits="1"  branch="false" />
			<line number="163"  hits="1"  branch="false" />
			<line number="164"  hits="0"  branch="false" />
			<line number="170"  hits="0"  branch="false" />
			<line number="171"  hits="0"  branch="false" />
			<line number="174"  hits="1"  branch="false" />
			<line number="182"  hits="1"  branch="false" />
			<line number="190"  hits="1"  branch="false" />
			<line number="191"  hits="0"  branch="false" />
			<line number="192"  hits="0"  branch="false" />
			<line number="193"  hits="0"  branch="false" />
			<line number="195"  hits="0"  branch="false" />
			<line number="196"  hits="0"  branch="false" />
			<line number="198"  hits="0"  branch="true"  condition-coverage="0% (0/2)" />
			<line number="206"  hits="0"  branch="false" />
			<line number="207"  hits="0"  branch="false" />
			<line number="210"  hits="1"  branch="false" />
			<line number="218"  hits="1"  branch="false" />
			<line number="226"  hits="1"  branch="false" />
			<line number="227"  hits="0"  branch="false" />
			<line number="233"  hits="0"  branch="false" />
			<line number="234"  hits="0"  branch="false" />
			<line number="237"  hits="1"  branch="false" />
			<line number="245"  hits="1"  branch="false" />
			<line number="253"  hits="1"  branch="false" />
			<line number="254"  hits="0"  branch="false" />
			<line number="260"  hits="0"  branch="false" />
			<line number="261"  hits="0"  branch="false" />
			<line number="264"  hits="1"  branch="false" />
			<line number="272"  hits="1"  branch="false" />
			<line number="279"  hits="1"  branch="false" />
			<line number="280"  hits="200"  branch="false" />
			<line number="288"  hits="200"  branch="false" />
			<line number="289"  hits="100"  branch="false" />
		</lines>
		</class>
		<class name="index.js"  filename="src/validation/index.js"  line-rate="1"  branch-rate="1" >
		<methods>
		</methods>
		<lines>
			<line number="5"  hits="1"  branch="false" />
			<line number="8"  hits="1"  branch="false" />
		</lines>
		</class>
	</classes>
	</package>
</packages>
</coverage>
