TN:
SF:/home/docker/Jenkins/workspace/validation-stack/src/index.js
FN:8,configure
FN:13,model
FN:24,validation
FNF:3
FNH:3
FNDA:1,configure
FNDA:1,model
FNDA:1,validation
DA:3,1
DA:6,1
DA:8,1
DA:9,1
DA:13,1
DA:14,1
DA:15,1
DA:18,0
DA:21,0
DA:24,1
DA:25,1
DA:26,1
DA:29,0
DA:32,0
LF:14
LH:10
BRDA:14,7,0,1
BRDA:14,7,1,0
BRDA:25,8,0,1
BRDA:25,8,1,0
BRF:4
BRH:2
end_of_record
TN:
SF:/home/docker/Jenkins/workspace/validation-stack/src/validation/index.js
FNF:0
FNH:0
DA:5,1
DA:8,1
LF:2
LH:2
BRF:0
BRH:0
end_of_record
TN:
SF:/home/docker/Jenkins/workspace/validation-stack/src/validation/UserValidation.js
FN:15,verifyUsername
FN:35,isUsernameAlphanumeric
FN:50,isUsernameLength
FN:59,(anonymous_5)
FN:64,verifyPassword
FN:80,isPasswordLength
FN:89,(anonymous_8)
FN:93,verifyType
FN:109,isTypeEnumUserType
FN:116,(anonymous_11)
FN:120,verifyStatus
FN:136,isStatusEnumUserStatus
FN:143,(anonymous_14)
FN:147,verifyGender
FN:163,isGenderEnumGender
FN:170,(anonymous_17)
FN:174,verifyBirthday
FN:190,isBirthdayInRnage
FN:206,(anonymous_20)
FN:210,verifyAgeGroup
FN:226,matchesEnumAgeGroup
FN:233,(anonymous_23)
FN:237,verifyHoroscope
FN:253,matchesEnumHoroscope
FN:260,(anonymous_26)
FN:264,verifyWhatsUp
FN:279,isWhatsUpLength
FN:288,(anonymous_29)
FNF:28
FNH:7
FNDA:8,verifyUsername
FNDA:8,isUsernameAlphanumeric
FNDA:8,isUsernameLength
FNDA:1,(anonymous_5)
FNDA:0,verifyPassword
FNDA:0,isPasswordLength
FNDA:0,(anonymous_8)
FNDA:4,verifyType
FNDA:4,isTypeEnumUserType
FNDA:2,(anonymous_11)
FNDA:0,verifyStatus
FNDA:0,isStatusEnumUserStatus
FNDA:0,(anonymous_14)
FNDA:0,verifyGender
FNDA:0,isGenderEnumGender
FNDA:0,(anonymous_17)
FNDA:0,verifyBirthday
FNDA:0,isBirthdayInRnage
FNDA:0,(anonymous_20)
FNDA:0,verifyAgeGroup
FNDA:0,matchesEnumAgeGroup
FNDA:0,(anonymous_23)
FNDA:0,verifyHoroscope
FNDA:0,matchesEnumHoroscope
FNDA:0,(anonymous_26)
FNDA:0,verifyWhatsUp
FNDA:0,isWhatsUpLength
FNDA:0,(anonymous_29)
DA:14,1
DA:15,1
DA:27,1
DA:35,1
DA:36,8
DA:50,1
DA:51,8
DA:59,8
DA:60,1
DA:64,1
DA:72,1
DA:80,1
DA:81,0
DA:89,0
DA:90,0
DA:93,1
DA:101,1
DA:109,1
DA:110,4
DA:116,4
DA:117,2
DA:120,1
DA:128,1
DA:136,1
DA:137,0
DA:143,0
DA:144,0
DA:147,1
DA:155,1
DA:163,1
DA:164,0
DA:170,0
DA:171,0
DA:174,1
DA:182,1
DA:190,1
DA:191,0
DA:192,0
DA:193,0
DA:195,0
DA:196,0
DA:198,0
DA:206,0
DA:207,0
DA:210,1
DA:218,1
DA:226,1
DA:227,0
DA:233,0
DA:234,0
DA:237,1
DA:245,1
DA:253,1
DA:254,0
DA:260,0
DA:261,0
DA:264,1
DA:272,1
DA:279,1
DA:280,0
DA:288,0
DA:289,0
LF:62
LH:36
BRDA:37,3,0,3
BRDA:37,3,1,5
BRDA:52,4,0,5
BRDA:52,4,1,3
BRDA:82,5,0,0
BRDA:82,5,1,0
BRDA:199,6,0,0
BRDA:199,6,1,0
BRDA:198,7,0,0
BRDA:198,7,1,0
BRDA:281,8,0,0
BRDA:281,8,1,0
BRF:12
BRH:4
end_of_record
TN:
SF:/home/docker/Jenkins/workspace/validation-stack/src/model/enum/UserType.js
FNF:0
FNH:0
DA:15,1
DA:22,1
LF:2
LH:2
BRF:0
BRH:0
end_of_record
TN:
SF:/home/docker/Jenkins/workspace/validation-stack/src/model/utility/deepFreeze.js
FN:9,deepFreeze
FN:15,(anonymous_3)
FNF:2
FNH:2
FNDA:7,deepFreeze
FNDA:38,(anonymous_3)
DA:9,1
DA:12,7
DA:15,7
DA:16,38
DA:19,38
DA:20,0
DA:25,7
LF:7
LH:6
BRDA:19,3,0,0
BRDA:19,3,1,38
BRDA:19,4,0,38
BRDA:19,4,1,0
BRDA:19,4,2,0
BRDA:19,5,0,0
BRDA:19,5,1,38
BRF:7
BRH:3
end_of_record
TN:
SF:/home/docker/Jenkins/workspace/validation-stack/src/model/enum/UserStatus.js
FNF:0
FNH:0
DA:15,1
DA:28,1
LF:2
LH:2
BRF:0
BRH:0
end_of_record
TN:
SF:/home/docker/Jenkins/workspace/validation-stack/src/model/enum/Gender.js
FNF:0
FNH:0
DA:15,1
DA:22,1
LF:2
LH:2
BRF:0
BRH:0
end_of_record
TN:
SF:/home/docker/Jenkins/workspace/validation-stack/src/model/enum/AgeGroup.js
FNF:0
FNH:0
DA:15,1
DA:42,1
LF:2
LH:2
BRF:0
BRH:0
end_of_record
TN:
SF:/home/docker/Jenkins/workspace/validation-stack/src/model/enum/Horoscope.js
FNF:0
FNH:0
DA:15,1
DA:42,1
LF:2
LH:2
BRF:0
BRH:0
end_of_record
TN:
SF:/home/docker/Jenkins/workspace/validation-stack/src/model/index.js
FN:3,(anonymous_1)
FNF:1
FNH:1
FNDA:1,(anonymous_1)
DA:3,1
DA:8,1
LF:2
LH:2
BRF:0
BRH:0
end_of_record
TN:
SF:/home/docker/Jenkins/workspace/validation-stack/src/model/business/Business.js
FN:4,(anonymous_1)
FN:12,initialize
FN:48,get
FN:51,set
FN:63,get
FN:66,set
FN:78,get
FN:81,set
FN:93,get
FN:96,set
FN:108,get
FN:111,set
FN:123,get
FN:126,set
FN:138,get
FN:141,set
FN:153,get
FN:156,set
FNF:18
FNH:2
FNDA:1,(anonymous_1)
FNDA:1,initialize
FNDA:0,get
FNDA:0,set
FNDA:0,get
FNDA:0,set
FNDA:0,get
FNDA:0,set
FNDA:0,get
FNDA:0,set
FNDA:0,get
FNDA:0,set
FNDA:0,get
FNDA:0,set
FNDA:0,get
FNDA:0,set
FNDA:0,get
FNDA:0,set
DA:4,1
DA:10,1
DA:47,1
DA:49,0
DA:52,0
DA:62,1
DA:64,0
DA:67,0
DA:77,1
DA:79,0
DA:82,0
DA:92,1
DA:94,0
DA:97,0
DA:107,1
DA:109,0
DA:112,0
DA:122,1
DA:124,0
DA:127,0
DA:137,1
DA:139,0
DA:142,0
DA:152,1
DA:154,0
DA:157,0
LF:26
LH:10
BRF:0
BRH:0
end_of_record
TN:
SF:/home/docker/Jenkins/workspace/validation-stack/src/model/geographic/Address.js
FN:3,(anonymous_1)
FN:11,initialize
FN:19,get
FN:22,set
FN:34,get
FN:37,set
FN:49,get
FN:52,set
FN:64,get
FN:67,set
FN:79,get
FN:82,set
FN:94,get
FN:97,set
FNF:14
FNH:2
FNDA:1,(anonymous_1)
FNDA:1,initialize
FNDA:0,get
FNDA:0,set
FNDA:0,get
FNDA:0,set
FNDA:0,get
FNDA:0,set
FNDA:0,get
FNDA:0,set
FNDA:0,get
FNDA:0,set
FNDA:0,get
FNDA:0,set
DA:3,1
DA:9,1
DA:18,1
DA:20,0
DA:23,0
DA:33,1
DA:35,0
DA:38,0
DA:48,1
DA:50,0
DA:53,0
DA:63,1
DA:65,0
DA:68,0
DA:78,1
DA:80,0
DA:83,0
DA:93,1
DA:95,0
DA:98,0
LF:20
LH:8
BRF:0
BRH:0
end_of_record
TN:
SF:/home/docker/Jenkins/workspace/validation-stack/src/model/geographic/Region.js
FN:6,(anonymous_1)
FN:13,initialize
FN:20,get
FN:23,set
FN:35,get
FN:38,set
FN:50,get
FN:53,set
FN:65,get
FN:68,set
FN:80,get
FN:83,set
FN:95,get
FN:98,set
FNF:14
FNH:2
FNDA:1,(anonymous_1)
FNDA:1,initialize
FNDA:0,get
FNDA:0,set
FNDA:0,get
FNDA:0,set
FNDA:0,get
FNDA:0,set
FNDA:0,get
FNDA:0,set
FNDA:0,get
FNDA:0,set
FNDA:0,get
FNDA:0,set
DA:6,1
DA:12,1
DA:19,1
DA:21,0
DA:24,0
DA:34,1
DA:36,0
DA:39,0
DA:49,1
DA:51,0
DA:54,0
DA:64,1
DA:66,0
DA:69,0
DA:79,1
DA:81,0
DA:84,0
DA:94,1
DA:96,0
DA:99,0
LF:20
LH:8
BRF:0
BRH:0
end_of_record
TN:
SF:/home/docker/Jenkins/workspace/validation-stack/src/model/user/User.js
FN:3,(anonymous_1)
FN:12,initialize
FN:18,get
FN:21,set
FN:32,get
FN:35,set
FN:46,get
FN:49,set
FN:60,get
FN:63,set
FN:74,get
FN:77,set
FN:88,get
FN:91,set
FN:102,get
FN:105,set
FN:116,get
FN:119,set
FN:130,get
FN:133,set
FN:144,get
FN:147,set
FN:158,get
FN:161,set
FN:172,get
FN:175,set
FN:186,get
FN:189,set
FN:200,get
FN:203,set
FN:214,get
FN:217,set
FN:229,get
FN:232,set
FN:244,get
FN:247,set
FN:260,get
FN:263,set
FN:275,get
FN:278,set
FN:290,get
FN:293,set
FN:305,get
FN:308,set
FN:320,get
FN:323,set
FN:335,get
FN:338,set
FN:350,get
FN:353,set
FNF:50
FNH:2
FNDA:1,(anonymous_1)
FNDA:1,initialize
FNDA:0,get
FNDA:0,set
FNDA:0,get
FNDA:0,set
FNDA:0,get
FNDA:0,set
FNDA:0,get
FNDA:0,set
FNDA:0,get
FNDA:0,set
FNDA:0,get
FNDA:0,set
FNDA:0,get
FNDA:0,set
FNDA:0,get
FNDA:0,set
FNDA:0,get
FNDA:0,set
FNDA:0,get
FNDA:0,set
FNDA:0,get
FNDA:0,set
FNDA:0,get
FNDA:0,set
FNDA:0,get
FNDA:0,set
FNDA:0,get
FNDA:0,set
FNDA:0,get
FNDA:0,set
FNDA:0,get
FNDA:0,set
FNDA:0,get
FNDA:0,set
FNDA:0,get
FNDA:0,set
FNDA:0,get
FNDA:0,set
FNDA:0,get
FNDA:0,set
FNDA:0,get
FNDA:0,set
FNDA:0,get
FNDA:0,set
FNDA:0,get
FNDA:0,set
FNDA:0,get
FNDA:0,set
DA:3,1
DA:10,1
DA:17,1
DA:19,0
DA:22,0
DA:31,1
DA:33,0
DA:36,0
DA:45,1
DA:47,0
DA:50,0
DA:59,1
DA:61,0
DA:64,0
DA:73,1
DA:75,0
DA:78,0
DA:87,1
DA:89,0
DA:92,0
DA:101,1
DA:103,0
DA:106,0
DA:115,1
DA:117,0
DA:120,0
DA:129,1
DA:131,0
DA:134,0
DA:143,1
DA:145,0
DA:148,0
DA:157,1
DA:159,0
DA:162,0
DA:171,1
DA:173,0
DA:176,0
DA:185,1
DA:187,0
DA:190,0
DA:199,1
DA:201,0
DA:204,0
DA:213,1
DA:215,0
DA:218,0
DA:228,1
DA:230,0
DA:233,0
DA:243,1
DA:245,0
DA:248,0
DA:259,1
DA:261,0
DA:264,0
DA:274,1
DA:276,0
DA:279,0
DA:289,1
DA:291,0
DA:294,0
DA:304,1
DA:306,0
DA:309,0
DA:319,1
DA:321,0
DA:324,0
DA:334,1
DA:336,0
DA:339,0
DA:349,1
DA:351,0
DA:354,0
LF:74
LH:26
BRF:0
BRH:0
end_of_record
TN:
SF:/home/docker/Jenkins/workspace/validation-stack/src/model/user/Role.js
FN:3,(anonymous_1)
FN:11,initialize
FN:18,get
FN:21,set
FN:33,get
FN:36,set
FNF:6
FNH:2
FNDA:1,(anonymous_1)
FNDA:1,initialize
FNDA:0,get
FNDA:0,set
FNDA:0,get
FNDA:0,set
DA:3,1
DA:9,1
DA:17,1
DA:19,0
DA:22,0
DA:32,1
DA:34,0
DA:37,0
LF:8
LH:4
BRF:0
BRH:0
end_of_record
TN:
SF:/home/docker/Jenkins/workspace/validation-stack/src/model/enum/Activation.js
FNF:0
FNH:0
DA:15,1
DA:22,1
LF:2
LH:2
BRF:0
BRH:0
end_of_record
TN:
SF:/home/docker/Jenkins/workspace/validation-stack/src/model/enum/ImageType.js
FNF:0
FNH:0
DA:15,1
DA:24,1
LF:2
LH:2
BRF:0
BRH:0
end_of_record
