TN:
SF:/home/docker/Jenkins/workspace/validation-stack/src/index.js
FN:8,configure
FN:13,model
FN:24,validation
FNF:3
FNH:2
FNDA:1,configure
FNDA:0,model
FNDA:1,validation
DA:3,1
DA:6,1
DA:8,1
DA:9,1
DA:13,1
DA:14,0
DA:15,0
DA:18,0
DA:21,0
DA:24,1
DA:25,1
DA:26,1
DA:29,0
DA:32,0
LF:14
LH:8
BRDA:14,7,0,0
BRDA:14,7,1,0
BRDA:25,8,0,1
BRDA:25,8,1,0
BRF:4
BRH:1
end_of_record
TN:
SF:/home/docker/Jenkins/workspace/validation-stack/src/validation/index.js
FNF:0
FNH:0
DA:5,1
DA:8,1
LF:2
LH:2
BRF:0
BRH:0
end_of_record
TN:
SF:/home/docker/Jenkins/workspace/validation-stack/src/validation/UserValidation.js
FN:15,verifyUsername
FN:35,isUsernameAlphanumeric
FN:50,isUsernameLength
FN:59,(anonymous_5)
FN:64,verifyPassword
FN:80,isPasswordLength
FN:89,(anonymous_8)
FN:93,verifyType
FN:109,isTypeEnumUserType
FN:116,(anonymous_11)
FN:120,verifyStatus
FN:136,isStatusEnumUserStatus
FN:143,(anonymous_14)
FN:147,verifyGender
FN:163,isGenderEnumGender
FN:170,(anonymous_17)
FN:174,verifyBirthday
FN:190,isBirthdayInRnage
FN:206,(anonymous_20)
FN:210,verifyAgeGroup
FN:226,matchesEnumAgeGroup
FN:233,(anonymous_23)
FN:237,verifyHoroscope
FN:253,matchesEnumHoroscope
FN:260,(anonymous_26)
FN:264,verifyWhatsUp
FN:279,isWhatsUpLength
FN:288,(anonymous_29)
FNF:28
FNH:7
FNDA:400,verifyUsername
FNDA:400,isUsernameAlphanumeric
FNDA:400,isUsernameLength
FNDA:100,(anonymous_5)
FNDA:0,verifyPassword
FNDA:0,isPasswordLength
FNDA:0,(anonymous_8)
FNDA:0,verifyType
FNDA:0,isTypeEnumUserType
FNDA:0,(anonymous_11)
FNDA:0,verifyStatus
FNDA:0,isStatusEnumUserStatus
FNDA:0,(anonymous_14)
FNDA:0,verifyGender
FNDA:0,isGenderEnumGender
FNDA:0,(anonymous_17)
FNDA:0,verifyBirthday
FNDA:0,isBirthdayInRnage
FNDA:0,(anonymous_20)
FNDA:0,verifyAgeGroup
FNDA:0,matchesEnumAgeGroup
FNDA:0,(anonymous_23)
FNDA:0,verifyHoroscope
FNDA:0,matchesEnumHoroscope
FNDA:0,(anonymous_26)
FNDA:200,verifyWhatsUp
FNDA:200,isWhatsUpLength
FNDA:100,(anonymous_29)
DA:14,1
DA:15,1
DA:27,1
DA:35,1
DA:36,400
DA:50,1
DA:51,400
DA:59,400
DA:60,100
DA:64,1
DA:72,1
DA:80,1
DA:81,0
DA:89,0
DA:90,0
DA:93,1
DA:101,1
DA:109,1
DA:110,0
DA:116,0
DA:117,0
DA:120,1
DA:128,1
DA:136,1
DA:137,0
DA:143,0
DA:144,0
DA:147,1
DA:155,1
DA:163,1
DA:164,0
DA:170,0
DA:171,0
DA:174,1
DA:182,1
DA:190,1
DA:191,0
DA:192,0
DA:193,0
DA:195,0
DA:196,0
DA:198,0
DA:206,0
DA:207,0
DA:210,1
DA:218,1
DA:226,1
DA:227,0
DA:233,0
DA:234,0
DA:237,1
DA:245,1
DA:253,1
DA:254,0
DA:260,0
DA:261,0
DA:264,1
DA:272,1
DA:279,1
DA:280,200
DA:288,200
DA:289,100
LF:62
LH:36
BRDA:37,3,0,300
BRDA:37,3,1,100
BRDA:52,4,0,200
BRDA:52,4,1,200
BRDA:82,5,0,0
BRDA:82,5,1,0
BRDA:199,6,0,0
BRDA:199,6,1,0
BRDA:198,7,0,0
BRDA:198,7,1,0
BRDA:281,8,0,100
BRDA:281,8,1,100
BRF:12
BRH:6
end_of_record
TN:
SF:/home/docker/Jenkins/workspace/validation-stack/src/model/enum/UserType.js
FNF:0
FNH:0
DA:15,1
DA:22,1
LF:2
LH:2
BRF:0
BRH:0
end_of_record
TN:
SF:/home/docker/Jenkins/workspace/validation-stack/src/model/utility/deepFreeze.js
FN:9,deepFreeze
FN:15,(anonymous_3)
FNF:2
FNH:2
FNDA:5,deepFreeze
FNDA:33,(anonymous_3)
DA:9,1
DA:12,5
DA:15,5
DA:16,33
DA:19,33
DA:20,0
DA:25,5
LF:7
LH:6
BRDA:19,3,0,0
BRDA:19,3,1,33
BRDA:19,4,0,33
BRDA:19,4,1,0
BRDA:19,4,2,0
BRDA:19,5,0,0
BRDA:19,5,1,33
BRF:7
BRH:3
end_of_record
TN:
SF:/home/docker/Jenkins/workspace/validation-stack/src/model/enum/UserStatus.js
FNF:0
FNH:0
DA:15,1
DA:28,1
LF:2
LH:2
BRF:0
BRH:0
end_of_record
TN:
SF:/home/docker/Jenkins/workspace/validation-stack/src/model/enum/Gender.js
FNF:0
FNH:0
DA:15,1
DA:22,1
LF:2
LH:2
BRF:0
BRH:0
end_of_record
TN:
SF:/home/docker/Jenkins/workspace/validation-stack/src/model/enum/AgeGroup.js
FNF:0
FNH:0
DA:15,1
DA:42,1
LF:2
LH:2
BRF:0
BRH:0
end_of_record
TN:
SF:/home/docker/Jenkins/workspace/validation-stack/src/model/enum/Horoscope.js
FNF:0
FNH:0
DA:15,1
DA:42,1
LF:2
LH:2
BRF:0
BRH:0
end_of_record
TN:
SF:/home/docker/Jenkins/workspace/validation-stack/src/model/index.js
FN:3,(anonymous_1)
FNF:1
FNH:0
FNDA:0,(anonymous_1)
DA:3,1
DA:8,0
LF:2
LH:1
BRF:0
BRH:0
end_of_record
