{"/home/docker/Jenkins/workspace/validation-stack/src/index.js":{"path":"/home/docker/Jenkins/workspace/validation-stack/src/index.js","s":{"1":1,"2":1,"3":1,"4":1,"5":1,"6":1,"7":1,"8":1,"9":1,"10":1,"11":1,"12":1,"13":0,"14":0,"15":0,"16":0,"17":0,"18":0,"19":0,"20":1,"21":1,"22":1,"23":1,"24":1,"25":1,"26":0,"27":0,"28":1,"29":1,"30":1,"31":0,"32":0},"b":{"1":[0,1],"2":[1,1],"3":[1,0],"4":[1,1],"5":[0,0],"6":[0,0],"7":[1,0],"8":[1,0]},"f":{"1":1,"2":1,"3":1,"4":1,"5":1},"fnMap":{"1":{"name":"_interopRequireDefault","line":0,"loc":{"start":{"line":0,"column":0},"end":{"line":0,"column":0}},"skip":true},"2":{"name":"_interopRequireWildcard","line":0,"loc":{"start":{"line":0,"column":0},"end":{"line":0,"column":0}},"skip":true},"3":{"name":"configure","line":8,"loc":{"start":{"line":8,"column":7},"end":{"line":8,"column":30}}},"4":{"name":"model","line":13,"loc":{"start":{"line":13,"column":21},"end":{"line":13,"column":27}}},"5":{"name":"validation","line":24,"loc":{"start":{"line":24,"column":26},"end":{"line":24,"column":32}}}},"statementMap":{"1":{"start":{"line":0,"column":0},"end":{"line":0,"column":0},"skip":true},"2":{"start":{"line":0,"column":0},"end":{"line":0,"column":0},"skip":true},"3":{"start":{"line":8,"column":16},"end":{"line":null,"column":null}},"4":{"start":{"line":0,"column":0},"end":{"line":0,"column":0},"skip":true},"5":{"start":{"line":3,"column":12},"end":{"line":null,"column":null}},"6":{"start":{"line":0,"column":0},"end":{"line":0,"column":0},"skip":true},"7":{"start":{"line":0,"column":0},"end":{"line":0,"column":0},"skip":true},"8":{"start":{"line":0,"column":0},"end":{"line":0,"column":0},"skip":true},"9":{"start":{"line":0,"column":0},"end":{"line":0,"column":0},"skip":true},"10":{"start":{"line":0,"column":0},"end":{"line":0,"column":0},"skip":true},"11":{"start":{"line":0,"column":0},"end":{"line":0,"column":0},"skip":true},"12":{"start":{"line":0,"column":0},"end":{"line":0,"column":0},"skip":true},"13":{"start":{"line":0,"column":0},"end":{"line":0,"column":0},"skip":true},"14":{"start":{"line":0,"column":0},"end":{"line":0,"column":0},"skip":true},"15":{"start":{"line":0,"column":0},"end":{"line":0,"column":0},"skip":true},"16":{"start":{"line":0,"column":0},"end":{"line":0,"column":0},"skip":true},"17":{"start":{"line":0,"column":0},"end":{"line":0,"column":0},"skip":true},"18":{"start":{"line":0,"column":0},"end":{"line":0,"column":0},"skip":true},"19":{"start":{"line":0,"column":0},"end":{"line":0,"column":0},"skip":true},"20":{"start":{"line":6,"column":0},"end":{"line":6,"column":24}},"21":{"start":{"line":8,"column":7},"end":{"line":10,"column":1}},"22":{"start":{"line":9,"column":14},"end":{"line":9,"column":20}},"23":{"start":{"line":13,"column":7},"end":{"line":22,"column":2}},"24":{"start":{"line":14,"column":6},"end":{"line":16,"column":3}},"25":{"start":{"line":15,"column":11},"end":{"line":15,"column":32}},"26":{"start":{"line":18,"column":9},"end":{"line":20,"column":4}},"27":{"start":{"line":21,"column":9},"end":{"line":21,"column":14}},"28":{"start":{"line":24,"column":7},"end":{"line":33,"column":2}},"29":{"start":{"line":25,"column":6},"end":{"line":27,"column":3}},"30":{"start":{"line":26,"column":11},"end":{"line":26,"column":23}},"31":{"start":{"line":29,"column":9},"end":{"line":31,"column":4}},"32":{"start":{"line":32,"column":9},"end":{"line":32,"column":14}}},"branchMap":{"1":{"line":0,"type":"cond-expr","locations":[{"start":{"line":0,"column":0},"end":{"line":0,"column":0},"skip":true},{"start":{"line":0,"column":0},"end":{"line":0,"column":0},"skip":true}]},"2":{"line":0,"type":"binary-expr","locations":[{"start":{"line":0,"column":0},"end":{"line":0,"column":0},"skip":true},{"start":{"line":0,"column":0},"end":{"line":0,"column":0},"skip":true}]},"3":{"line":0,"type":"if","locations":[{"start":{"line":0,"column":0},"end":{"line":0,"column":0},"skip":true},{"start":{"line":0,"column":0},"end":{"line":0,"column":0},"skip":true}]},"4":{"line":0,"type":"binary-expr","locations":[{"start":{"line":0,"column":0},"end":{"line":0,"column":0},"skip":true},{"start":{"line":0,"column":0},"end":{"line":0,"column":0},"skip":true}]},"5":{"line":0,"type":"if","locations":[{"start":{"line":0,"column":0},"end":{"line":0,"column":0},"skip":true},{"start":{"line":0,"column":0},"end":{"line":0,"column":0},"skip":true}]},"6":{"line":0,"type":"if","locations":[{"start":{"line":0,"column":0},"end":{"line":0,"column":0},"skip":true},{"start":{"line":0,"column":0},"end":{"line":0,"column":0},"skip":true}]},"7":{"line":14,"type":"if","locations":[{"start":{"line":14,"column":6},"end":{"line":14,"column":6}},{"start":{"line":14,"column":6},"end":{"line":14,"column":6}}]},"8":{"line":25,"type":"if","locations":[{"start":{"line":25,"column":6},"end":{"line":25,"column":6}},{"start":{"line":25,"column":6},"end":{"line":25,"column":6}}]}}},"/home/docker/Jenkins/workspace/validation-stack/src/validation/index.js":{"path":"/home/docker/Jenkins/workspace/validation-stack/src/validation/index.js","s":{"1":1,"2":1,"3":1,"4":1,"5":1,"6":1,"7":1,"8":0,"9":0,"10":0,"11":0,"12":0,"13":0,"14":0,"15":1},"b":{"1":[1,0],"2":[1,1],"3":[0,0],"4":[0,0]},"f":{"1":1},"fnMap":{"1":{"name":"_interopRequireWildcard","line":0,"loc":{"start":{"line":0,"column":0},"end":{"line":0,"column":0}},"skip":true}},"statementMap":{"1":{"start":{"line":0,"column":0},"end":{"line":0,"column":0},"skip":true},"2":{"start":{"line":0,"column":0},"end":{"line":0,"column":0},"skip":true},"3":{"start":{"line":0,"column":0},"end":{"line":0,"column":0},"skip":true},"4":{"start":{"line":5,"column":12},"end":{"line":null,"column":null}},"5":{"start":{"line":0,"column":0},"end":{"line":0,"column":0},"skip":true},"6":{"start":{"line":0,"column":0},"end":{"line":0,"column":0},"skip":true},"7":{"start":{"line":0,"column":0},"end":{"line":0,"column":0},"skip":true},"8":{"start":{"line":0,"column":0},"end":{"line":0,"column":0},"skip":true},"9":{"start":{"line":0,"column":0},"end":{"line":0,"column":0},"skip":true},"10":{"start":{"line":0,"column":0},"end":{"line":0,"column":0},"skip":true},"11":{"start":{"line":0,"column":0},"end":{"line":0,"column":0},"skip":true},"12":{"start":{"line":0,"column":0},"end":{"line":0,"column":0},"skip":true},"13":{"start":{"line":0,"column":0},"end":{"line":0,"column":0},"skip":true},"14":{"start":{"line":0,"column":0},"end":{"line":0,"column":0},"skip":true},"15":{"start":{"line":8,"column":2},"end":{"line":null,"column":null}}},"branchMap":{"1":{"line":0,"type":"if","locations":[{"start":{"line":0,"column":0},"end":{"line":0,"column":0},"skip":true},{"start":{"line":0,"column":0},"end":{"line":0,"column":0},"skip":true}]},"2":{"line":0,"type":"binary-expr","locations":[{"start":{"line":0,"column":0},"end":{"line":0,"column":0},"skip":true},{"start":{"line":0,"column":0},"end":{"line":0,"column":0},"skip":true}]},"3":{"line":0,"type":"if","locations":[{"start":{"line":0,"column":0},"end":{"line":0,"column":0},"skip":true},{"start":{"line":0,"column":0},"end":{"line":0,"column":0},"skip":true}]},"4":{"line":0,"type":"if","locations":[{"start":{"line":0,"column":0},"end":{"line":0,"column":0},"skip":true},{"start":{"line":0,"column":0},"end":{"line":0,"column":0},"skip":true}]}}},"/home/docker/Jenkins/workspace/validation-stack/src/validation/UserValidation.js":{"path":"/home/docker/Jenkins/workspace/validation-stack/src/validation/UserValidation.js","s":{"1":1,"2":1,"3":1,"4":1,"5":1,"6":1,"7":1,"8":1,"9":1,"10":1,"11":1,"12":1,"13":1,"14":1,"15":1,"16":1,"17":1,"18":1,"19":1,"20":1,"21":1,"22":1,"23":1,"24":1,"25":1,"26":6,"27":1,"28":1,"29":1,"30":1,"31":8,"32":1,"33":8,"34":8,"35":1,"36":1,"37":1,"38":0,"39":0,"40":0,"41":1,"42":1,"43":4,"44":4,"45":2,"46":1,"47":1,"48":0,"49":0,"50":0,"51":1,"52":1,"53":0,"54":0,"55":0,"56":1,"57":1,"58":0,"59":0,"60":0,"61":0,"62":0,"63":0,"64":0,"65":0,"66":1,"67":1,"68":0,"69":0,"70":0,"71":1,"72":1,"73":0,"74":0,"75":0,"76":1,"77":1,"78":0,"79":0,"80":0},"b":{"1":[5,1],"2":[6,6],"3":[3,5],"4":[5,3],"5":[0,0],"6":[0,0],"7":[0,0],"8":[0,0]},"f":{"1":6,"2":8,"3":8,"4":8,"5":1,"6":0,"7":0,"8":0,"9":4,"10":4,"11":2,"12":0,"13":0,"14":0,"15":0,"16":0,"17":0,"18":0,"19":0,"20":0,"21":0,"22":0,"23":0,"24":0,"25":0,"26":0,"27":0,"28":0,"29":0},"fnMap":{"1":{"name":"_interopRequireDefault","line":0,"loc":{"start":{"line":0,"column":0},"end":{"line":0,"column":0}},"skip":true},"2":{"name":"verifyUsername","line":15,"loc":{"start":{"line":15,"column":37},"end":{"line":27,"column":41}}},"3":{"name":"isUsernameAlphanumeric","line":35,"loc":{"start":{"line":35,"column":11},"end":{"line":35,"column":44}}},"4":{"name":"isUsernameLength","line":50,"loc":{"start":{"line":50,"column":11},"end":{"line":50,"column":38}}},"5":{"name":"(anonymous_5)","line":59,"loc":{"start":{"line":59,"column":27},"end":{"line":59,"column":37}}},"6":{"name":"verifyPassword","line":64,"loc":{"start":{"line":64,"column":1},"end":{"line":72,"column":41}}},"7":{"name":"isPasswordLength","line":80,"loc":{"start":{"line":80,"column":11},"end":{"line":80,"column":38}}},"8":{"name":"(anonymous_8)","line":89,"loc":{"start":{"line":89,"column":27},"end":{"line":89,"column":32}}},"9":{"name":"verifyType","line":93,"loc":{"start":{"line":93,"column":1},"end":{"line":101,"column":33}}},"10":{"name":"isTypeEnumUserType","line":109,"loc":{"start":{"line":109,"column":11},"end":{"line":109,"column":36}}},"11":{"name":"(anonymous_11)","line":116,"loc":{"start":{"line":116,"column":27},"end":{"line":116,"column":32}}},"12":{"name":"verifyStatus","line":120,"loc":{"start":{"line":120,"column":1},"end":{"line":128,"column":37}}},"13":{"name":"isStatusEnumUserStatus","line":136,"loc":{"start":{"line":136,"column":11},"end":{"line":136,"column":42}}},"14":{"name":"(anonymous_14)","line":143,"loc":{"start":{"line":143,"column":27},"end":{"line":143,"column":32}}},"15":{"name":"verifyGender","line":147,"loc":{"start":{"line":147,"column":1},"end":{"line":155,"column":37}}},"16":{"name":"isGenderEnumGender","line":163,"loc":{"start":{"line":163,"column":11},"end":{"line":163,"column":38}}},"17":{"name":"(anonymous_17)","line":170,"loc":{"start":{"line":170,"column":27},"end":{"line":170,"column":32}}},"18":{"name":"verifyBirthday","line":174,"loc":{"start":{"line":174,"column":1},"end":{"line":182,"column":41}}},"19":{"name":"isBirthdayInRnage","line":190,"loc":{"start":{"line":190,"column":11},"end":{"line":190,"column":39}}},"20":{"name":"(anonymous_20)","line":206,"loc":{"start":{"line":206,"column":27},"end":{"line":206,"column":32}}},"21":{"name":"verifyAgeGroup","line":210,"loc":{"start":{"line":210,"column":1},"end":{"line":218,"column":41}}},"22":{"name":"matchesEnumAgeGroup","line":226,"loc":{"start":{"line":226,"column":11},"end":{"line":226,"column":41}}},"23":{"name":"(anonymous_23)","line":233,"loc":{"start":{"line":233,"column":27},"end":{"line":233,"column":32}}},"24":{"name":"verifyHoroscope","line":237,"loc":{"start":{"line":237,"column":1},"end":{"line":245,"column":43}}},"25":{"name":"matchesEnumHoroscope","line":253,"loc":{"start":{"line":253,"column":11},"end":{"line":253,"column":43}}},"26":{"name":"(anonymous_26)","line":260,"loc":{"start":{"line":260,"column":27},"end":{"line":260,"column":32}}},"27":{"name":"verifyWhatsUp","line":264,"loc":{"start":{"line":264,"column":1},"end":{"line":272,"column":39}}},"28":{"name":"isWhatsUpLength","line":279,"loc":{"start":{"line":279,"column":11},"end":{"line":279,"column":36}}},"29":{"name":"(anonymous_29)","line":288,"loc":{"start":{"line":288,"column":27},"end":{"line":288,"column":32}}}},"statementMap":{"1":{"start":{"line":0,"column":0},"end":{"line":0,"column":0},"skip":true},"2":{"start":{"line":27,"column":16},"end":{"line":null,"column":null}},"3":{"start":{"line":72,"column":16},"end":{"line":null,"column":null}},"4":{"start":{"line":101,"column":16},"end":{"line":null,"column":null}},"5":{"start":{"line":128,"column":16},"end":{"line":null,"column":null}},"6":{"start":{"line":155,"column":16},"end":{"line":null,"column":null}},"7":{"start":{"line":182,"column":16},"end":{"line":null,"column":null}},"8":{"start":{"line":218,"column":16},"end":{"line":null,"column":null}},"9":{"start":{"line":245,"column":16},"end":{"line":null,"column":null}},"10":{"start":{"line":272,"column":16},"end":{"line":null,"column":null}},"11":{"start":{"line":0,"column":0},"end":{"line":0,"column":0},"skip":true},"12":{"start":{"line":0,"column":0},"end":{"line":0,"column":0},"skip":true},"13":{"start":{"line":0,"column":0},"end":{"line":0,"column":0},"skip":true},"14":{"start":{"line":0,"column":0},"end":{"line":0,"column":0},"skip":true},"15":{"start":{"line":0,"column":0},"end":{"line":0,"column":0},"skip":true},"16":{"start":{"line":0,"column":0},"end":{"line":0,"column":0},"skip":true},"17":{"start":{"line":0,"column":0},"end":{"line":0,"column":0},"skip":true},"18":{"start":{"line":0,"column":0},"end":{"line":0,"column":0},"skip":true},"19":{"start":{"line":0,"column":0},"end":{"line":0,"column":0},"skip":true},"20":{"start":{"line":0,"column":0},"end":{"line":0,"column":0},"skip":true},"21":{"start":{"line":0,"column":0},"end":{"line":0,"column":0},"skip":true},"22":{"start":{"line":0,"column":0},"end":{"line":0,"column":0},"skip":true},"23":{"start":{"line":0,"column":0},"end":{"line":0,"column":0},"skip":true},"24":{"start":{"line":0,"column":0},"end":{"line":0,"column":0},"skip":true},"25":{"start":{"line":0,"column":0},"end":{"line":0,"column":0},"skip":true},"26":{"start":{"line":0,"column":0},"end":{"line":0,"column":0},"skip":true},"27":{"start":{"line":14,"column":0},"end":{"line":14,"column":37}},"28":{"start":{"line":15,"column":0},"end":{"line":null,"column":null}},"29":{"start":{"line":15,"column":37},"end":{"line":64,"column":1}},"30":{"start":{"line":35,"column":11},"end":{"line":42,"column":3}},"31":{"start":{"line":36,"column":11},"end":{"line":41,"column":10}},"32":{"start":{"line":50,"column":11},"end":{"line":57,"column":3}},"33":{"start":{"line":51,"column":11},"end":{"line":56,"column":10}},"34":{"start":{"line":59,"column":9},"end":{"line":63,"column":36}},"35":{"start":{"line":60,"column":11},"end":{"line":60,"column":18}},"36":{"start":{"line":64,"column":1},"end":{"line":93,"column":1}},"37":{"start":{"line":80,"column":11},"end":{"line":87,"column":3}},"38":{"start":{"line":81,"column":11},"end":{"line":86,"column":10}},"39":{"start":{"line":89,"column":9},"end":{"line":92,"column":36}},"40":{"start":{"line":90,"column":11},"end":{"line":90,"column":15}},"41":{"start":{"line":93,"column":1},"end":{"line":120,"column":1}},"42":{"start":{"line":109,"column":11},"end":{"line":114,"column":3}},"43":{"start":{"line":110,"column":11},"end":{"line":113,"column":8}},"44":{"start":{"line":116,"column":9},"end":{"line":119,"column":34}},"45":{"start":{"line":117,"column":11},"end":{"line":117,"column":15}},"46":{"start":{"line":120,"column":1},"end":{"line":147,"column":1}},"47":{"start":{"line":136,"column":11},"end":{"line":141,"column":3}},"48":{"start":{"line":137,"column":11},"end":{"line":140,"column":8}},"49":{"start":{"line":143,"column":9},"end":{"line":146,"column":40}},"50":{"start":{"line":144,"column":11},"end":{"line":144,"column":15}},"51":{"start":{"line":147,"column":1},"end":{"line":174,"column":1}},"52":{"start":{"line":163,"column":11},"end":{"line":168,"column":3}},"53":{"start":{"line":164,"column":11},"end":{"line":167,"column":8}},"54":{"start":{"line":170,"column":9},"end":{"line":173,"column":36}},"55":{"start":{"line":171,"column":11},"end":{"line":171,"column":15}},"56":{"start":{"line":174,"column":1},"end":{"line":210,"column":1}},"57":{"start":{"line":190,"column":11},"end":{"line":204,"column":3}},"58":{"start":{"line":191,"column":10},"end":{"line":191,"column":35}},"59":{"start":{"line":192,"column":10},"end":{"line":192,"column":38}},"60":{"start":{"line":193,"column":10},"end":{"line":193,"column":38}},"61":{"start":{"line":195,"column":7},"end":{"line":195,"column":49}},"62":{"start":{"line":196,"column":7},"end":{"line":196,"column":48}},"63":{"start":{"line":198,"column":11},"end":{"line":203,"column":10}},"64":{"start":{"line":206,"column":9},"end":{"line":209,"column":37}},"65":{"start":{"line":207,"column":11},"end":{"line":207,"column":15}},"66":{"start":{"line":210,"column":1},"end":{"line":237,"column":1}},"67":{"start":{"line":226,"column":11},"end":{"line":231,"column":3}},"68":{"start":{"line":227,"column":11},"end":{"line":230,"column":8}},"69":{"start":{"line":233,"column":9},"end":{"line":236,"column":39}},"70":{"start":{"line":234,"column":11},"end":{"line":234,"column":15}},"71":{"start":{"line":237,"column":1},"end":{"line":264,"column":1}},"72":{"start":{"line":253,"column":11},"end":{"line":258,"column":3}},"73":{"start":{"line":254,"column":11},"end":{"line":257,"column":8}},"74":{"start":{"line":260,"column":9},"end":{"line":263,"column":41}},"75":{"start":{"line":261,"column":11},"end":{"line":261,"column":15}},"76":{"start":{"line":264,"column":1},"end":{"line":292,"column":1}},"77":{"start":{"line":279,"column":11},"end":{"line":286,"column":3}},"78":{"start":{"line":280,"column":11},"end":{"line":285,"column":10}},"79":{"start":{"line":288,"column":9},"end":{"line":291,"column":34}},"80":{"start":{"line":289,"column":11},"end":{"line":289,"column":15}}},"branchMap":{"1":{"line":0,"type":"cond-expr","locations":[{"start":{"line":0,"column":0},"end":{"line":0,"column":0},"skip":true},{"start":{"line":0,"column":0},"end":{"line":0,"column":0},"skip":true}]},"2":{"line":0,"type":"binary-expr","locations":[{"start":{"line":0,"column":0},"end":{"line":0,"column":0},"skip":true},{"start":{"line":0,"column":0},"end":{"line":0,"column":0},"skip":true}]},"3":{"line":37,"type":"cond-expr","locations":[{"start":{"line":37,"column":6},"end":{"line":37,"column":23}},{"start":{"line":38,"column":6},"end":{"line":41,"column":9}}]},"4":{"line":52,"type":"cond-expr","locations":[{"start":{"line":52,"column":6},"end":{"line":52,"column":23}},{"start":{"line":53,"column":6},"end":{"line":56,"column":9}}]},"5":{"line":82,"type":"cond-expr","locations":[{"start":{"line":82,"column":6},"end":{"line":82,"column":23}},{"start":{"line":83,"column":6},"end":{"line":86,"column":9}}]},"6":{"line":199,"type":"cond-expr","locations":[{"start":{"line":199,"column":6},"end":{"line":199,"column":23}},{"start":{"line":200,"column":6},"end":{"line":203,"column":9}}]},"7":{"line":198,"type":"binary-expr","locations":[{"start":{"line":198,"column":11},"end":{"line":198,"column":43}},{"start":{"line":198,"column":47},"end":{"line":198,"column":80}}]},"8":{"line":281,"type":"cond-expr","locations":[{"start":{"line":281,"column":6},"end":{"line":281,"column":22}},{"start":{"line":282,"column":6},"end":{"line":285,"column":9}}]}}},"/home/docker/Jenkins/workspace/validation-stack/src/model/enum/UserType.js":{"path":"/home/docker/Jenkins/workspace/validation-stack/src/model/enum/UserType.js","s":{"1":1,"2":1,"3":1,"4":1,"5":1,"6":1,"7":1},"b":{"1":[1,0],"2":[1,1]},"f":{"1":1},"fnMap":{"1":{"name":"_interopRequireDefault","line":0,"loc":{"start":{"line":0,"column":0},"end":{"line":0,"column":0}},"skip":true}},"statementMap":{"1":{"start":{"line":0,"column":0},"end":{"line":0,"column":0},"skip":true},"2":{"start":{"line":0,"column":0},"end":{"line":0,"column":0},"skip":true},"3":{"start":{"line":0,"column":0},"end":{"line":0,"column":0},"skip":true},"4":{"start":{"line":0,"column":0},"end":{"line":0,"column":0},"skip":true},"5":{"start":{"line":0,"column":0},"end":{"line":0,"column":0},"skip":true},"6":{"start":{"line":15,"column":0},"end":{"line":20,"column":2}},"7":{"start":{"line":22,"column":15},"end":{"line":null,"column":null}}},"branchMap":{"1":{"line":0,"type":"cond-expr","locations":[{"start":{"line":0,"column":0},"end":{"line":0,"column":0},"skip":true},{"start":{"line":0,"column":0},"end":{"line":0,"column":0},"skip":true}]},"2":{"line":0,"type":"binary-expr","locations":[{"start":{"line":0,"column":0},"end":{"line":0,"column":0},"skip":true},{"start":{"line":0,"column":0},"end":{"line":0,"column":0},"skip":true}]}}},"/home/docker/Jenkins/workspace/validation-stack/src/model/utility/deepFreeze.js":{"path":"/home/docker/Jenkins/workspace/validation-stack/src/model/utility/deepFreeze.js","s":{"1":1,"2":1,"3":1,"4":38,"5":1,"6":7,"7":7,"8":38,"9":38,"10":0,"11":7},"b":{"1":[0,38],"2":[38,35,35],"3":[0,38],"4":[38,0,0],"5":[0,38]},"f":{"1":38,"2":7,"3":38},"fnMap":{"1":{"name":"_typeof","line":0,"loc":{"start":{"line":0,"column":0},"end":{"line":0,"column":0}},"skip":true},"2":{"name":"deepFreeze","line":9,"loc":{"start":{"line":9,"column":15},"end":{"line":9,"column":40}}},"3":{"name":"(anonymous_3)","line":15,"loc":{"start":{"line":15,"column":20},"end":{"line":15,"column":28}}}},"statementMap":{"1":{"start":{"line":0,"column":0},"end":{"line":0,"column":0},"skip":true},"2":{"start":{"line":9,"column":24},"end":{"line":null,"column":null}},"3":{"start":{"line":0,"column":0},"end":{"line":0,"column":0},"skip":true},"4":{"start":{"line":0,"column":0},"end":{"line":0,"column":0},"skip":true},"5":{"start":{"line":9,"column":15},"end":{"line":26,"column":1}},"6":{"start":{"line":12,"column":8},"end":{"line":null,"column":null}},"7":{"start":{"line":15,"column":11},"end":{"line":null,"column":null}},"8":{"start":{"line":16,"column":10},"end":{"line":null,"column":null}},"9":{"start":{"line":19,"column":8},"end":{"line":21,"column":5}},"10":{"start":{"line":20,"column":16},"end":{"line":20,"column":23}},"11":{"start":{"line":25,"column":9},"end":{"line":25,"column":28}}},"branchMap":{"1":{"line":0,"type":"cond-expr","locations":[{"start":{"line":0,"column":0},"end":{"line":0,"column":0},"skip":true},{"start":{"line":0,"column":0},"end":{"line":0,"column":0},"skip":true}]},"2":{"line":0,"type":"binary-expr","locations":[{"start":{"line":0,"column":0},"end":{"line":0,"column":0},"skip":true},{"start":{"line":0,"column":0},"end":{"line":0,"column":0},"skip":true},{"start":{"line":0,"column":0},"end":{"line":0,"column":0},"skip":true}]},"3":{"line":19,"type":"if","locations":[{"start":{"line":19,"column":8},"end":{"line":19,"column":8}},{"start":{"line":19,"column":8},"end":{"line":19,"column":8}}]},"4":{"line":19,"type":"binary-expr","locations":[{"start":{"line":19,"column":8},"end":{"line":19,"column":32}},{"start":{"line":19,"column":36},"end":{"line":19,"column":49}},{"start":{"line":19,"column":53},"end":{"line":19,"column":75}}]},"5":{"line":19,"type":"cond-expr","locations":[{"start":{"line":19,"column":15},"end":{"line":19,"column":15}},{"start":{"line":19,"column":15},"end":{"line":19,"column":24}}]}}},"/home/docker/Jenkins/workspace/validation-stack/src/model/enum/UserStatus.js":{"path":"/home/docker/Jenkins/workspace/validation-stack/src/model/enum/UserStatus.js","s":{"1":1,"2":1,"3":1,"4":1,"5":1,"6":1,"7":1},"b":{"1":[1,0],"2":[1,1]},"f":{"1":1},"fnMap":{"1":{"name":"_interopRequireDefault","line":0,"loc":{"start":{"line":0,"column":0},"end":{"line":0,"column":0}},"skip":true}},"statementMap":{"1":{"start":{"line":0,"column":0},"end":{"line":0,"column":0},"skip":true},"2":{"start":{"line":0,"column":0},"end":{"line":0,"column":0},"skip":true},"3":{"start":{"line":0,"column":0},"end":{"line":0,"column":0},"skip":true},"4":{"start":{"line":0,"column":0},"end":{"line":0,"column":0},"skip":true},"5":{"start":{"line":0,"column":0},"end":{"line":0,"column":0},"skip":true},"6":{"start":{"line":15,"column":0},"end":{"line":26,"column":2}},"7":{"start":{"line":28,"column":15},"end":{"line":null,"column":null}}},"branchMap":{"1":{"line":0,"type":"cond-expr","locations":[{"start":{"line":0,"column":0},"end":{"line":0,"column":0},"skip":true},{"start":{"line":0,"column":0},"end":{"line":0,"column":0},"skip":true}]},"2":{"line":0,"type":"binary-expr","locations":[{"start":{"line":0,"column":0},"end":{"line":0,"column":0},"skip":true},{"start":{"line":0,"column":0},"end":{"line":0,"column":0},"skip":true}]}}},"/home/docker/Jenkins/workspace/validation-stack/src/model/enum/Gender.js":{"path":"/home/docker/Jenkins/workspace/validation-stack/src/model/enum/Gender.js","s":{"1":1,"2":1,"3":1,"4":1,"5":1,"6":1,"7":1},"b":{"1":[1,0],"2":[1,1]},"f":{"1":1},"fnMap":{"1":{"name":"_interopRequireDefault","line":0,"loc":{"start":{"line":0,"column":0},"end":{"line":0,"column":0}},"skip":true}},"statementMap":{"1":{"start":{"line":0,"column":0},"end":{"line":0,"column":0},"skip":true},"2":{"start":{"line":0,"column":0},"end":{"line":0,"column":0},"skip":true},"3":{"start":{"line":0,"column":0},"end":{"line":0,"column":0},"skip":true},"4":{"start":{"line":0,"column":0},"end":{"line":0,"column":0},"skip":true},"5":{"start":{"line":0,"column":0},"end":{"line":0,"column":0},"skip":true},"6":{"start":{"line":15,"column":0},"end":{"line":20,"column":2}},"7":{"start":{"line":22,"column":15},"end":{"line":null,"column":null}}},"branchMap":{"1":{"line":0,"type":"cond-expr","locations":[{"start":{"line":0,"column":0},"end":{"line":0,"column":0},"skip":true},{"start":{"line":0,"column":0},"end":{"line":0,"column":0},"skip":true}]},"2":{"line":0,"type":"binary-expr","locations":[{"start":{"line":0,"column":0},"end":{"line":0,"column":0},"skip":true},{"start":{"line":0,"column":0},"end":{"line":0,"column":0},"skip":true}]}}},"/home/docker/Jenkins/workspace/validation-stack/src/model/enum/AgeGroup.js":{"path":"/home/docker/Jenkins/workspace/validation-stack/src/model/enum/AgeGroup.js","s":{"1":1,"2":1,"3":1,"4":1,"5":1,"6":1,"7":1},"b":{"1":[1,0],"2":[1,1]},"f":{"1":1},"fnMap":{"1":{"name":"_interopRequireDefault","line":0,"loc":{"start":{"line":0,"column":0},"end":{"line":0,"column":0}},"skip":true}},"statementMap":{"1":{"start":{"line":0,"column":0},"end":{"line":0,"column":0},"skip":true},"2":{"start":{"line":0,"column":0},"end":{"line":0,"column":0},"skip":true},"3":{"start":{"line":0,"column":0},"end":{"line":0,"column":0},"skip":true},"4":{"start":{"line":0,"column":0},"end":{"line":0,"column":0},"skip":true},"5":{"start":{"line":0,"column":0},"end":{"line":0,"column":0},"skip":true},"6":{"start":{"line":15,"column":0},"end":{"line":40,"column":2}},"7":{"start":{"line":42,"column":15},"end":{"line":null,"column":null}}},"branchMap":{"1":{"line":0,"type":"cond-expr","locations":[{"start":{"line":0,"column":0},"end":{"line":0,"column":0},"skip":true},{"start":{"line":0,"column":0},"end":{"line":0,"column":0},"skip":true}]},"2":{"line":0,"type":"binary-expr","locations":[{"start":{"line":0,"column":0},"end":{"line":0,"column":0},"skip":true},{"start":{"line":0,"column":0},"end":{"line":0,"column":0},"skip":true}]}}},"/home/docker/Jenkins/workspace/validation-stack/src/model/enum/Horoscope.js":{"path":"/home/docker/Jenkins/workspace/validation-stack/src/model/enum/Horoscope.js","s":{"1":1,"2":1,"3":1,"4":1,"5":1,"6":1,"7":1},"b":{"1":[1,0],"2":[1,1]},"f":{"1":1},"fnMap":{"1":{"name":"_interopRequireDefault","line":0,"loc":{"start":{"line":0,"column":0},"end":{"line":0,"column":0}},"skip":true}},"statementMap":{"1":{"start":{"line":0,"column":0},"end":{"line":0,"column":0},"skip":true},"2":{"start":{"line":0,"column":0},"end":{"line":0,"column":0},"skip":true},"3":{"start":{"line":0,"column":0},"end":{"line":0,"column":0},"skip":true},"4":{"start":{"line":0,"column":0},"end":{"line":0,"column":0},"skip":true},"5":{"start":{"line":0,"column":0},"end":{"line":0,"column":0},"skip":true},"6":{"start":{"line":15,"column":0},"end":{"line":40,"column":2}},"7":{"start":{"line":42,"column":15},"end":{"line":null,"column":null}}},"branchMap":{"1":{"line":0,"type":"cond-expr","locations":[{"start":{"line":0,"column":0},"end":{"line":0,"column":0},"skip":true},{"start":{"line":0,"column":0},"end":{"line":0,"column":0},"skip":true}]},"2":{"line":0,"type":"binary-expr","locations":[{"start":{"line":0,"column":0},"end":{"line":0,"column":0},"skip":true},{"start":{"line":0,"column":0},"end":{"line":0,"column":0},"skip":true}]}}},"/home/docker/Jenkins/workspace/validation-stack/src/model/index.js":{"path":"/home/docker/Jenkins/workspace/validation-stack/src/model/index.js","s":{"1":1,"2":1},"b":{},"f":{"1":1},"fnMap":{"1":{"name":"(anonymous_1)","line":3,"loc":{"start":{"line":3,"column":17},"end":{"line":3,"column":30}}}},"statementMap":{"1":{"start":{"line":3,"column":0},"end":{"line":33,"column":2}},"2":{"start":{"line":8,"column":9},"end":{"line":32,"column":4}}},"branchMap":{}},"/home/docker/Jenkins/workspace/validation-stack/src/model/business/Business.js":{"path":"/home/docker/Jenkins/workspace/validation-stack/src/model/business/Business.js","s":{"1":1,"2":1,"3":1,"4":1,"5":0,"6":0,"7":1,"8":0,"9":0,"10":1,"11":0,"12":0,"13":1,"14":0,"15":0,"16":1,"17":0,"18":0,"19":1,"20":0,"21":0,"22":1,"23":0,"24":0,"25":1,"26":0,"27":0},"b":{},"f":{"1":1,"2":1,"3":0,"4":0,"5":0,"6":0,"7":0,"8":0,"9":0,"10":0,"11":0,"12":0,"13":0,"14":0,"15":0,"16":0,"17":0,"18":0},"fnMap":{"1":{"name":"(anonymous_1)","line":4,"loc":{"start":{"line":4,"column":15},"end":{"line":4,"column":28}}},"2":{"name":"initialize","line":12,"loc":{"start":{"line":12,"column":17},"end":{"line":12,"column":17}}},"3":{"name":"get","line":48,"loc":{"start":{"line":48,"column":14},"end":{"line":48,"column":14}}},"4":{"name":"set","line":51,"loc":{"start":{"line":51,"column":12},"end":{"line":51,"column":19}}},"5":{"name":"get","line":63,"loc":{"start":{"line":63,"column":14},"end":{"line":63,"column":14}}},"6":{"name":"set","line":66,"loc":{"start":{"line":66,"column":12},"end":{"line":66,"column":19}}},"7":{"name":"get","line":78,"loc":{"start":{"line":78,"column":14},"end":{"line":78,"column":14}}},"8":{"name":"set","line":81,"loc":{"start":{"line":81,"column":12},"end":{"line":81,"column":19}}},"9":{"name":"get","line":93,"loc":{"start":{"line":93,"column":14},"end":{"line":93,"column":14}}},"10":{"name":"set","line":96,"loc":{"start":{"line":96,"column":12},"end":{"line":96,"column":19}}},"11":{"name":"get","line":108,"loc":{"start":{"line":108,"column":14},"end":{"line":108,"column":14}}},"12":{"name":"set","line":111,"loc":{"start":{"line":111,"column":12},"end":{"line":111,"column":19}}},"13":{"name":"get","line":123,"loc":{"start":{"line":123,"column":14},"end":{"line":123,"column":14}}},"14":{"name":"set","line":126,"loc":{"start":{"line":126,"column":12},"end":{"line":126,"column":19}}},"15":{"name":"get","line":138,"loc":{"start":{"line":138,"column":14},"end":{"line":138,"column":14}}},"16":{"name":"set","line":141,"loc":{"start":{"line":141,"column":12},"end":{"line":141,"column":19}}},"17":{"name":"get","line":153,"loc":{"start":{"line":153,"column":14},"end":{"line":153,"column":14}}},"18":{"name":"set","line":156,"loc":{"start":{"line":156,"column":12},"end":{"line":156,"column":19}}}},"statementMap":{"1":{"start":{"line":0,"column":0},"end":{"line":0,"column":0},"skip":true},"2":{"start":{"line":4,"column":15},"end":{"line":null,"column":null}},"3":{"start":{"line":10,"column":9},"end":{"line":165,"column":5}},"4":{"start":{"line":47,"column":12},"end":{"line":null,"column":null}},"5":{"start":{"line":49,"column":17},"end":{"line":49,"column":34}},"6":{"start":{"line":52,"column":14},"end":{"line":52,"column":34}},"7":{"start":{"line":62,"column":12},"end":{"line":null,"column":null}},"8":{"start":{"line":64,"column":17},"end":{"line":64,"column":35}},"9":{"start":{"line":67,"column":14},"end":{"line":67,"column":35}},"10":{"start":{"line":77,"column":12},"end":{"line":null,"column":null}},"11":{"start":{"line":79,"column":17},"end":{"line":79,"column":35}},"12":{"start":{"line":82,"column":14},"end":{"line":82,"column":35}},"13":{"start":{"line":92,"column":12},"end":{"line":null,"column":null}},"14":{"start":{"line":94,"column":17},"end":{"line":94,"column":37}},"15":{"start":{"line":97,"column":14},"end":{"line":97,"column":37}},"16":{"start":{"line":107,"column":12},"end":{"line":null,"column":null}},"17":{"start":{"line":109,"column":17},"end":{"line":109,"column":37}},"18":{"start":{"line":112,"column":14},"end":{"line":112,"column":37}},"19":{"start":{"line":122,"column":12},"end":{"line":null,"column":null}},"20":{"start":{"line":124,"column":17},"end":{"line":124,"column":40}},"21":{"start":{"line":127,"column":14},"end":{"line":127,"column":40}},"22":{"start":{"line":137,"column":12},"end":{"line":null,"column":null}},"23":{"start":{"line":139,"column":17},"end":{"line":139,"column":41}},"24":{"start":{"line":142,"column":14},"end":{"line":142,"column":41}},"25":{"start":{"line":152,"column":12},"end":{"line":160,"column":9}},"26":{"start":{"line":154,"column":17},"end":{"line":154,"column":38}},"27":{"start":{"line":157,"column":14},"end":{"line":157,"column":38}}},"branchMap":{}},"/home/docker/Jenkins/workspace/validation-stack/src/model/geographic/Address.js":{"path":"/home/docker/Jenkins/workspace/validation-stack/src/model/geographic/Address.js","s":{"1":1,"2":1,"3":1,"4":1,"5":0,"6":0,"7":1,"8":0,"9":0,"10":1,"11":0,"12":0,"13":1,"14":0,"15":0,"16":1,"17":0,"18":0,"19":1,"20":0,"21":0},"b":{},"f":{"1":1,"2":1,"3":0,"4":0,"5":0,"6":0,"7":0,"8":0,"9":0,"10":0,"11":0,"12":0,"13":0,"14":0},"fnMap":{"1":{"name":"(anonymous_1)","line":3,"loc":{"start":{"line":3,"column":15},"end":{"line":3,"column":28}}},"2":{"name":"initialize","line":11,"loc":{"start":{"line":11,"column":17},"end":{"line":11,"column":17}}},"3":{"name":"get","line":19,"loc":{"start":{"line":19,"column":14},"end":{"line":19,"column":14}}},"4":{"name":"set","line":22,"loc":{"start":{"line":22,"column":12},"end":{"line":22,"column":19}}},"5":{"name":"get","line":34,"loc":{"start":{"line":34,"column":14},"end":{"line":34,"column":14}}},"6":{"name":"set","line":37,"loc":{"start":{"line":37,"column":12},"end":{"line":37,"column":19}}},"7":{"name":"get","line":49,"loc":{"start":{"line":49,"column":14},"end":{"line":49,"column":14}}},"8":{"name":"set","line":52,"loc":{"start":{"line":52,"column":12},"end":{"line":52,"column":19}}},"9":{"name":"get","line":64,"loc":{"start":{"line":64,"column":14},"end":{"line":64,"column":14}}},"10":{"name":"set","line":67,"loc":{"start":{"line":67,"column":12},"end":{"line":67,"column":19}}},"11":{"name":"get","line":79,"loc":{"start":{"line":79,"column":14},"end":{"line":79,"column":14}}},"12":{"name":"set","line":82,"loc":{"start":{"line":82,"column":12},"end":{"line":82,"column":19}}},"13":{"name":"get","line":94,"loc":{"start":{"line":94,"column":14},"end":{"line":94,"column":14}}},"14":{"name":"set","line":97,"loc":{"start":{"line":97,"column":12},"end":{"line":97,"column":19}}}},"statementMap":{"1":{"start":{"line":0,"column":0},"end":{"line":0,"column":0},"skip":true},"2":{"start":{"line":3,"column":15},"end":{"line":null,"column":null}},"3":{"start":{"line":9,"column":9},"end":{"line":106,"column":5}},"4":{"start":{"line":18,"column":12},"end":{"line":null,"column":null}},"5":{"start":{"line":20,"column":17},"end":{"line":20,"column":36}},"6":{"start":{"line":23,"column":14},"end":{"line":23,"column":36}},"7":{"start":{"line":33,"column":12},"end":{"line":null,"column":null}},"8":{"start":{"line":35,"column":17},"end":{"line":35,"column":36}},"9":{"start":{"line":38,"column":14},"end":{"line":38,"column":36}},"10":{"start":{"line":48,"column":12},"end":{"line":null,"column":null}},"11":{"start":{"line":50,"column":17},"end":{"line":50,"column":40}},"12":{"start":{"line":53,"column":14},"end":{"line":53,"column":40}},"13":{"start":{"line":63,"column":12},"end":{"line":null,"column":null}},"14":{"start":{"line":65,"column":17},"end":{"line":65,"column":41}},"15":{"start":{"line":68,"column":14},"end":{"line":68,"column":41}},"16":{"start":{"line":78,"column":12},"end":{"line":null,"column":null}},"17":{"start":{"line":80,"column":17},"end":{"line":80,"column":41}},"18":{"start":{"line":83,"column":14},"end":{"line":83,"column":41}},"19":{"start":{"line":93,"column":12},"end":{"line":101,"column":9}},"20":{"start":{"line":95,"column":17},"end":{"line":95,"column":38}},"21":{"start":{"line":98,"column":14},"end":{"line":98,"column":38}}},"branchMap":{}},"/home/docker/Jenkins/workspace/validation-stack/src/model/geographic/Region.js":{"path":"/home/docker/Jenkins/workspace/validation-stack/src/model/geographic/Region.js","s":{"1":1,"2":1,"3":1,"4":1,"5":0,"6":0,"7":1,"8":0,"9":0,"10":1,"11":0,"12":0,"13":1,"14":0,"15":0,"16":1,"17":0,"18":0,"19":1,"20":0,"21":0},"b":{},"f":{"1":1,"2":1,"3":0,"4":0,"5":0,"6":0,"7":0,"8":0,"9":0,"10":0,"11":0,"12":0,"13":0,"14":0},"fnMap":{"1":{"name":"(anonymous_1)","line":6,"loc":{"start":{"line":6,"column":15},"end":{"line":6,"column":28}}},"2":{"name":"initialize","line":13,"loc":{"start":{"line":13,"column":17},"end":{"line":13,"column":17}}},"3":{"name":"get","line":20,"loc":{"start":{"line":20,"column":14},"end":{"line":20,"column":14}}},"4":{"name":"set","line":23,"loc":{"start":{"line":23,"column":12},"end":{"line":23,"column":19}}},"5":{"name":"get","line":35,"loc":{"start":{"line":35,"column":14},"end":{"line":35,"column":14}}},"6":{"name":"set","line":38,"loc":{"start":{"line":38,"column":12},"end":{"line":38,"column":19}}},"7":{"name":"get","line":50,"loc":{"start":{"line":50,"column":14},"end":{"line":50,"column":14}}},"8":{"name":"set","line":53,"loc":{"start":{"line":53,"column":12},"end":{"line":53,"column":19}}},"9":{"name":"get","line":65,"loc":{"start":{"line":65,"column":14},"end":{"line":65,"column":14}}},"10":{"name":"set","line":68,"loc":{"start":{"line":68,"column":12},"end":{"line":68,"column":19}}},"11":{"name":"get","line":80,"loc":{"start":{"line":80,"column":14},"end":{"line":80,"column":14}}},"12":{"name":"set","line":83,"loc":{"start":{"line":83,"column":12},"end":{"line":83,"column":19}}},"13":{"name":"get","line":95,"loc":{"start":{"line":95,"column":14},"end":{"line":95,"column":14}}},"14":{"name":"set","line":98,"loc":{"start":{"line":98,"column":12},"end":{"line":98,"column":19}}}},"statementMap":{"1":{"start":{"line":0,"column":0},"end":{"line":0,"column":0},"skip":true},"2":{"start":{"line":6,"column":15},"end":{"line":null,"column":null}},"3":{"start":{"line":12,"column":9},"end":{"line":107,"column":5}},"4":{"start":{"line":19,"column":12},"end":{"line":null,"column":null}},"5":{"start":{"line":21,"column":17},"end":{"line":21,"column":34}},"6":{"start":{"line":24,"column":14},"end":{"line":24,"column":34}},"7":{"start":{"line":34,"column":12},"end":{"line":null,"column":null}},"8":{"start":{"line":36,"column":17},"end":{"line":36,"column":41}},"9":{"start":{"line":39,"column":14},"end":{"line":39,"column":41}},"10":{"start":{"line":49,"column":12},"end":{"line":null,"column":null}},"11":{"start":{"line":51,"column":17},"end":{"line":51,"column":41}},"12":{"start":{"line":54,"column":14},"end":{"line":54,"column":41}},"13":{"start":{"line":64,"column":12},"end":{"line":null,"column":null}},"14":{"start":{"line":66,"column":17},"end":{"line":66,"column":41}},"15":{"start":{"line":69,"column":14},"end":{"line":69,"column":41}},"16":{"start":{"line":79,"column":12},"end":{"line":null,"column":null}},"17":{"start":{"line":81,"column":17},"end":{"line":81,"column":35}},"18":{"start":{"line":84,"column":14},"end":{"line":84,"column":35}},"19":{"start":{"line":94,"column":12},"end":{"line":102,"column":9}},"20":{"start":{"line":96,"column":17},"end":{"line":96,"column":41}},"21":{"start":{"line":99,"column":14},"end":{"line":99,"column":41}}},"branchMap":{}},"/home/docker/Jenkins/workspace/validation-stack/src/model/user/User.js":{"path":"/home/docker/Jenkins/workspace/validation-stack/src/model/user/User.js","s":{"1":1,"2":1,"3":1,"4":1,"5":0,"6":0,"7":1,"8":0,"9":0,"10":1,"11":0,"12":0,"13":1,"14":0,"15":0,"16":1,"17":0,"18":0,"19":1,"20":0,"21":0,"22":1,"23":0,"24":0,"25":1,"26":0,"27":0,"28":1,"29":0,"30":0,"31":1,"32":0,"33":0,"34":1,"35":0,"36":0,"37":1,"38":0,"39":0,"40":1,"41":0,"42":0,"43":1,"44":0,"45":0,"46":1,"47":0,"48":0,"49":1,"50":0,"51":0,"52":1,"53":0,"54":0,"55":1,"56":0,"57":0,"58":1,"59":0,"60":0,"61":1,"62":0,"63":0,"64":1,"65":0,"66":0,"67":1,"68":0,"69":0,"70":1,"71":0,"72":0,"73":1,"74":0,"75":0},"b":{},"f":{"1":1,"2":1,"3":0,"4":0,"5":0,"6":0,"7":0,"8":0,"9":0,"10":0,"11":0,"12":0,"13":0,"14":0,"15":0,"16":0,"17":0,"18":0,"19":0,"20":0,"21":0,"22":0,"23":0,"24":0,"25":0,"26":0,"27":0,"28":0,"29":0,"30":0,"31":0,"32":0,"33":0,"34":0,"35":0,"36":0,"37":0,"38":0,"39":0,"40":0,"41":0,"42":0,"43":0,"44":0,"45":0,"46":0,"47":0,"48":0,"49":0,"50":0},"fnMap":{"1":{"name":"(anonymous_1)","line":3,"loc":{"start":{"line":3,"column":15},"end":{"line":3,"column":28}}},"2":{"name":"initialize","line":12,"loc":{"start":{"line":12,"column":17},"end":{"line":12,"column":17}}},"3":{"name":"get","line":18,"loc":{"start":{"line":18,"column":14},"end":{"line":18,"column":14}}},"4":{"name":"set","line":21,"loc":{"start":{"line":21,"column":12},"end":{"line":21,"column":19}}},"5":{"name":"get","line":32,"loc":{"start":{"line":32,"column":14},"end":{"line":32,"column":14}}},"6":{"name":"set","line":35,"loc":{"start":{"line":35,"column":12},"end":{"line":35,"column":19}}},"7":{"name":"get","line":46,"loc":{"start":{"line":46,"column":14},"end":{"line":46,"column":14}}},"8":{"name":"set","line":49,"loc":{"start":{"line":49,"column":12},"end":{"line":49,"column":19}}},"9":{"name":"get","line":60,"loc":{"start":{"line":60,"column":14},"end":{"line":60,"column":14}}},"10":{"name":"set","line":63,"loc":{"start":{"line":63,"column":12},"end":{"line":63,"column":19}}},"11":{"name":"get","line":74,"loc":{"start":{"line":74,"column":14},"end":{"line":74,"column":14}}},"12":{"name":"set","line":77,"loc":{"start":{"line":77,"column":12},"end":{"line":77,"column":19}}},"13":{"name":"get","line":88,"loc":{"start":{"line":88,"column":14},"end":{"line":88,"column":14}}},"14":{"name":"set","line":91,"loc":{"start":{"line":91,"column":12},"end":{"line":91,"column":19}}},"15":{"name":"get","line":102,"loc":{"start":{"line":102,"column":14},"end":{"line":102,"column":14}}},"16":{"name":"set","line":105,"loc":{"start":{"line":105,"column":12},"end":{"line":105,"column":19}}},"17":{"name":"get","line":116,"loc":{"start":{"line":116,"column":14},"end":{"line":116,"column":14}}},"18":{"name":"set","line":119,"loc":{"start":{"line":119,"column":12},"end":{"line":119,"column":19}}},"19":{"name":"get","line":130,"loc":{"start":{"line":130,"column":14},"end":{"line":130,"column":14}}},"20":{"name":"set","line":133,"loc":{"start":{"line":133,"column":12},"end":{"line":133,"column":19}}},"21":{"name":"get","line":144,"loc":{"start":{"line":144,"column":14},"end":{"line":144,"column":14}}},"22":{"name":"set","line":147,"loc":{"start":{"line":147,"column":12},"end":{"line":147,"column":19}}},"23":{"name":"get","line":158,"loc":{"start":{"line":158,"column":14},"end":{"line":158,"column":14}}},"24":{"name":"set","line":161,"loc":{"start":{"line":161,"column":12},"end":{"line":161,"column":19}}},"25":{"name":"get","line":172,"loc":{"start":{"line":172,"column":14},"end":{"line":172,"column":14}}},"26":{"name":"set","line":175,"loc":{"start":{"line":175,"column":12},"end":{"line":175,"column":19}}},"27":{"name":"get","line":186,"loc":{"start":{"line":186,"column":14},"end":{"line":186,"column":14}}},"28":{"name":"set","line":189,"loc":{"start":{"line":189,"column":12},"end":{"line":189,"column":19}}},"29":{"name":"get","line":200,"loc":{"start":{"line":200,"column":14},"end":{"line":200,"column":14}}},"30":{"name":"set","line":203,"loc":{"start":{"line":203,"column":12},"end":{"line":203,"column":19}}},"31":{"name":"get","line":214,"loc":{"start":{"line":214,"column":14},"end":{"line":214,"column":14}}},"32":{"name":"set","line":217,"loc":{"start":{"line":217,"column":12},"end":{"line":217,"column":19}}},"33":{"name":"get","line":229,"loc":{"start":{"line":229,"column":14},"end":{"line":229,"column":14}}},"34":{"name":"set","line":232,"loc":{"start":{"line":232,"column":12},"end":{"line":232,"column":19}}},"35":{"name":"get","line":244,"loc":{"start":{"line":244,"column":14},"end":{"line":244,"column":14}}},"36":{"name":"set","line":247,"loc":{"start":{"line":247,"column":12},"end":{"line":247,"column":19}}},"37":{"name":"get","line":260,"loc":{"start":{"line":260,"column":14},"end":{"line":260,"column":14}}},"38":{"name":"set","line":263,"loc":{"start":{"line":263,"column":12},"end":{"line":263,"column":19}}},"39":{"name":"get","line":275,"loc":{"start":{"line":275,"column":14},"end":{"line":275,"column":14}}},"40":{"name":"set","line":278,"loc":{"start":{"line":278,"column":12},"end":{"line":278,"column":19}}},"41":{"name":"get","line":290,"loc":{"start":{"line":290,"column":14},"end":{"line":290,"column":14}}},"42":{"name":"set","line":293,"loc":{"start":{"line":293,"column":12},"end":{"line":293,"column":19}}},"43":{"name":"get","line":305,"loc":{"start":{"line":305,"column":14},"end":{"line":305,"column":14}}},"44":{"name":"set","line":308,"loc":{"start":{"line":308,"column":12},"end":{"line":308,"column":19}}},"45":{"name":"get","line":320,"loc":{"start":{"line":320,"column":14},"end":{"line":320,"column":14}}},"46":{"name":"set","line":323,"loc":{"start":{"line":323,"column":12},"end":{"line":323,"column":19}}},"47":{"name":"get","line":335,"loc":{"start":{"line":335,"column":14},"end":{"line":335,"column":14}}},"48":{"name":"set","line":338,"loc":{"start":{"line":338,"column":12},"end":{"line":338,"column":19}}},"49":{"name":"get","line":350,"loc":{"start":{"line":350,"column":14},"end":{"line":350,"column":14}}},"50":{"name":"set","line":353,"loc":{"start":{"line":353,"column":12},"end":{"line":353,"column":19}}}},"statementMap":{"1":{"start":{"line":0,"column":0},"end":{"line":0,"column":0},"skip":true},"2":{"start":{"line":3,"column":15},"end":{"line":null,"column":null}},"3":{"start":{"line":10,"column":9},"end":{"line":362,"column":5}},"4":{"start":{"line":17,"column":12},"end":{"line":null,"column":null}},"5":{"start":{"line":19,"column":17},"end":{"line":19,"column":47}},"6":{"start":{"line":22,"column":14},"end":{"line":22,"column":47}},"7":{"start":{"line":31,"column":12},"end":{"line":null,"column":null}},"8":{"start":{"line":33,"column":17},"end":{"line":33,"column":55}},"9":{"start":{"line":36,"column":14},"end":{"line":36,"column":55}},"10":{"start":{"line":45,"column":12},"end":{"line":null,"column":null}},"11":{"start":{"line":47,"column":17},"end":{"line":47,"column":34}},"12":{"start":{"line":50,"column":14},"end":{"line":50,"column":34}},"13":{"start":{"line":59,"column":12},"end":{"line":null,"column":null}},"14":{"start":{"line":61,"column":17},"end":{"line":61,"column":42}},"15":{"start":{"line":64,"column":14},"end":{"line":64,"column":42}},"16":{"start":{"line":73,"column":12},"end":{"line":null,"column":null}},"17":{"start":{"line":75,"column":17},"end":{"line":75,"column":38}},"18":{"start":{"line":78,"column":14},"end":{"line":78,"column":38}},"19":{"start":{"line":87,"column":12},"end":{"line":null,"column":null}},"20":{"start":{"line":89,"column":17},"end":{"line":89,"column":35}},"21":{"start":{"line":92,"column":14},"end":{"line":92,"column":35}},"22":{"start":{"line":101,"column":12},"end":{"line":null,"column":null}},"23":{"start":{"line":103,"column":17},"end":{"line":103,"column":43}},"24":{"start":{"line":106,"column":14},"end":{"line":106,"column":43}},"25":{"start":{"line":115,"column":12},"end":{"line":null,"column":null}},"26":{"start":{"line":117,"column":17},"end":{"line":117,"column":38}},"27":{"start":{"line":120,"column":14},"end":{"line":120,"column":38}},"28":{"start":{"line":129,"column":12},"end":{"line":null,"column":null}},"29":{"start":{"line":131,"column":17},"end":{"line":131,"column":38}},"30":{"start":{"line":134,"column":14},"end":{"line":134,"column":38}},"31":{"start":{"line":143,"column":12},"end":{"line":null,"column":null}},"32":{"start":{"line":145,"column":17},"end":{"line":145,"column":34}},"33":{"start":{"line":148,"column":14},"end":{"line":148,"column":34}},"34":{"start":{"line":157,"column":12},"end":{"line":null,"column":null}},"35":{"start":{"line":159,"column":17},"end":{"line":159,"column":36}},"36":{"start":{"line":162,"column":14},"end":{"line":162,"column":36}},"37":{"start":{"line":171,"column":12},"end":{"line":null,"column":null}},"38":{"start":{"line":173,"column":17},"end":{"line":173,"column":38}},"39":{"start":{"line":176,"column":14},"end":{"line":176,"column":38}},"40":{"start":{"line":185,"column":12},"end":{"line":null,"column":null}},"41":{"start":{"line":187,"column":17},"end":{"line":187,"column":38}},"42":{"start":{"line":190,"column":14},"end":{"line":190,"column":38}},"43":{"start":{"line":199,"column":12},"end":{"line":null,"column":null}},"44":{"start":{"line":201,"column":17},"end":{"line":201,"column":36}},"45":{"start":{"line":204,"column":14},"end":{"line":204,"column":36}},"46":{"start":{"line":213,"column":12},"end":{"line":null,"column":null}},"47":{"start":{"line":215,"column":17},"end":{"line":215,"column":38}},"48":{"start":{"line":218,"column":14},"end":{"line":218,"column":38}},"49":{"start":{"line":228,"column":12},"end":{"line":null,"column":null}},"50":{"start":{"line":230,"column":17},"end":{"line":230,"column":38}},"51":{"start":{"line":233,"column":14},"end":{"line":233,"column":38}},"52":{"start":{"line":243,"column":12},"end":{"line":null,"column":null}},"53":{"start":{"line":245,"column":17},"end":{"line":245,"column":39}},"54":{"start":{"line":248,"column":14},"end":{"line":248,"column":39}},"55":{"start":{"line":259,"column":12},"end":{"line":null,"column":null}},"56":{"start":{"line":261,"column":17},"end":{"line":261,"column":37}},"57":{"start":{"line":264,"column":14},"end":{"line":264,"column":37}},"58":{"start":{"line":274,"column":12},"end":{"line":null,"column":null}},"59":{"start":{"line":276,"column":17},"end":{"line":276,"column":40}},"60":{"start":{"line":279,"column":14},"end":{"line":279,"column":40}},"61":{"start":{"line":289,"column":12},"end":{"line":null,"column":null}},"62":{"start":{"line":291,"column":17},"end":{"line":291,"column":37}},"63":{"start":{"line":294,"column":14},"end":{"line":294,"column":37}},"64":{"start":{"line":304,"column":12},"end":{"line":null,"column":null}},"65":{"start":{"line":306,"column":17},"end":{"line":306,"column":44}},"66":{"start":{"line":309,"column":14},"end":{"line":309,"column":44}},"67":{"start":{"line":319,"column":12},"end":{"line":null,"column":null}},"68":{"start":{"line":321,"column":17},"end":{"line":321,"column":37}},"69":{"start":{"line":324,"column":14},"end":{"line":324,"column":37}},"70":{"start":{"line":334,"column":12},"end":{"line":null,"column":null}},"71":{"start":{"line":336,"column":17},"end":{"line":336,"column":40}},"72":{"start":{"line":339,"column":14},"end":{"line":339,"column":40}},"73":{"start":{"line":349,"column":12},"end":{"line":357,"column":9}},"74":{"start":{"line":351,"column":17},"end":{"line":351,"column":39}},"75":{"start":{"line":354,"column":14},"end":{"line":354,"column":39}}},"branchMap":{}},"/home/docker/Jenkins/workspace/validation-stack/src/model/user/Role.js":{"path":"/home/docker/Jenkins/workspace/validation-stack/src/model/user/Role.js","s":{"1":1,"2":1,"3":1,"4":1,"5":0,"6":0,"7":1,"8":0,"9":0},"b":{},"f":{"1":1,"2":1,"3":0,"4":0,"5":0,"6":0},"fnMap":{"1":{"name":"(anonymous_1)","line":3,"loc":{"start":{"line":3,"column":15},"end":{"line":3,"column":28}}},"2":{"name":"initialize","line":11,"loc":{"start":{"line":11,"column":17},"end":{"line":11,"column":17}}},"3":{"name":"get","line":18,"loc":{"start":{"line":18,"column":14},"end":{"line":18,"column":14}}},"4":{"name":"set","line":21,"loc":{"start":{"line":21,"column":12},"end":{"line":21,"column":19}}},"5":{"name":"get","line":33,"loc":{"start":{"line":33,"column":14},"end":{"line":33,"column":14}}},"6":{"name":"set","line":36,"loc":{"start":{"line":36,"column":12},"end":{"line":36,"column":19}}}},"statementMap":{"1":{"start":{"line":0,"column":0},"end":{"line":0,"column":0},"skip":true},"2":{"start":{"line":3,"column":15},"end":{"line":null,"column":null}},"3":{"start":{"line":9,"column":9},"end":{"line":45,"column":5}},"4":{"start":{"line":17,"column":12},"end":{"line":null,"column":null}},"5":{"start":{"line":19,"column":17},"end":{"line":19,"column":34}},"6":{"start":{"line":22,"column":14},"end":{"line":22,"column":34}},"7":{"start":{"line":32,"column":12},"end":{"line":40,"column":9}},"8":{"start":{"line":34,"column":17},"end":{"line":34,"column":38}},"9":{"start":{"line":37,"column":14},"end":{"line":37,"column":38}}},"branchMap":{}},"/home/docker/Jenkins/workspace/validation-stack/src/model/enum/Activation.js":{"path":"/home/docker/Jenkins/workspace/validation-stack/src/model/enum/Activation.js","s":{"1":1,"2":1,"3":1,"4":1,"5":1,"6":1,"7":1},"b":{"1":[1,0],"2":[1,1]},"f":{"1":1},"fnMap":{"1":{"name":"_interopRequireDefault","line":0,"loc":{"start":{"line":0,"column":0},"end":{"line":0,"column":0}},"skip":true}},"statementMap":{"1":{"start":{"line":0,"column":0},"end":{"line":0,"column":0},"skip":true},"2":{"start":{"line":0,"column":0},"end":{"line":0,"column":0},"skip":true},"3":{"start":{"line":0,"column":0},"end":{"line":0,"column":0},"skip":true},"4":{"start":{"line":0,"column":0},"end":{"line":0,"column":0},"skip":true},"5":{"start":{"line":0,"column":0},"end":{"line":0,"column":0},"skip":true},"6":{"start":{"line":15,"column":0},"end":{"line":20,"column":2}},"7":{"start":{"line":22,"column":15},"end":{"line":null,"column":null}}},"branchMap":{"1":{"line":0,"type":"cond-expr","locations":[{"start":{"line":0,"column":0},"end":{"line":0,"column":0},"skip":true},{"start":{"line":0,"column":0},"end":{"line":0,"column":0},"skip":true}]},"2":{"line":0,"type":"binary-expr","locations":[{"start":{"line":0,"column":0},"end":{"line":0,"column":0},"skip":true},{"start":{"line":0,"column":0},"end":{"line":0,"column":0},"skip":true}]}}},"/home/docker/Jenkins/workspace/validation-stack/src/model/enum/ImageType.js":{"path":"/home/docker/Jenkins/workspace/validation-stack/src/model/enum/ImageType.js","s":{"1":1,"2":1,"3":1,"4":1,"5":1,"6":1,"7":1},"b":{"1":[1,0],"2":[1,1]},"f":{"1":1},"fnMap":{"1":{"name":"_interopRequireDefault","line":0,"loc":{"start":{"line":0,"column":0},"end":{"line":0,"column":0}},"skip":true}},"statementMap":{"1":{"start":{"line":0,"column":0},"end":{"line":0,"column":0},"skip":true},"2":{"start":{"line":0,"column":0},"end":{"line":0,"column":0},"skip":true},"3":{"start":{"line":0,"column":0},"end":{"line":0,"column":0},"skip":true},"4":{"start":{"line":0,"column":0},"end":{"line":0,"column":0},"skip":true},"5":{"start":{"line":0,"column":0},"end":{"line":0,"column":0},"skip":true},"6":{"start":{"line":15,"column":0},"end":{"line":22,"column":2}},"7":{"start":{"line":24,"column":15},"end":{"line":null,"column":null}}},"branchMap":{"1":{"line":0,"type":"cond-expr","locations":[{"start":{"line":0,"column":0},"end":{"line":0,"column":0},"skip":true},{"start":{"line":0,"column":0},"end":{"line":0,"column":0},"skip":true}]},"2":{"line":0,"type":"binary-expr","locations":[{"start":{"line":0,"column":0},"end":{"line":0,"column":0},"skip":true},{"start":{"line":0,"column":0},"end":{"line":0,"column":0},"skip":true}]}}}}