TN:
SF:/home/docker/Jenkins/workspace/validation-stack/src/utility/validation/ValidationError.js
FN:7,ValidationError
FNF:1
FNH:1
FNDA:16,ValidationError
DA:7,16
DA:11,16
LF:2
LH:2
BRF:0
BRH:0
end_of_record
TN:
SF:/home/docker/Jenkins/workspace/validation-stack/src/utility/validation/ValidationAF.js
FN:33,unimplemented
FN:34,noop
FN:34,Validation
FN:57,Failure
FN:62,Success
FN:75,(anonymous_6)
FN:87,(anonymous_7)
FN:105,(anonymous_8)
FN:118,(anonymous_9)
FN:154,(anonymous_10)
FN:172,(anonymous_11)
FN:177,(anonymous_12)
FN:195,(anonymous_13)
FN:210,(anonymous_14)
FN:214,(anonymous_15)
FN:230,(anonymous_16)
FN:234,(anonymous_17)
FN:253,(anonymous_18)
FN:257,(anonymous_19)
FN:271,(anonymous_20)
FN:275,(anonymous_21)
FN:290,(anonymous_22)
FN:301,(anonymous_23)
FN:316,(anonymous_24)
FN:320,(anonymous_25)
FN:332,(anonymous_26)
FN:336,(anonymous_27)
FN:349,(anonymous_28)
FN:353,(anonymous_29)
FN:366,(anonymous_30)
FN:370,(anonymous_31)
FN:384,(anonymous_32)
FNF:32
FNH:8
FNDA:0,unimplemented
FNDA:0,noop
FNDA:0,Validation
FNDA:11,Failure
FNDA:28,Success
FNDA:11,(anonymous_6)
FNDA:28,(anonymous_7)
FNDA:0,(anonymous_8)
FNDA:0,(anonymous_9)
FNDA:6,(anonymous_10)
FNDA:5,(anonymous_11)
FNDA:15,(anonymous_12)
FNDA:6,(anonymous_13)
FNDA:0,(anonymous_14)
FNDA:0,(anonymous_15)
FNDA:0,(anonymous_16)
FNDA:0,(anonymous_17)
FNDA:0,(anonymous_18)
FNDA:0,(anonymous_19)
FNDA:0,(anonymous_20)
FNDA:0,(anonymous_21)
FNDA:0,(anonymous_22)
FNDA:0,(anonymous_23)
FNDA:0,(anonymous_24)
FNDA:0,(anonymous_25)
FNDA:0,(anonymous_26)
FNDA:0,(anonymous_27)
FNDA:0,(anonymous_28)
FNDA:0,(anonymous_29)
FNDA:0,(anonymous_30)
FNDA:0,(anonymous_31)
FNDA:0,(anonymous_32)
DA:29,1
DA:33,1
DA:34,1
DA:56,1
DA:57,1
DA:58,11
DA:61,1
DA:62,1
DA:63,28
DA:64,1
DA:76,11
DA:78,1
DA:88,28
DA:90,1
DA:106,0
DA:109,1
DA:119,0
DA:120,1
DA:131,1
DA:139,1
DA:155,6
DA:157,1
DA:172,1
DA:173,5
DA:177,1
DA:178,15
DA:180,1
DA:193,1
DA:195,1
DA:196,6
DA:197,1
DA:210,1
DA:211,0
DA:214,1
DA:215,0
DA:216,1
DA:230,1
DA:231,0
DA:234,1
DA:235,0
DA:236,1
DA:253,1
DA:254,0
DA:257,1
DA:258,0
DA:259,1
DA:271,1
DA:272,0
DA:275,1
DA:276,0
DA:277,1
DA:288,1
DA:290,1
DA:291,0
DA:292,1
DA:302,0
DA:303,1
DA:316,1
DA:317,0
DA:320,1
DA:321,0
DA:322,1
DA:332,1
DA:333,0
DA:336,1
DA:337,0
DA:338,1
DA:349,1
DA:350,0
DA:353,1
DA:354,0
DA:355,1
DA:366,1
DA:367,0
DA:370,1
DA:371,0
DA:372,1
DA:382,1
DA:384,1
DA:385,0
DA:386,1
DA:396,1
DA:397,1
LF:83
LH:62
BRDA:106,1,0,0
BRDA:106,1,1,0
BRDA:173,2,0,1
BRDA:173,2,1,4
BRDA:178,3,0,9
BRDA:178,3,1,6
BRDA:231,4,0,0
BRDA:231,4,1,0
BRDA:235,5,0,0
BRDA:235,5,1,0
BRF:10
BRH:4
end_of_record
TN:
SF:/home/docker/Jenkins/workspace/validation-stack/src/index.js
FN:5,(anonymous_1)
FNF:1
FNH:1
FNDA:1,(anonymous_1)
DA:5,1
DA:6,1
LF:2
LH:2
BRF:0
BRH:0
end_of_record
TN:
SF:/home/docker/Jenkins/workspace/validation-stack/src/UserValidation.js
FN:10,(anonymous_2)
FN:31,verifyUsername
FN:39,isUsernameAlphanumeric
FN:54,isUsernameLength
FN:63,(anonymous_6)
FN:76,verifyPassword
FN:84,isPasswordLength
FN:93,(anonymous_9)
FN:105,verifyType
FN:113,isTypeEnumUserType
FN:120,(anonymous_12)
FN:132,verifyStatus
FN:140,isStatusEnumUserStatus
FN:147,(anonymous_15)
FN:159,verifyGender
FN:167,isGenderEnumGender
FN:174,(anonymous_18)
FN:186,verifyBirthday
FN:194,isBirthdayInRnage
FN:210,(anonymous_21)
FN:222,verifyAgeGroup
FN:230,matchesEnumAgeGroup
FN:237,(anonymous_24)
FN:249,verifyHoroscope
FN:257,matchesEnumHoroscope
FN:264,(anonymous_27)
FN:276,verifyWhatsUp
FN:283,isWhatsUpLength
FN:292,(anonymous_30)
FNF:29
FNH:8
FNDA:1,(anonymous_2)
FNDA:8,verifyUsername
FNDA:8,isUsernameAlphanumeric
FNDA:8,isUsernameLength
FNDA:1,(anonymous_6)
FNDA:0,verifyPassword
FNDA:0,isPasswordLength
FNDA:0,(anonymous_9)
FNDA:4,verifyType
FNDA:4,isTypeEnumUserType
FNDA:2,(anonymous_12)
FNDA:0,verifyStatus
FNDA:0,isStatusEnumUserStatus
FNDA:0,(anonymous_15)
FNDA:0,verifyGender
FNDA:0,isGenderEnumGender
FNDA:0,(anonymous_18)
FNDA:0,verifyBirthday
FNDA:0,isBirthdayInRnage
FNDA:0,(anonymous_21)
FNDA:0,verifyAgeGroup
FNDA:0,matchesEnumAgeGroup
FNDA:0,(anonymous_24)
FNDA:0,verifyHoroscope
FNDA:0,matchesEnumHoroscope
FNDA:0,(anonymous_27)
FNDA:0,verifyWhatsUp
FNDA:0,isWhatsUpLength
FNDA:0,(anonymous_30)
DA:10,1
DA:11,1
DA:12,1
DA:13,1
DA:14,1
DA:15,1
DA:16,1
DA:18,1
DA:19,1
DA:31,1
DA:39,1
DA:40,8
DA:54,1
DA:55,8
DA:63,8
DA:64,1
DA:76,1
DA:84,1
DA:85,0
DA:93,0
DA:94,0
DA:105,1
DA:113,1
DA:114,4
DA:120,4
DA:121,2
DA:132,1
DA:140,1
DA:141,0
DA:147,0
DA:148,0
DA:159,1
DA:167,1
DA:168,0
DA:174,0
DA:175,0
DA:186,1
DA:194,1
DA:195,0
DA:196,0
DA:197,0
DA:199,0
DA:200,0
DA:202,0
DA:210,0
DA:211,0
DA:222,1
DA:230,1
DA:231,0
DA:237,0
DA:238,0
DA:249,1
DA:257,1
DA:258,0
DA:264,0
DA:265,0
DA:276,1
DA:283,1
DA:284,0
DA:292,0
DA:293,0
DA:298,1
LF:62
LH:36
BRDA:41,3,0,3
BRDA:41,3,1,5
BRDA:56,4,0,5
BRDA:56,4,1,3
BRDA:86,5,0,0
BRDA:86,5,1,0
BRDA:203,6,0,0
BRDA:203,6,1,0
BRDA:202,7,0,0
BRDA:202,7,1,0
BRDA:285,8,0,0
BRDA:285,8,1,0
BRF:12
BRH:4
end_of_record
TN:
SF:/home/docker/Jenkins/workspace/validation-stack/src/utility/validation/index.js
FNF:0
FNH:0
DA:12,1
DA:13,1
DA:14,1
LF:3
LH:3
BRF:0
BRH:0
end_of_record
TN:
SF:/home/docker/Jenkins/workspace/validation-stack/src/utility/validation/curryN.js
FN:10,curryN
FN:11,_curryN
FN:12,(anonymous_3)
FNF:3
FNH:3
FNDA:12,curryN
FNDA:15,_curryN
FNDA:6,(anonymous_3)
DA:10,1
DA:11,12
DA:12,15
DA:13,6
DA:14,6
LF:5
LH:5
BRDA:14,1,0,3
BRDA:14,1,1,3
BRF:2
BRH:2
end_of_record
TN:
SF:/home/docker/Jenkins/workspace/validation-stack/src/utility/Toolbox.js
FN:9,matchEnum
FNF:1
FNH:1
FNDA:4,matchEnum
DA:6,1
DA:9,1
DA:11,4
DA:12,6
DA:13,2
DA:16,2
LF:6
LH:6
BRDA:12,1,0,2
BRDA:12,1,1,4
BRDA:12,2,0,6
BRDA:12,2,1,6
BRF:4
BRH:4
end_of_record
