{"/home/docker/Jenkins/workspace/validation-stack/src/utility/validation/ValidationError.js":{"path":"/home/docker/Jenkins/workspace/validation-stack/src/utility/validation/ValidationError.js","s":{"1":1,"2":1,"3":404,"4":0,"5":1,"6":404,"7":0,"8":404,"9":1,"10":1,"11":0,"12":1,"13":1,"14":1,"15":1,"16":1,"17":1,"18":404,"19":404,"20":404,"21":404,"22":1,"23":1},"b":{"1":[0,404],"2":[0,404],"3":[404,0],"4":[404,404,0],"5":[0,1],"6":[1,0],"7":[1,1],"8":[1,0],"9":[1,0]},"f":{"1":404,"2":404,"3":1,"4":1,"5":404},"fnMap":{"1":{"name":"_classCallCheck","line":0,"loc":{"start":{"line":0,"column":0},"end":{"line":0,"column":0}},"skip":true},"2":{"name":"_possibleConstructorReturn","line":0,"loc":{"start":{"line":0,"column":0},"end":{"line":0,"column":0}},"skip":true},"3":{"name":"_inherits","line":0,"loc":{"start":{"line":0,"column":0},"end":{"line":0,"column":0}},"skip":true},"4":{"name":"(anonymous_4)","line":0,"loc":{"start":{"line":0,"column":0},"end":{"line":0,"column":0}},"skip":true},"5":{"name":"ValidationError","line":7,"loc":{"start":{"line":7,"column":21},"end":{"line":8,"column":35}}}},"statementMap":{"1":{"start":{"line":0,"column":0},"end":{"line":0,"column":0},"skip":true},"2":{"start":{"line":0,"column":0},"end":{"line":0,"column":0},"skip":true},"3":{"start":{"line":0,"column":0},"end":{"line":0,"column":0},"skip":true},"4":{"start":{"line":0,"column":0},"end":{"line":0,"column":0},"skip":true},"5":{"start":{"line":0,"column":0},"end":{"line":0,"column":0},"skip":true},"6":{"start":{"line":0,"column":0},"end":{"line":0,"column":0},"skip":true},"7":{"start":{"line":0,"column":0},"end":{"line":0,"column":0},"skip":true},"8":{"start":{"line":0,"column":0},"end":{"line":0,"column":0},"skip":true},"9":{"start":{"line":0,"column":0},"end":{"line":0,"column":0},"skip":true},"10":{"start":{"line":0,"column":0},"end":{"line":0,"column":0},"skip":true},"11":{"start":{"line":0,"column":0},"end":{"line":0,"column":0},"skip":true},"12":{"start":{"line":0,"column":0},"end":{"line":0,"column":0},"skip":true},"13":{"start":{"line":0,"column":0},"end":{"line":0,"column":0},"skip":true},"14":{"start":{"line":0,"column":0},"end":{"line":0,"column":0},"skip":true},"15":{"start":{"line":7,"column":21},"end":{"line":null,"column":null}},"16":{"start":{"line":7,"column":21},"end":{"line":null,"column":null}},"17":{"start":{"line":7,"column":21},"end":{"line":12,"column":3}},"18":{"start":{"line":7,"column":21},"end":{"line":null,"column":null}},"19":{"start":{"line":7,"column":21},"end":{"line":null,"column":null}},"20":{"start":{"line":11,"column":9},"end":{"line":11,"column":33}},"21":{"start":{"line":0,"column":0},"end":{"line":0,"column":0},"skip":true},"22":{"start":{"line":7,"column":21},"end":{"line":null,"column":null}},"23":{"start":{"line":7,"column":21},"end":{"line":null,"column":null}}},"branchMap":{"1":{"line":0,"type":"if","locations":[{"start":{"line":0,"column":0},"end":{"line":0,"column":0},"skip":true},{"start":{"line":0,"column":0},"end":{"line":0,"column":0},"skip":true}]},"2":{"line":0,"type":"if","locations":[{"start":{"line":0,"column":0},"end":{"line":0,"column":0},"skip":true},{"start":{"line":0,"column":0},"end":{"line":0,"column":0},"skip":true}]},"3":{"line":0,"type":"cond-expr","locations":[{"start":{"line":0,"column":0},"end":{"line":0,"column":0},"skip":true},{"start":{"line":0,"column":0},"end":{"line":0,"column":0},"skip":true}]},"4":{"line":0,"type":"binary-expr","locations":[{"start":{"line":0,"column":0},"end":{"line":0,"column":0},"skip":true},{"start":{"line":0,"column":0},"end":{"line":0,"column":0},"skip":true},{"start":{"line":0,"column":0},"end":{"line":0,"column":0},"skip":true}]},"5":{"line":0,"type":"if","locations":[{"start":{"line":0,"column":0},"end":{"line":0,"column":0},"skip":true},{"start":{"line":0,"column":0},"end":{"line":0,"column":0},"skip":true}]},"6":{"line":0,"type":"binary-expr","locations":[{"start":{"line":0,"column":0},"end":{"line":0,"column":0},"skip":true},{"start":{"line":0,"column":0},"end":{"line":0,"column":0},"skip":true}]},"7":{"line":0,"type":"binary-expr","locations":[{"start":{"line":0,"column":0},"end":{"line":0,"column":0},"skip":true},{"start":{"line":0,"column":0},"end":{"line":0,"column":0},"skip":true}]},"8":{"line":0,"type":"if","locations":[{"start":{"line":0,"column":0},"end":{"line":0,"column":0},"skip":true},{"start":{"line":0,"column":0},"end":{"line":0,"column":0},"skip":true}]},"9":{"line":0,"type":"cond-expr","locations":[{"start":{"line":0,"column":0},"end":{"line":0,"column":0},"skip":true},{"start":{"line":0,"column":0},"end":{"line":0,"column":0},"skip":true}]}}},"/home/docker/Jenkins/workspace/validation-stack/src/utility/validation/ValidationAF.js":{"path":"/home/docker/Jenkins/workspace/validation-stack/src/utility/validation/ValidationAF.js","s":{"1":1,"2":1,"3":1,"4":0,"5":1,"6":0,"7":1,"8":1,"9":1,"10":400,"11":1,"12":1,"13":1700,"14":1,"15":400,"16":1,"17":1,"18":1700,"19":1,"20":1,"21":0,"22":1,"23":1,"24":0,"25":1,"26":1,"27":1,"28":1,"29":1,"30":500,"31":1,"32":1,"33":1,"34":100,"35":1,"36":900,"37":1,"38":1,"39":1,"40":500,"41":1,"42":1,"43":0,"44":1,"45":0,"46":1,"47":1,"48":0,"49":1,"50":0,"51":1,"52":1,"53":0,"54":1,"55":0,"56":1,"57":1,"58":0,"59":1,"60":0,"61":1,"62":1,"63":1,"64":0,"65":1,"66":0,"67":1,"68":1,"69":0,"70":1,"71":0,"72":1,"73":1,"74":0,"75":1,"76":0,"77":1,"78":1,"79":0,"80":1,"81":0,"82":1,"83":1,"84":0,"85":1,"86":0,"87":1,"88":1,"89":1,"90":0,"91":1,"92":1,"93":1},"b":{"1":[0,0],"2":[0,100],"3":[400,500],"4":[0,0],"5":[0,0]},"f":{"1":0,"2":0,"3":0,"4":400,"5":1700,"6":400,"7":1700,"8":0,"9":0,"10":500,"11":100,"12":900,"13":500,"14":0,"15":0,"16":0,"17":0,"18":0,"19":0,"20":0,"21":0,"22":0,"23":0,"24":0,"25":0,"26":0,"27":0,"28":0,"29":0,"30":0,"31":0,"32":0},"fnMap":{"1":{"name":"unimplemented","line":33,"loc":{"start":{"line":33,"column":20},"end":{"line":33,"column":31}}},"2":{"name":"noop","line":34,"loc":{"start":{"line":34,"column":11},"end":{"line":34,"column":22}}},"3":{"name":"Validation","line":34,"loc":{"start":{"line":34,"column":39},"end":{"line":54,"column":22}}},"4":{"name":"Failure","line":57,"loc":{"start":{"line":57,"column":0},"end":{"line":57,"column":20}}},"5":{"name":"Success","line":62,"loc":{"start":{"line":62,"column":0},"end":{"line":62,"column":20}}},"6":{"name":"(anonymous_6)","line":75,"loc":{"start":{"line":75,"column":21},"end":{"line":75,"column":33}}},"7":{"name":"(anonymous_7)","line":87,"loc":{"start":{"line":87,"column":21},"end":{"line":87,"column":33}}},"8":{"name":"(anonymous_8)","line":105,"loc":{"start":{"line":105,"column":26},"end":{"line":105,"column":38}}},"9":{"name":"(anonymous_9)","line":118,"loc":{"start":{"line":118,"column":24},"end":{"line":118,"column":36}}},"10":{"name":"(anonymous_10)","line":154,"loc":{"start":{"line":154,"column":16},"end":{"line":154,"column":28}}},"11":{"name":"(anonymous_11)","line":172,"loc":{"start":{"line":172,"column":23},"end":{"line":172,"column":35}}},"12":{"name":"(anonymous_12)","line":177,"loc":{"start":{"line":177,"column":23},"end":{"line":177,"column":35}}},"13":{"name":"(anonymous_13)","line":195,"loc":{"start":{"line":195,"column":24},"end":{"line":195,"column":36}}},"14":{"name":"(anonymous_14)","line":210,"loc":{"start":{"line":210,"column":29},"end":{"line":210,"column":40}}},"15":{"name":"(anonymous_15)","line":214,"loc":{"start":{"line":214,"column":29},"end":{"line":214,"column":40}}},"16":{"name":"(anonymous_16)","line":230,"loc":{"start":{"line":230,"column":28},"end":{"line":230,"column":40}}},"17":{"name":"(anonymous_17)","line":234,"loc":{"start":{"line":234,"column":28},"end":{"line":234,"column":40}}},"18":{"name":"(anonymous_18)","line":253,"loc":{"start":{"line":253,"column":24},"end":{"line":253,"column":35}}},"19":{"name":"(anonymous_19)","line":257,"loc":{"start":{"line":257,"column":24},"end":{"line":257,"column":35}}},"20":{"name":"(anonymous_20)","line":271,"loc":{"start":{"line":271,"column":30},"end":{"line":271,"column":42}}},"21":{"name":"(anonymous_21)","line":275,"loc":{"start":{"line":275,"column":30},"end":{"line":275,"column":42}}},"22":{"name":"(anonymous_22)","line":290,"loc":{"start":{"line":290,"column":27},"end":{"line":290,"column":39}}},"23":{"name":"(anonymous_23)","line":301,"loc":{"start":{"line":301,"column":29},"end":{"line":301,"column":40}}},"24":{"name":"(anonymous_24)","line":316,"loc":{"start":{"line":316,"column":25},"end":{"line":316,"column":40}}},"25":{"name":"(anonymous_25)","line":320,"loc":{"start":{"line":320,"column":25},"end":{"line":320,"column":40}}},"26":{"name":"(anonymous_26)","line":332,"loc":{"start":{"line":332,"column":25},"end":{"line":332,"column":43}}},"27":{"name":"(anonymous_27)","line":336,"loc":{"start":{"line":336,"column":25},"end":{"line":336,"column":43}}},"28":{"name":"(anonymous_28)","line":349,"loc":{"start":{"line":349,"column":25},"end":{"line":349,"column":36}}},"29":{"name":"(anonymous_29)","line":353,"loc":{"start":{"line":353,"column":25},"end":{"line":353,"column":36}}},"30":{"name":"(anonymous_30)","line":366,"loc":{"start":{"line":366,"column":26},"end":{"line":366,"column":41}}},"31":{"name":"(anonymous_31)","line":370,"loc":{"start":{"line":370,"column":26},"end":{"line":370,"column":41}}},"32":{"name":"(anonymous_32)","line":384,"loc":{"start":{"line":384,"column":31},"end":{"line":384,"column":43}}}},"statementMap":{"1":{"start":{"line":29,"column":0},"end":{"line":null,"column":null}},"2":{"start":{"line":29,"column":28},"end":{"line":32,"column":26}},"3":{"start":{"line":33,"column":0},"end":{"line":33,"column":72}},"4":{"start":{"line":33,"column":39},"end":{"line":33,"column":69}},"5":{"start":{"line":34,"column":0},"end":{"line":null,"column":null}},"6":{"start":{"line":34,"column":31},"end":{"line":34,"column":36}},"7":{"start":{"line":34,"column":39},"end":{"line":54,"column":25}},"8":{"start":{"line":56,"column":0},"end":{"line":56,"column":48}},"9":{"start":{"line":57,"column":0},"end":{"line":59,"column":1}},"10":{"start":{"line":58,"column":6},"end":{"line":58,"column":17}},"11":{"start":{"line":61,"column":0},"end":{"line":61,"column":48}},"12":{"start":{"line":62,"column":0},"end":{"line":64,"column":1}},"13":{"start":{"line":63,"column":6},"end":{"line":63,"column":17}},"14":{"start":{"line":64,"column":1},"end":{"line":77,"column":2}},"15":{"start":{"line":76,"column":9},"end":{"line":76,"column":24}},"16":{"start":{"line":78,"column":0},"end":{"line":null,"column":null}},"17":{"start":{"line":78,"column":50},"end":{"line":89,"column":2}},"18":{"start":{"line":88,"column":9},"end":{"line":88,"column":24}},"19":{"start":{"line":90,"column":0},"end":{"line":null,"column":null}},"20":{"start":{"line":90,"column":50},"end":{"line":108,"column":2}},"21":{"start":{"line":106,"column":9},"end":{"line":107,"column":22}},"22":{"start":{"line":109,"column":0},"end":{"line":null,"column":null}},"23":{"start":{"line":109,"column":60},"end":{"line":null,"column":null}},"24":{"start":{"line":119,"column":9},"end":{"line":119,"column":66}},"25":{"start":{"line":120,"column":2},"end":{"line":130,"column":39}},"26":{"start":{"line":131,"column":0},"end":{"line":null,"column":null}},"27":{"start":{"line":131,"column":35},"end":{"line":138,"column":39}},"28":{"start":{"line":139,"column":0},"end":{"line":null,"column":null}},"29":{"start":{"line":139,"column":35},"end":{"line":156,"column":2}},"30":{"start":{"line":155,"column":9},"end":{"line":155,"column":25}},"31":{"start":{"line":157,"column":0},"end":{"line":null,"column":null}},"32":{"start":{"line":157,"column":40},"end":{"line":170,"column":40}},"33":{"start":{"line":172,"column":0},"end":{"line":175,"column":2}},"34":{"start":{"line":173,"column":9},"end":{"line":174,"column":11}},"35":{"start":{"line":177,"column":0},"end":{"line":null,"column":null}},"36":{"start":{"line":178,"column":9},"end":{"line":179,"column":24}},"37":{"start":{"line":180,"column":2},"end":{"line":192,"column":41}},"38":{"start":{"line":193,"column":0},"end":{"line":193,"column":29}},"39":{"start":{"line":195,"column":0},"end":{"line":null,"column":null}},"40":{"start":{"line":196,"column":9},"end":{"line":196,"column":32}},"41":{"start":{"line":197,"column":2},"end":{"line":208,"column":46}},"42":{"start":{"line":210,"column":0},"end":{"line":212,"column":2}},"43":{"start":{"line":211,"column":9},"end":{"line":211,"column":50}},"44":{"start":{"line":214,"column":0},"end":{"line":null,"column":null}},"45":{"start":{"line":215,"column":9},"end":{"line":215,"column":50}},"46":{"start":{"line":216,"column":2},"end":{"line":228,"column":45}},"47":{"start":{"line":230,"column":0},"end":{"line":232,"column":2}},"48":{"start":{"line":231,"column":9},"end":{"line":231,"column":47}},"49":{"start":{"line":234,"column":0},"end":{"line":null,"column":null}},"50":{"start":{"line":235,"column":9},"end":{"line":235,"column":47}},"51":{"start":{"line":236,"column":2},"end":{"line":251,"column":41}},"52":{"start":{"line":253,"column":0},"end":{"line":255,"column":2}},"53":{"start":{"line":254,"column":8},"end":{"line":254,"column":66}},"54":{"start":{"line":257,"column":0},"end":{"line":null,"column":null}},"55":{"start":{"line":258,"column":9},"end":{"line":258,"column":20}},"56":{"start":{"line":259,"column":2},"end":{"line":269,"column":47}},"57":{"start":{"line":271,"column":0},"end":{"line":273,"column":2}},"58":{"start":{"line":272,"column":9},"end":{"line":272,"column":11}},"59":{"start":{"line":275,"column":0},"end":{"line":null,"column":null}},"60":{"start":{"line":276,"column":9},"end":{"line":276,"column":20}},"61":{"start":{"line":277,"column":2},"end":{"line":287,"column":44}},"62":{"start":{"line":288,"column":0},"end":{"line":288,"column":32}},"63":{"start":{"line":290,"column":0},"end":{"line":null,"column":null}},"64":{"start":{"line":291,"column":9},"end":{"line":291,"column":23}},"65":{"start":{"line":292,"column":2},"end":{"line":null,"column":null}},"66":{"start":{"line":302,"column":9},"end":{"line":302,"column":20}},"67":{"start":{"line":303,"column":2},"end":{"line":314,"column":42}},"68":{"start":{"line":316,"column":0},"end":{"line":318,"column":2}},"69":{"start":{"line":317,"column":9},"end":{"line":317,"column":23}},"70":{"start":{"line":320,"column":0},"end":{"line":null,"column":null}},"71":{"start":{"line":321,"column":9},"end":{"line":321,"column":23}},"72":{"start":{"line":322,"column":2},"end":{"line":330,"column":42}},"73":{"start":{"line":332,"column":0},"end":{"line":334,"column":2}},"74":{"start":{"line":333,"column":9},"end":{"line":333,"column":37}},"75":{"start":{"line":336,"column":0},"end":{"line":null,"column":null}},"76":{"start":{"line":337,"column":9},"end":{"line":337,"column":37}},"77":{"start":{"line":338,"column":2},"end":{"line":347,"column":42}},"78":{"start":{"line":349,"column":0},"end":{"line":351,"column":2}},"79":{"start":{"line":350,"column":9},"end":{"line":350,"column":34}},"80":{"start":{"line":353,"column":0},"end":{"line":null,"column":null}},"81":{"start":{"line":354,"column":9},"end":{"line":354,"column":34}},"82":{"start":{"line":355,"column":2},"end":{"line":364,"column":43}},"83":{"start":{"line":366,"column":0},"end":{"line":368,"column":2}},"84":{"start":{"line":367,"column":9},"end":{"line":367,"column":37}},"85":{"start":{"line":370,"column":0},"end":{"line":null,"column":null}},"86":{"start":{"line":371,"column":9},"end":{"line":371,"column":37}},"87":{"start":{"line":372,"column":2},"end":{"line":381,"column":48}},"88":{"start":{"line":382,"column":0},"end":{"line":382,"column":36}},"89":{"start":{"line":384,"column":0},"end":{"line":null,"column":null}},"90":{"start":{"line":385,"column":9},"end":{"line":385,"column":37}},"91":{"start":{"line":386,"column":2},"end":{"line":395,"column":63}},"92":{"start":{"line":396,"column":0},"end":{"line":396,"column":57}},"93":{"start":{"line":397,"column":0},"end":{"line":397,"column":57}}},"branchMap":{"1":{"line":106,"type":"cond-expr","locations":[{"start":{"line":106,"column":22},"end":{"line":106,"column":37}},{"start":{"line":107,"column":6},"end":{"line":107,"column":21}}]},"2":{"line":173,"type":"cond-expr","locations":[{"start":{"line":173,"column":23},"end":{"line":173,"column":63}},{"start":{"line":174,"column":6},"end":{"line":174,"column":10}}]},"3":{"line":178,"type":"cond-expr","locations":[{"start":{"line":178,"column":23},"end":{"line":178,"column":24}},{"start":{"line":179,"column":6},"end":{"line":179,"column":23}}]},"4":{"line":231,"type":"binary-expr","locations":[{"start":{"line":231,"column":9},"end":{"line":231,"column":20}},{"start":{"line":231,"column":24},"end":{"line":231,"column":46}}]},"5":{"line":235,"type":"binary-expr","locations":[{"start":{"line":235,"column":9},"end":{"line":235,"column":20}},{"start":{"line":235,"column":24},"end":{"line":235,"column":46}}]}}},"/home/docker/Jenkins/workspace/validation-stack/src/index.js":{"path":"/home/docker/Jenkins/workspace/validation-stack/src/index.js","s":{"1":1,"2":1},"b":{},"f":{"1":1},"fnMap":{"1":{"name":"(anonymous_1)","line":5,"loc":{"start":{"line":5,"column":17},"end":{"line":5,"column":30}}}},"statementMap":{"1":{"start":{"line":5,"column":0},"end":{"line":9,"column":2}},"2":{"start":{"line":6,"column":9},"end":{"line":8,"column":4}}},"branchMap":{}},"/home/docker/Jenkins/workspace/validation-stack/src/UserValidation.js":{"path":"/home/docker/Jenkins/workspace/validation-stack/src/UserValidation.js","s":{"1":1,"2":1,"3":1,"4":1,"5":1,"6":1,"7":1,"8":1,"9":1,"10":1,"11":1,"12":1,"13":1,"14":1,"15":1,"16":1,"17":1,"18":400,"19":1,"20":400,"21":400,"22":100,"23":1,"24":1,"25":0,"26":0,"27":0,"28":1,"29":1,"30":0,"31":0,"32":0,"33":1,"34":1,"35":0,"36":0,"37":0,"38":1,"39":1,"40":0,"41":0,"42":0,"43":1,"44":1,"45":0,"46":0,"47":0,"48":0,"49":0,"50":0,"51":0,"52":0,"53":1,"54":1,"55":0,"56":0,"57":0,"58":1,"59":1,"60":0,"61":0,"62":0,"63":1,"64":1,"65":200,"66":200,"67":100,"68":1},"b":{"1":[0,1],"2":[1,1],"3":[300,100],"4":[200,200],"5":[0,0],"6":[0,0],"7":[0,0],"8":[100,100]},"f":{"1":1,"2":1,"3":400,"4":400,"5":400,"6":100,"7":0,"8":0,"9":0,"10":0,"11":0,"12":0,"13":0,"14":0,"15":0,"16":0,"17":0,"18":0,"19":0,"20":0,"21":0,"22":0,"23":0,"24":0,"25":0,"26":0,"27":0,"28":200,"29":200,"30":100},"fnMap":{"1":{"name":"_interopRequireDefault","line":0,"loc":{"start":{"line":0,"column":0},"end":{"line":0,"column":0}},"skip":true},"2":{"name":"(anonymous_2)","line":10,"loc":{"start":{"line":10,"column":17},"end":{"line":10,"column":30}}},"3":{"name":"verifyUsername","line":31,"loc":{"start":{"line":31,"column":11},"end":{"line":31,"column":36}}},"4":{"name":"isUsernameAlphanumeric","line":39,"loc":{"start":{"line":39,"column":13},"end":{"line":39,"column":46}}},"5":{"name":"isUsernameLength","line":54,"loc":{"start":{"line":54,"column":13},"end":{"line":54,"column":40}}},"6":{"name":"(anonymous_6)","line":63,"loc":{"start":{"line":63,"column":29},"end":{"line":63,"column":39}}},"7":{"name":"verifyPassword","line":76,"loc":{"start":{"line":76,"column":11},"end":{"line":76,"column":36}}},"8":{"name":"isPasswordLength","line":84,"loc":{"start":{"line":84,"column":13},"end":{"line":84,"column":40}}},"9":{"name":"(anonymous_9)","line":93,"loc":{"start":{"line":93,"column":29},"end":{"line":93,"column":34}}},"10":{"name":"verifyType","line":105,"loc":{"start":{"line":105,"column":11},"end":{"line":105,"column":28}}},"11":{"name":"isTypeEnumUserType","line":113,"loc":{"start":{"line":113,"column":13},"end":{"line":113,"column":38}}},"12":{"name":"(anonymous_12)","line":120,"loc":{"start":{"line":120,"column":29},"end":{"line":120,"column":34}}},"13":{"name":"verifyStatus","line":132,"loc":{"start":{"line":132,"column":11},"end":{"line":132,"column":32}}},"14":{"name":"isStatusEnumUserStatus","line":140,"loc":{"start":{"line":140,"column":13},"end":{"line":140,"column":44}}},"15":{"name":"(anonymous_15)","line":147,"loc":{"start":{"line":147,"column":29},"end":{"line":147,"column":34}}},"16":{"name":"verifyGender","line":159,"loc":{"start":{"line":159,"column":11},"end":{"line":159,"column":32}}},"17":{"name":"isGenderEnumGender","line":167,"loc":{"start":{"line":167,"column":13},"end":{"line":167,"column":40}}},"18":{"name":"(anonymous_18)","line":174,"loc":{"start":{"line":174,"column":29},"end":{"line":174,"column":34}}},"19":{"name":"verifyBirthday","line":186,"loc":{"start":{"line":186,"column":11},"end":{"line":186,"column":36}}},"20":{"name":"isBirthdayInRnage","line":194,"loc":{"start":{"line":194,"column":13},"end":{"line":194,"column":41}}},"21":{"name":"(anonymous_21)","line":210,"loc":{"start":{"line":210,"column":29},"end":{"line":210,"column":34}}},"22":{"name":"verifyAgeGroup","line":222,"loc":{"start":{"line":222,"column":11},"end":{"line":222,"column":36}}},"23":{"name":"matchesEnumAgeGroup","line":230,"loc":{"start":{"line":230,"column":13},"end":{"line":230,"column":43}}},"24":{"name":"(anonymous_24)","line":237,"loc":{"start":{"line":237,"column":29},"end":{"line":237,"column":34}}},"25":{"name":"verifyHoroscope","line":249,"loc":{"start":{"line":249,"column":11},"end":{"line":249,"column":38}}},"26":{"name":"matchesEnumHoroscope","line":257,"loc":{"start":{"line":257,"column":13},"end":{"line":257,"column":45}}},"27":{"name":"(anonymous_27)","line":264,"loc":{"start":{"line":264,"column":29},"end":{"line":264,"column":34}}},"28":{"name":"verifyWhatsUp","line":276,"loc":{"start":{"line":276,"column":11},"end":{"line":276,"column":34}}},"29":{"name":"isWhatsUpLength","line":283,"loc":{"start":{"line":283,"column":13},"end":{"line":283,"column":38}}},"30":{"name":"(anonymous_30)","line":292,"loc":{"start":{"line":292,"column":29},"end":{"line":292,"column":34}}}},"statementMap":{"1":{"start":{"line":0,"column":0},"end":{"line":0,"column":0},"skip":true},"2":{"start":{"line":0,"column":0},"end":{"line":0,"column":0},"skip":true},"3":{"start":{"line":0,"column":0},"end":{"line":0,"column":0},"skip":true},"4":{"start":{"line":0,"column":0},"end":{"line":0,"column":0},"skip":true},"5":{"start":{"line":0,"column":0},"end":{"line":0,"column":0},"skip":true},"6":{"start":{"line":0,"column":0},"end":{"line":0,"column":0},"skip":true},"7":{"start":{"line":10,"column":0},"end":{"line":null,"column":null}},"8":{"start":{"line":11,"column":8},"end":{"line":11,"column":39}},"9":{"start":{"line":12,"column":8},"end":{"line":12,"column":31}},"10":{"start":{"line":13,"column":8},"end":{"line":13,"column":35}},"11":{"start":{"line":14,"column":8},"end":{"line":14,"column":27}},"12":{"start":{"line":15,"column":8},"end":{"line":15,"column":31}},"13":{"start":{"line":16,"column":8},"end":{"line":16,"column":33}},"14":{"start":{"line":18,"column":8},"end":{"line":18,"column":39}},"15":{"start":{"line":19,"column":8},"end":{"line":null,"column":null}},"16":{"start":{"line":31,"column":11},"end":{"line":68,"column":3}},"17":{"start":{"line":39,"column":13},"end":{"line":46,"column":5}},"18":{"start":{"line":40,"column":13},"end":{"line":45,"column":12}},"19":{"start":{"line":54,"column":13},"end":{"line":61,"column":5}},"20":{"start":{"line":55,"column":13},"end":{"line":60,"column":12}},"21":{"start":{"line":63,"column":11},"end":{"line":67,"column":38}},"22":{"start":{"line":64,"column":13},"end":{"line":64,"column":20}},"23":{"start":{"line":76,"column":11},"end":{"line":97,"column":3}},"24":{"start":{"line":84,"column":13},"end":{"line":91,"column":5}},"25":{"start":{"line":85,"column":13},"end":{"line":90,"column":12}},"26":{"start":{"line":93,"column":11},"end":{"line":96,"column":38}},"27":{"start":{"line":94,"column":13},"end":{"line":94,"column":17}},"28":{"start":{"line":105,"column":11},"end":{"line":124,"column":3}},"29":{"start":{"line":113,"column":13},"end":{"line":118,"column":5}},"30":{"start":{"line":114,"column":13},"end":{"line":117,"column":10}},"31":{"start":{"line":120,"column":11},"end":{"line":123,"column":36}},"32":{"start":{"line":121,"column":13},"end":{"line":121,"column":17}},"33":{"start":{"line":132,"column":11},"end":{"line":151,"column":3}},"34":{"start":{"line":140,"column":13},"end":{"line":145,"column":5}},"35":{"start":{"line":141,"column":13},"end":{"line":144,"column":10}},"36":{"start":{"line":147,"column":11},"end":{"line":150,"column":42}},"37":{"start":{"line":148,"column":13},"end":{"line":148,"column":17}},"38":{"start":{"line":159,"column":11},"end":{"line":178,"column":3}},"39":{"start":{"line":167,"column":13},"end":{"line":172,"column":5}},"40":{"start":{"line":168,"column":13},"end":{"line":171,"column":10}},"41":{"start":{"line":174,"column":11},"end":{"line":177,"column":38}},"42":{"start":{"line":175,"column":13},"end":{"line":175,"column":17}},"43":{"start":{"line":186,"column":11},"end":{"line":214,"column":3}},"44":{"start":{"line":194,"column":13},"end":{"line":208,"column":5}},"45":{"start":{"line":195,"column":12},"end":{"line":195,"column":37}},"46":{"start":{"line":196,"column":12},"end":{"line":196,"column":40}},"47":{"start":{"line":197,"column":12},"end":{"line":197,"column":40}},"48":{"start":{"line":199,"column":9},"end":{"line":199,"column":51}},"49":{"start":{"line":200,"column":9},"end":{"line":200,"column":50}},"50":{"start":{"line":202,"column":13},"end":{"line":207,"column":12}},"51":{"start":{"line":210,"column":11},"end":{"line":213,"column":39}},"52":{"start":{"line":211,"column":13},"end":{"line":211,"column":17}},"53":{"start":{"line":222,"column":11},"end":{"line":241,"column":3}},"54":{"start":{"line":230,"column":13},"end":{"line":235,"column":5}},"55":{"start":{"line":231,"column":13},"end":{"line":234,"column":10}},"56":{"start":{"line":237,"column":11},"end":{"line":240,"column":41}},"57":{"start":{"line":238,"column":13},"end":{"line":238,"column":17}},"58":{"start":{"line":249,"column":11},"end":{"line":268,"column":3}},"59":{"start":{"line":257,"column":13},"end":{"line":262,"column":5}},"60":{"start":{"line":258,"column":13},"end":{"line":261,"column":10}},"61":{"start":{"line":264,"column":11},"end":{"line":267,"column":43}},"62":{"start":{"line":265,"column":13},"end":{"line":265,"column":17}},"63":{"start":{"line":276,"column":11},"end":{"line":296,"column":3}},"64":{"start":{"line":283,"column":13},"end":{"line":290,"column":5}},"65":{"start":{"line":284,"column":13},"end":{"line":289,"column":12}},"66":{"start":{"line":292,"column":11},"end":{"line":295,"column":36}},"67":{"start":{"line":293,"column":13},"end":{"line":293,"column":17}},"68":{"start":{"line":298,"column":9},"end":{"line":308,"column":4}}},"branchMap":{"1":{"line":0,"type":"cond-expr","locations":[{"start":{"line":0,"column":0},"end":{"line":0,"column":0},"skip":true},{"start":{"line":0,"column":0},"end":{"line":0,"column":0},"skip":true}]},"2":{"line":0,"type":"binary-expr","locations":[{"start":{"line":0,"column":0},"end":{"line":0,"column":0},"skip":true},{"start":{"line":0,"column":0},"end":{"line":0,"column":0},"skip":true}]},"3":{"line":41,"type":"cond-expr","locations":[{"start":{"line":41,"column":8},"end":{"line":41,"column":25}},{"start":{"line":42,"column":8},"end":{"line":45,"column":11}}]},"4":{"line":56,"type":"cond-expr","locations":[{"start":{"line":56,"column":8},"end":{"line":56,"column":25}},{"start":{"line":57,"column":8},"end":{"line":60,"column":11}}]},"5":{"line":86,"type":"cond-expr","locations":[{"start":{"line":86,"column":8},"end":{"line":86,"column":25}},{"start":{"line":87,"column":8},"end":{"line":90,"column":11}}]},"6":{"line":203,"type":"cond-expr","locations":[{"start":{"line":203,"column":8},"end":{"line":203,"column":25}},{"start":{"line":204,"column":8},"end":{"line":207,"column":11}}]},"7":{"line":202,"type":"binary-expr","locations":[{"start":{"line":202,"column":13},"end":{"line":202,"column":45}},{"start":{"line":202,"column":49},"end":{"line":202,"column":82}}]},"8":{"line":285,"type":"cond-expr","locations":[{"start":{"line":285,"column":8},"end":{"line":285,"column":24}},{"start":{"line":286,"column":8},"end":{"line":289,"column":11}}]}}},"/home/docker/Jenkins/workspace/validation-stack/src/utility/validation/index.js":{"path":"/home/docker/Jenkins/workspace/validation-stack/src/utility/validation/index.js","s":{"1":1,"2":1,"3":1,"4":1,"5":1,"6":1,"7":1,"8":1,"9":1,"10":3,"11":1,"12":1,"13":1},"b":{"1":[2,1],"2":[3,3]},"f":{"1":3},"fnMap":{"1":{"name":"_interopRequireDefault","line":0,"loc":{"start":{"line":0,"column":0},"end":{"line":0,"column":0}},"skip":true}},"statementMap":{"1":{"start":{"line":0,"column":0},"end":{"line":0,"column":0},"skip":true},"2":{"start":{"line":0,"column":0},"end":{"line":0,"column":0},"skip":true},"3":{"start":{"line":0,"column":0},"end":{"line":0,"column":0},"skip":true},"4":{"start":{"line":0,"column":0},"end":{"line":0,"column":0},"skip":true},"5":{"start":{"line":0,"column":0},"end":{"line":0,"column":0},"skip":true},"6":{"start":{"line":0,"column":0},"end":{"line":0,"column":0},"skip":true},"7":{"start":{"line":0,"column":0},"end":{"line":0,"column":0},"skip":true},"8":{"start":{"line":0,"column":0},"end":{"line":0,"column":0},"skip":true},"9":{"start":{"line":0,"column":0},"end":{"line":0,"column":0},"skip":true},"10":{"start":{"line":0,"column":0},"end":{"line":0,"column":0},"skip":true},"11":{"start":{"line":12,"column":2},"end":{"line":null,"column":null}},"12":{"start":{"line":13,"column":2},"end":{"line":null,"column":null}},"13":{"start":{"line":14,"column":2},"end":{"line":null,"column":null}}},"branchMap":{"1":{"line":0,"type":"cond-expr","locations":[{"start":{"line":0,"column":0},"end":{"line":0,"column":0},"skip":true},{"start":{"line":0,"column":0},"end":{"line":0,"column":0},"skip":true}]},"2":{"line":0,"type":"binary-expr","locations":[{"start":{"line":0,"column":0},"end":{"line":0,"column":0},"skip":true},{"start":{"line":0,"column":0},"end":{"line":0,"column":0},"skip":true}]}}},"/home/docker/Jenkins/workspace/validation-stack/src/utility/validation/curryN.js":{"path":"/home/docker/Jenkins/workspace/validation-stack/src/utility/validation/curryN.js","s":{"1":1,"2":1,"3":1,"4":600,"5":900,"6":500,"7":500},"b":{"1":[300,200]},"f":{"1":600,"2":900,"3":500},"fnMap":{"1":{"name":"curryN","line":10,"loc":{"start":{"line":10,"column":15},"end":{"line":10,"column":37}}},"2":{"name":"_curryN","line":11,"loc":{"start":{"line":11,"column":9},"end":{"line":11,"column":30}}},"3":{"name":"(anonymous_3)","line":12,"loc":{"start":{"line":12,"column":11},"end":{"line":12,"column":22}}}},"statementMap":{"1":{"start":{"line":0,"column":0},"end":{"line":0,"column":0},"skip":true},"2":{"start":{"line":10,"column":24},"end":{"line":null,"column":null}},"3":{"start":{"line":10,"column":15},"end":{"line":17,"column":1}},"4":{"start":{"line":11,"column":9},"end":{"line":16,"column":8}},"5":{"start":{"line":12,"column":11},"end":{"line":15,"column":6}},"6":{"start":{"line":13,"column":10},"end":{"line":13,"column":53}},"7":{"start":{"line":14,"column":13},"end":{"line":14,"column":67}}},"branchMap":{"1":{"line":14,"type":"cond-expr","locations":[{"start":{"line":14,"column":31},"end":{"line":14,"column":44}},{"start":{"line":14,"column":47},"end":{"line":14,"column":66}}]}}},"/home/docker/Jenkins/workspace/validation-stack/src/utility/Toolbox.js":{"path":"/home/docker/Jenkins/workspace/validation-stack/src/utility/Toolbox.js","s":{"1":1,"2":1,"3":1,"4":1,"5":1,"6":1,"7":0,"8":0,"9":0,"10":0},"b":{"1":[0,0],"2":[0,0]},"f":{"1":0},"fnMap":{"1":{"name":"matchEnum","line":9,"loc":{"start":{"line":9,"column":7},"end":{"line":9,"column":57}}}},"statementMap":{"1":{"start":{"line":0,"column":0},"end":{"line":0,"column":0},"skip":true},"2":{"start":{"line":9,"column":16},"end":{"line":null,"column":null}},"3":{"start":{"line":0,"column":0},"end":{"line":0,"column":0},"skip":true},"4":{"start":{"line":6,"column":0},"end":{"line":null,"column":null}},"5":{"start":{"line":6,"column":37},"end":{"line":7,"column":37}},"6":{"start":{"line":9,"column":7},"end":{"line":17,"column":1}},"7":{"start":{"line":11,"column":7},"end":{"line":15,"column":3}},"8":{"start":{"line":12,"column":8},"end":{"line":14,"column":5}},"9":{"start":{"line":13,"column":13},"end":{"line":13,"column":28}},"10":{"start":{"line":16,"column":9},"end":{"line":16,"column":34}}},"branchMap":{"1":{"line":12,"type":"if","locations":[{"start":{"line":12,"column":8},"end":{"line":12,"column":8}},{"start":{"line":12,"column":8},"end":{"line":12,"column":8}}]},"2":{"line":12,"type":"binary-expr","locations":[{"start":{"line":12,"column":8},"end":{"line":12,"column":33}},{"start":{"line":12,"column":37},"end":{"line":12,"column":59}}]}}}}